#
# There is insufficient memory for the Java Runtime Environment to continue.
# Native memory allocation (malloc) failed to allocate 1577456 bytes for Chunk::new
# Possible reasons:
#   The system is out of physical RAM or swap space
#   The process is running with CompressedOops enabled, and the Java Heap may be blocking the growth of the native heap
# Possible solutions:
#   Reduce memory load on the system
#   Increase physical memory or swap space
#   Check if swap backing store is full
#   Decrease Java heap size (-Xmx/-Xms)
#   Decrease number of Java threads
#   Decrease Java thread stack sizes (-Xss)
#   Set larger code cache with -XX:ReservedCodeCacheSize=
#   JVM is running with Unscaled Compressed Oops mode in which the Java heap is
#     placed in the first 4GB address space. The Java Heap base address is the
#     maximum limit for the native heap growth. Please use -XX:HeapBaseMinAddress
#     to set the Java Heap base and to place the Java Heap above 4GB virtual address.
# This output file may be truncated or incomplete.
#
#  Out of Memory Error (arena.cpp:168), pid=8148, tid=10840
#
# JRE version: Java(TM) SE Runtime Environment (21.0.4+8) (build 21.0.4+8-LTS-274)
# Java VM: Java HotSpot(TM) 64-Bit Server VM (21.0.4+8-LTS-274, mixed mode, sharing, tiered, compressed oops, compressed class ptrs, g1 gc, windows-amd64)
# No core dump will be written. Minidumps are not enabled by default on client versions of Windows
#

---------------  S U M M A R Y ------------

Command Line: -Dcom.sun.management.jmxremote -Dcom.sun.management.jmxremote.port=51007 -Dcom.sun.management.jmxremote.authenticate=false -Dcom.sun.management.jmxremote.ssl=false -Dspring.jmx.enabled=true -Djava.rmi.server.hostname=localhost -Dspring.application.admin.enabled=true -Dspring.boot.project.name=backend -XX:+ShowCodeDetailsInExceptionMessages com.example.backend.BackendApplication

Host: Intel(R) Core(TM) i5-7200U CPU @ 2.50GHz, 4 cores, 7G,  Windows 10 , 64 bit Build 19041 (10.0.19041.5915)
Time: Mon Sep 22 23:37:25 2025 Central Europe Daylight Time elapsed time: 524.472588 seconds (0d 0h 8m 44s)

---------------  T H R E A D  ---------------

Current thread (0x0000018c31682260):  JavaThread "C2 CompilerThread0" daemon [_thread_in_native, id=10840, stack(0x0000000101300000,0x0000000101400000) (1024K)]


Current CompileTask:
C2: 524473 11340   !   4       jdk.internal.loader.BuiltinClassLoader::loadClassOrNull (143 bytes)

Stack: [0x0000000101300000,0x0000000101400000]
Native frames: (J=compiled Java code, j=interpreted, Vv=VM code, C=native code)
V  [jvm.dll+0x6c8e59]
V  [jvm.dll+0x853181]
V  [jvm.dll+0x8556ae]
V  [jvm.dll+0x855d83]
V  [jvm.dll+0x27d526]
V  [jvm.dll+0xc4aad]
V  [jvm.dll+0xc4fe3]
V  [jvm.dll+0x3b3fd2]
V  [jvm.dll+0x3809a5]
V  [jvm.dll+0x37fe1a]
V  [jvm.dll+0x246280]
V  [jvm.dll+0x24585f]
V  [jvm.dll+0x1c69de]
V  [jvm.dll+0x254d49]
V  [jvm.dll+0x2532da]
V  [jvm.dll+0x3ed426]
V  [jvm.dll+0x7fd65b]
V  [jvm.dll+0x6c753d]
C  [ucrtbase.dll+0x21bb2]
C  [KERNEL32.DLL+0x17374]
C  [ntdll.dll+0x4cc91]


---------------  P R O C E S S  ---------------

Threads class SMR info:
_java_thread_list=0x0000018c79885270, length=31, elements={
0x0000018c31677150, 0x0000018c31677e30, 0x0000018c3167ddd0, 0x0000018c31680450,
0x0000018c31680d40, 0x0000018c31681710, 0x0000018c31682260, 0x0000018c316925b0,
0x0000018c318ba760, 0x0000018c31914820, 0x0000018c7728d570, 0x0000018c7728dc00,
0x0000018c7728c850, 0x0000018c7728f640, 0x0000018c7728e920, 0x0000018c7728fcd0,
0x0000018c7728cee0, 0x0000018c794c0c80, 0x0000018c794c6ef0, 0x0000018c794c4100,
0x0000018c794c82a0, 0x0000018c794c7580, 0x0000018c794c7c10, 0x0000018c794c2d50,
0x0000018c794c4e20, 0x0000018c794c33e0, 0x0000018c794c2030, 0x0000018c794c19a0,
0x0000018c794c1310, 0x0000018c794c3a70, 0x0000018c79337460
}

Java Threads: ( => current thread )
  0x0000018c31677150 JavaThread "Reference Handler"          daemon [_thread_blocked, id=14296, stack(0x0000000100d00000,0x0000000100e00000) (1024K)]
  0x0000018c31677e30 JavaThread "Finalizer"                  daemon [_thread_blocked, id=10844, stack(0x0000000100e00000,0x0000000100f00000) (1024K)]
  0x0000018c3167ddd0 JavaThread "Signal Dispatcher"          daemon [_thread_blocked, id=18540, stack(0x0000000100f00000,0x0000000101000000) (1024K)]
  0x0000018c31680450 JavaThread "Attach Listener"            daemon [_thread_blocked, id=21176, stack(0x0000000101000000,0x0000000101100000) (1024K)]
  0x0000018c31680d40 JavaThread "Service Thread"             daemon [_thread_blocked, id=10056, stack(0x0000000101100000,0x0000000101200000) (1024K)]
  0x0000018c31681710 JavaThread "Monitor Deflation Thread"   daemon [_thread_blocked, id=18728, stack(0x0000000101200000,0x0000000101300000) (1024K)]
=>0x0000018c31682260 JavaThread "C2 CompilerThread0"         daemon [_thread_in_native, id=10840, stack(0x0000000101300000,0x0000000101400000) (1024K)]
  0x0000018c316925b0 JavaThread "C1 CompilerThread0"         daemon [_thread_blocked, id=14348, stack(0x0000000101400000,0x0000000101500000) (1024K)]
  0x0000018c318ba760 JavaThread "Common-Cleaner"             daemon [_thread_blocked, id=22124, stack(0x0000000101500000,0x0000000101600000) (1024K)]
  0x0000018c31914820 JavaThread "Notification Thread"        daemon [_thread_blocked, id=21564, stack(0x0000000101600000,0x0000000101700000) (1024K)]
  0x0000018c7728d570 JavaThread "RMI TCP Accept-0"           daemon [_thread_in_native, id=12500, stack(0x0000000101900000,0x0000000101a00000) (1024K)]
  0x0000018c7728dc00 JavaThread "RMI TCP Accept-51007"       daemon [_thread_in_native, id=20428, stack(0x0000000101a00000,0x0000000101b00000) (1024K)]
  0x0000018c7728c850 JavaThread "RMI TCP Accept-0"           daemon [_thread_in_native, id=18880, stack(0x0000000101b00000,0x0000000101c00000) (1024K)]
  0x0000018c7728f640 JavaThread "Catalina-utility-1"                [_thread_blocked, id=8304, stack(0x0000000101f00000,0x0000000102000000) (1024K)]
  0x0000018c7728e920 JavaThread "Catalina-utility-2"                [_thread_blocked, id=12300, stack(0x0000000102000000,0x0000000102100000) (1024K)]
  0x0000018c7728fcd0 JavaThread "container-0"                       [_thread_blocked, id=10032, stack(0x0000000102100000,0x0000000102200000) (1024K)]
  0x0000018c7728cee0 JavaThread "mysql-cj-abandoned-connection-cleanup" daemon [_thread_blocked, id=3200, stack(0x0000000102200000,0x0000000102300000) (1024K)]
  0x0000018c794c0c80 JavaThread "http-nio-8080-exec-1"       daemon [_thread_blocked, id=14320, stack(0x0000000102300000,0x0000000102400000) (1024K)]
  0x0000018c794c6ef0 JavaThread "http-nio-8080-exec-2"       daemon [_thread_blocked, id=4452, stack(0x0000000102400000,0x0000000102500000) (1024K)]
  0x0000018c794c4100 JavaThread "http-nio-8080-exec-3"       daemon [_thread_blocked, id=12816, stack(0x0000000102500000,0x0000000102600000) (1024K)]
  0x0000018c794c82a0 JavaThread "http-nio-8080-exec-4"       daemon [_thread_blocked, id=18316, stack(0x0000000102600000,0x0000000102700000) (1024K)]
  0x0000018c794c7580 JavaThread "http-nio-8080-exec-5"       daemon [_thread_blocked, id=21828, stack(0x0000000102700000,0x0000000102800000) (1024K)]
  0x0000018c794c7c10 JavaThread "http-nio-8080-exec-6"       daemon [_thread_blocked, id=20148, stack(0x0000000102800000,0x0000000102900000) (1024K)]
  0x0000018c794c2d50 JavaThread "http-nio-8080-exec-7"       daemon [_thread_blocked, id=21636, stack(0x0000000102900000,0x0000000102a00000) (1024K)]
  0x0000018c794c4e20 JavaThread "http-nio-8080-exec-8"       daemon [_thread_blocked, id=8556, stack(0x0000000102a00000,0x0000000102b00000) (1024K)]
  0x0000018c794c33e0 JavaThread "http-nio-8080-exec-9"       daemon [_thread_blocked, id=14584, stack(0x0000000102b00000,0x0000000102c00000) (1024K)]
  0x0000018c794c2030 JavaThread "http-nio-8080-exec-10"      daemon [_thread_blocked, id=1140, stack(0x0000000102c00000,0x0000000102d00000) (1024K)]
  0x0000018c794c19a0 JavaThread "http-nio-8080-Poller"       daemon [_thread_in_native, id=18264, stack(0x0000000102d00000,0x0000000102e00000) (1024K)]
  0x0000018c794c1310 JavaThread "http-nio-8080-Acceptor"     daemon [_thread_in_native, id=11924, stack(0x0000000102e00000,0x0000000102f00000) (1024K)]
  0x0000018c794c3a70 JavaThread "DestroyJavaVM"                     [_thread_blocked, id=1968, stack(0x0000000100500000,0x0000000100600000) (1024K)]
  0x0000018c79337460 JavaThread "C2 CompilerThread1"         daemon [_thread_blocked, id=18356, stack(0x0000000100100000,0x0000000100200000) (1024K)]
Total: 31

Other Threads:
  0x0000018c316548e0 VMThread "VM Thread"                           [id=18784, stack(0x0000000100c00000,0x0000000100d00000) (1024K)]
  0x0000018c3163a7b0 WatcherThread "VM Periodic Task Thread"        [id=20464, stack(0x0000000100b00000,0x0000000100c00000) (1024K)]
  0x0000018c1370aa20 WorkerThread "GC Thread#0"                     [id=13384, stack(0x0000000100600000,0x0000000100700000) (1024K)]
  0x0000018c31655760 WorkerThread "GC Thread#1"                     [id=5928, stack(0x0000000101c00000,0x0000000101d00000) (1024K)]
  0x0000018c31655020 WorkerThread "GC Thread#2"                     [id=9484, stack(0x0000000101d00000,0x0000000101e00000) (1024K)]
  0x0000018c31655b00 WorkerThread "GC Thread#3"                     [id=16168, stack(0x0000000101e00000,0x0000000101f00000) (1024K)]
  0x0000018c1371b4b0 ConcurrentGCThread "G1 Main Marker"            [id=21080, stack(0x0000000100700000,0x0000000100800000) (1024K)]
  0x0000018c1371c750 WorkerThread "G1 Conc#0"                       [id=17892, stack(0x0000000100800000,0x0000000100900000) (1024K)]
  0x0000018c3150a500 ConcurrentGCThread "G1 Refine#0"               [id=22356, stack(0x0000000100900000,0x0000000100a00000) (1024K)]
  0x0000018c3150de30 ConcurrentGCThread "G1 Service"                [id=20996, stack(0x0000000100a00000,0x0000000100b00000) (1024K)]
Total: 10

Threads with active compile tasks:
C2 CompilerThread0   524585 11340   !   4       jdk.internal.loader.BuiltinClassLoader::loadClassOrNull (143 bytes)
Total: 1

VM state: not at safepoint (normal execution)

VM Mutex/Monitor currently owned by a thread: None

Heap address: 0x0000000083800000, size: 1992 MB, Compressed Oops mode: 32-bit

CDS archive(s) mapped at: [0x0000018c32000000-0x0000018c32c90000-0x0000018c32c90000), size 13172736, SharedBaseAddress: 0x0000018c32000000, ArchiveRelocationMode: 1.
Compressed class space mapped at: 0x0000018c33000000-0x0000018c73000000, reserved size: 1073741824
Narrow klass base: 0x0000018c32000000, Narrow klass shift: 0, Narrow klass range: 0x100000000

GC Precious Log:
 CardTable entry size: 512
 Card Set container configuration: InlinePtr #cards 5 size 8 Array Of Cards #cards 12 size 40 Howl #buckets 4 coarsen threshold 1843 Howl Bitmap #cards 512 size 80 coarsen threshold 460 Card regions per heap region 1 cards per card region 2048
 CPUs: 4 total, 4 available
 Memory: 7965M
 Large Page Support: Disabled
 NUMA Support: Disabled
 Compressed Oops: Enabled (32-bit)
 Heap Region Size: 1M
 Heap Min Capacity: 8M
 Heap Initial Capacity: 126M
 Heap Max Capacity: 1992M
 Pre-touch: Disabled
 Parallel Workers: 4
 Concurrent Workers: 1
 Concurrent Refinement Workers: 4
 Periodic GC: Disabled

Heap:
 garbage-first heap   total 54272K, used 37852K [0x0000000083800000, 0x0000000100000000)
  region size 1024K, 15 young (15360K), 3 survivors (3072K)
 Metaspace       used 46763K, committed 47360K, reserved 1114112K
  class space    used 5283K, committed 5568K, reserved 1048576K

Heap Regions: E=young(eden), S=young(survivor), O=old, HS=humongous(starts), HC=humongous(continues), CS=collection set, F=free, TAMS=top-at-mark-start, PB=parsable bottom
|   0|0x0000000083800000, 0x0000000083900000, 0x0000000083900000|100%| O|  |TAMS 0x0000000083800000| PB 0x0000000083800000| Untracked 
|   1|0x0000000083900000, 0x0000000083a00000, 0x0000000083a00000|100%| O|  |TAMS 0x0000000083900000| PB 0x0000000083900000| Untracked 
|   2|0x0000000083a00000, 0x0000000083b00000, 0x0000000083b00000|100%| O|  |TAMS 0x0000000083a00000| PB 0x0000000083a00000| Untracked 
|   3|0x0000000083b00000, 0x0000000083c00000, 0x0000000083c00000|100%| O|  |TAMS 0x0000000083b00000| PB 0x0000000083b00000| Untracked 
|   4|0x0000000083c00000, 0x0000000083d00000, 0x0000000083d00000|100%| O|  |TAMS 0x0000000083c00000| PB 0x0000000083c00000| Untracked 
|   5|0x0000000083d00000, 0x0000000083e00000, 0x0000000083e00000|100%| O|  |TAMS 0x0000000083d00000| PB 0x0000000083d00000| Untracked 
|   6|0x0000000083e00000, 0x0000000083f00000, 0x0000000083f00000|100%| O|  |TAMS 0x0000000083e00000| PB 0x0000000083e00000| Untracked 
|   7|0x0000000083f00000, 0x0000000084000000, 0x0000000084000000|100%| O|  |TAMS 0x0000000083f00000| PB 0x0000000083f00000| Untracked 
|   8|0x0000000084000000, 0x0000000084100000, 0x0000000084100000|100%| O|  |TAMS 0x0000000084000000| PB 0x0000000084000000| Untracked 
|   9|0x0000000084100000, 0x0000000084200000, 0x0000000084200000|100%| O|  |TAMS 0x0000000084100000| PB 0x0000000084100000| Untracked 
|  10|0x0000000084200000, 0x0000000084300000, 0x0000000084300000|100%| O|  |TAMS 0x0000000084200000| PB 0x0000000084200000| Untracked 
|  11|0x0000000084300000, 0x0000000084400000, 0x0000000084400000|100%| O|  |TAMS 0x0000000084300000| PB 0x0000000084300000| Untracked 
|  12|0x0000000084400000, 0x0000000084500000, 0x0000000084500000|100%| O|  |TAMS 0x0000000084400000| PB 0x0000000084400000| Untracked 
|  13|0x0000000084500000, 0x0000000084600000, 0x0000000084600000|100%| O|  |TAMS 0x0000000084500000| PB 0x0000000084500000| Untracked 
|  14|0x0000000084600000, 0x0000000084700000, 0x0000000084700000|100%| O|  |TAMS 0x0000000084600000| PB 0x0000000084600000| Untracked 
|  15|0x0000000084700000, 0x0000000084800000, 0x0000000084800000|100%| O|  |TAMS 0x0000000084700000| PB 0x0000000084700000| Untracked 
|  16|0x0000000084800000, 0x0000000084900000, 0x0000000084900000|100%| O|  |TAMS 0x0000000084800000| PB 0x0000000084800000| Untracked 
|  17|0x0000000084900000, 0x0000000084a00000, 0x0000000084a00000|100%| O|  |TAMS 0x0000000084900000| PB 0x0000000084900000| Untracked 
|  18|0x0000000084a00000, 0x0000000084b00000, 0x0000000084b00000|100%| O|  |TAMS 0x0000000084a00000| PB 0x0000000084a00000| Untracked 
|  19|0x0000000084b00000, 0x0000000084c00000, 0x0000000084c00000|100%| O|  |TAMS 0x0000000084b00000| PB 0x0000000084b00000| Untracked 
|  20|0x0000000084c00000, 0x0000000084d00000, 0x0000000084d00000|100%| O|  |TAMS 0x0000000084c00000| PB 0x0000000084c00000| Untracked 
|  21|0x0000000084d00000, 0x0000000084e00000, 0x0000000084e00000|100%| O|  |TAMS 0x0000000084d00000| PB 0x0000000084d00000| Untracked 
|  22|0x0000000084e00000, 0x0000000084f00000, 0x0000000084f00000|100%| O|  |TAMS 0x0000000084e00000| PB 0x0000000084e00000| Untracked 
|  23|0x0000000084f00000, 0x0000000084fcbb58, 0x0000000085000000| 79%| O|  |TAMS 0x0000000084f00000| PB 0x0000000084f00000| Untracked 
|  24|0x0000000085000000, 0x0000000085000000, 0x0000000085100000|  0%| F|  |TAMS 0x0000000085000000| PB 0x0000000085000000| Untracked 
|  25|0x0000000085100000, 0x0000000085100000, 0x0000000085200000|  0%| F|  |TAMS 0x0000000085100000| PB 0x0000000085100000| Untracked 
|  26|0x0000000085200000, 0x0000000085200000, 0x0000000085300000|  0%| F|  |TAMS 0x0000000085200000| PB 0x0000000085200000| Untracked 
|  27|0x0000000085300000, 0x000000008532b7c0, 0x0000000085400000| 16%| S|CS|TAMS 0x0000000085300000| PB 0x0000000085300000| Complete 
|  28|0x0000000085400000, 0x0000000085500000, 0x0000000085500000|100%| S|CS|TAMS 0x0000000085400000| PB 0x0000000085400000| Complete 
|  29|0x0000000085500000, 0x0000000085600000, 0x0000000085600000|100%| S|CS|TAMS 0x0000000085500000| PB 0x0000000085500000| Complete 
|  30|0x0000000085600000, 0x0000000085600000, 0x0000000085700000|  0%| F|  |TAMS 0x0000000085600000| PB 0x0000000085600000| Untracked 
|  31|0x0000000085700000, 0x0000000085700000, 0x0000000085800000|  0%| F|  |TAMS 0x0000000085700000| PB 0x0000000085700000| Untracked 
|  32|0x0000000085800000, 0x0000000085800000, 0x0000000085900000|  0%| F|  |TAMS 0x0000000085800000| PB 0x0000000085800000| Untracked 
|  33|0x0000000085900000, 0x0000000085900000, 0x0000000085a00000|  0%| F|  |TAMS 0x0000000085900000| PB 0x0000000085900000| Untracked 
|  34|0x0000000085a00000, 0x0000000085a00000, 0x0000000085b00000|  0%| F|  |TAMS 0x0000000085a00000| PB 0x0000000085a00000| Untracked 
|  35|0x0000000085b00000, 0x0000000085b00000, 0x0000000085c00000|  0%| F|  |TAMS 0x0000000085b00000| PB 0x0000000085b00000| Untracked 
|  36|0x0000000085c00000, 0x0000000085c00000, 0x0000000085d00000|  0%| F|  |TAMS 0x0000000085c00000| PB 0x0000000085c00000| Untracked 
|  37|0x0000000085d00000, 0x0000000085d00000, 0x0000000085e00000|  0%| F|  |TAMS 0x0000000085d00000| PB 0x0000000085d00000| Untracked 
|  38|0x0000000085e00000, 0x0000000085e00000, 0x0000000085f00000|  0%| F|  |TAMS 0x0000000085e00000| PB 0x0000000085e00000| Untracked 
|  39|0x0000000085f00000, 0x0000000085f00000, 0x0000000086000000|  0%| F|  |TAMS 0x0000000085f00000| PB 0x0000000085f00000| Untracked 
|  40|0x0000000086000000, 0x0000000086000000, 0x0000000086100000|  0%| F|  |TAMS 0x0000000086000000| PB 0x0000000086000000| Untracked 
|  41|0x0000000086100000, 0x0000000086200000, 0x0000000086200000|100%| E|  |TAMS 0x0000000086100000| PB 0x0000000086100000| Complete 
|  42|0x0000000086200000, 0x0000000086300000, 0x0000000086300000|100%| E|CS|TAMS 0x0000000086200000| PB 0x0000000086200000| Complete 
|  43|0x0000000086300000, 0x0000000086400000, 0x0000000086400000|100%| E|CS|TAMS 0x0000000086300000| PB 0x0000000086300000| Complete 
|  44|0x0000000086400000, 0x0000000086500000, 0x0000000086500000|100%| E|CS|TAMS 0x0000000086400000| PB 0x0000000086400000| Complete 
|  72|0x0000000088000000, 0x0000000088100000, 0x0000000088100000|100%| E|CS|TAMS 0x0000000088000000| PB 0x0000000088000000| Complete 
|  73|0x0000000088100000, 0x0000000088200000, 0x0000000088200000|100%| E|CS|TAMS 0x0000000088100000| PB 0x0000000088100000| Complete 
|  74|0x0000000088200000, 0x0000000088300000, 0x0000000088300000|100%| E|CS|TAMS 0x0000000088200000| PB 0x0000000088200000| Complete 
|  75|0x0000000088300000, 0x0000000088400000, 0x0000000088400000|100%| E|CS|TAMS 0x0000000088300000| PB 0x0000000088300000| Complete 
|  76|0x0000000088400000, 0x0000000088500000, 0x0000000088500000|100%| E|CS|TAMS 0x0000000088400000| PB 0x0000000088400000| Complete 
|  77|0x0000000088500000, 0x0000000088600000, 0x0000000088600000|100%| E|CS|TAMS 0x0000000088500000| PB 0x0000000088500000| Complete 
| 124|0x000000008b400000, 0x000000008b500000, 0x000000008b500000|100%| E|CS|TAMS 0x000000008b400000| PB 0x000000008b400000| Complete 
| 125|0x000000008b500000, 0x000000008b600000, 0x000000008b600000|100%| E|CS|TAMS 0x000000008b500000| PB 0x000000008b500000| Complete 

Card table byte_map: [0x0000018c2cd40000,0x0000018c2d130000] _byte_map_base: 0x0000018c2c924000

Marking Bits: (CMBitMap*) 0x0000018c1370b120
 Bits: [0x0000018c2d130000, 0x0000018c2f050000)

Polling page: 0x0000018c13780000

Metaspace:

Usage:
  Non-class:     40.51 MB used.
      Class:      5.16 MB used.
       Both:     45.67 MB used.

Virtual space:
  Non-class space:       64.00 MB reserved,      40.81 MB ( 64%) committed,  1 nodes.
      Class space:        1.00 GB reserved,       5.44 MB ( <1%) committed,  1 nodes.
             Both:        1.06 GB reserved,      46.25 MB (  4%) committed. 

Chunk freelists:
   Non-Class:  6.34 MB
       Class:  10.41 MB
        Both:  16.75 MB

MaxMetaspaceSize: unlimited
CompressedClassSpaceSize: 1.00 GB
Initial GC threshold: 21.00 MB
Current GC threshold: 76.81 MB
CDS: on
 - commit_granule_bytes: 65536.
 - commit_granule_words: 8192.
 - virtual_space_node_default_size: 8388608.
 - enlarge_chunks_in_place: 1.
 - use_allocation_guard: 0.


Internal statistics:

num_allocs_failed_limit: 9.
num_arena_births: 804.
num_arena_deaths: 0.
num_vsnodes_births: 2.
num_vsnodes_deaths: 0.
num_space_committed: 740.
num_space_uncommitted: 0.
num_chunks_returned_to_freelist: 9.
num_chunks_taken_from_freelist: 2246.
num_chunk_merges: 6.
num_chunk_splits: 1555.
num_chunks_enlarged: 1119.
num_inconsistent_stats: 0.

CodeHeap 'non-profiled nmethods': size=120000Kb used=9948Kb max_used=9948Kb free=110052Kb
 bounds [0x0000018c24e00000, 0x0000018c257c0000, 0x0000018c2c330000]
CodeHeap 'profiled nmethods': size=120000Kb used=6939Kb max_used=15382Kb free=113060Kb
 bounds [0x0000018c1d330000, 0x0000018c1e2b0000, 0x0000018c24860000]
CodeHeap 'non-nmethods': size=5760Kb used=1619Kb max_used=1780Kb free=4141Kb
 bounds [0x0000018c24860000, 0x0000018c24ad0000, 0x0000018c24e00000]
 total_blobs=4401 nmethods=3736 adapters=568
 compilation: enabled
              stopped_count=0, restarted_count=0
 full_count=0

Compilation events (20 events):
Event: 524.267 Thread 0x0000018c316925b0 nmethod 11376 0x0000018c1d9b8390 code [0x0000018c1d9b8540, 0x0000018c1d9b87e8]
Event: 524.267 Thread 0x0000018c316925b0 11377       3       java.security.SecureClassLoader$CodeSourceKey::hashCode (21 bytes)
Event: 524.267 Thread 0x0000018c316925b0 nmethod 11377 0x0000018c1d8db090 code [0x0000018c1d8db240, 0x0000018c1d8db418]
Event: 524.267 Thread 0x0000018c316925b0 11379       2       jdk.internal.jimage.ImageStringsReader::stringFromByteBufferMatches (138 bytes)
Event: 524.269 Thread 0x0000018c316925b0 nmethod 11379 0x0000018c1d5f6f90 code [0x0000018c1d5f71a0, 0x0000018c1d5f7880]
Event: 524.269 Thread 0x0000018c316925b0 11378       3       java.lang.ClassLoader::defineClass (43 bytes)
Event: 524.269 Thread 0x0000018c316925b0 nmethod 11378 0x0000018c1d5a7110 code [0x0000018c1d5a7320, 0x0000018c1d5a7838]
Event: 524.269 Thread 0x0000018c316925b0 11380       1       java.net.URLStreamHandler::getDefaultPort (2 bytes)
Event: 524.269 Thread 0x0000018c316925b0 nmethod 11380 0x0000018c257b1010 code [0x0000018c257b11a0, 0x0000018c257b1268]
Event: 524.272 Thread 0x0000018c79337460 nmethod 11355 0x0000018c257b1310 code [0x0000018c257b14e0, 0x0000018c257b1ad0]
Event: 524.272 Thread 0x0000018c79337460 11371       4       java.nio.Buffer::checkIndex (12 bytes)
Event: 524.273 Thread 0x0000018c79337460 nmethod 11371 0x0000018c257b1f90 code [0x0000018c257b2120, 0x0000018c257b21f0]
Event: 524.273 Thread 0x0000018c79337460 11373  s    4       jdk.internal.loader.Resource::cachedInputStream (20 bytes)
Event: 524.352 Thread 0x0000018c316925b0 11382       3       com.mysql.cj.protocol.a.NativeProtocol::checkErrorMessage (380 bytes)
Event: 524.356 Thread 0x0000018c316925b0 nmethod 11382 0x0000018c1d49f910 code [0x0000018c1d49fea0, 0x0000018c1d4a2a00]
Event: 524.361 Thread 0x0000018c79337460 nmethod 11373 0x0000018c257b2290 code [0x0000018c257b2680, 0x0000018c257b5498]
Event: 524.361 Thread 0x0000018c79337460 11381       4       com.mysql.cj.jdbc.StatementImpl::getTimeoutInMillis (10 bytes)
Event: 524.362 Thread 0x0000018c79337460 nmethod 11381 0x0000018c257b6990 code [0x0000018c257b6b20, 0x0000018c257b6be8]
Event: 524.362 Thread 0x0000018c79337460 11342   !   4       jdk.internal.misc.ScopedMemoryAccess::getByteInternal (34 bytes)
Event: 524.363 Thread 0x0000018c79337460 nmethod 11342 0x0000018c257b6c90 code [0x0000018c257b6e20, 0x0000018c257b6ef8]

GC Heap History (20 events):
Event: 519.133 GC heap before
{Heap before GC invocations=215 (full 0):
 garbage-first heap   total 54272K, used 44592K [0x0000000083800000, 0x0000000100000000)
  region size 1024K, 22 young (22528K), 3 survivors (3072K)
 Metaspace       used 46623K, committed 47232K, reserved 1114112K
  class space    used 5264K, committed 5568K, reserved 1048576K
}
Event: 519.134 GC heap after
{Heap after GC invocations=216 (full 0):
 garbage-first heap   total 54272K, used 25873K [0x0000000083800000, 0x0000000100000000)
  region size 1024K, 2 young (2048K), 2 survivors (2048K)
 Metaspace       used 46623K, committed 47232K, reserved 1114112K
  class space    used 5264K, committed 5568K, reserved 1048576K
}
Event: 519.838 GC heap before
{Heap before GC invocations=216 (full 0):
 garbage-first heap   total 54272K, used 46353K [0x0000000083800000, 0x0000000100000000)
  region size 1024K, 23 young (23552K), 2 survivors (2048K)
 Metaspace       used 46623K, committed 47232K, reserved 1114112K
  class space    used 5264K, committed 5568K, reserved 1048576K
}
Event: 519.839 GC heap after
{Heap after GC invocations=217 (full 0):
 garbage-first heap   total 54272K, used 26090K [0x0000000083800000, 0x0000000100000000)
  region size 1024K, 2 young (2048K), 2 survivors (2048K)
 Metaspace       used 46623K, committed 47232K, reserved 1114112K
  class space    used 5264K, committed 5568K, reserved 1048576K
}
Event: 520.718 GC heap before
{Heap before GC invocations=217 (full 0):
 garbage-first heap   total 54272K, used 46570K [0x0000000083800000, 0x0000000100000000)
  region size 1024K, 23 young (23552K), 2 survivors (2048K)
 Metaspace       used 46623K, committed 47232K, reserved 1114112K
  class space    used 5264K, committed 5568K, reserved 1048576K
}
Event: 520.719 GC heap after
{Heap after GC invocations=218 (full 0):
 garbage-first heap   total 54272K, used 26208K [0x0000000083800000, 0x0000000100000000)
  region size 1024K, 3 young (3072K), 3 survivors (3072K)
 Metaspace       used 46623K, committed 47232K, reserved 1114112K
  class space    used 5264K, committed 5568K, reserved 1048576K
}
Event: 521.101 GC heap before
{Heap before GC invocations=218 (full 0):
 garbage-first heap   total 54272K, used 45664K [0x0000000083800000, 0x0000000100000000)
  region size 1024K, 22 young (22528K), 3 survivors (3072K)
 Metaspace       used 46623K, committed 47232K, reserved 1114112K
  class space    used 5264K, committed 5568K, reserved 1048576K
}
Event: 521.103 GC heap after
{Heap after GC invocations=219 (full 0):
 garbage-first heap   total 54272K, used 26144K [0x0000000083800000, 0x0000000100000000)
  region size 1024K, 3 young (3072K), 3 survivors (3072K)
 Metaspace       used 46623K, committed 47232K, reserved 1114112K
  class space    used 5264K, committed 5568K, reserved 1048576K
}
Event: 521.378 GC heap before
{Heap before GC invocations=219 (full 0):
 garbage-first heap   total 54272K, used 44576K [0x0000000083800000, 0x0000000100000000)
  region size 1024K, 22 young (22528K), 3 survivors (3072K)
 Metaspace       used 46623K, committed 47232K, reserved 1114112K
  class space    used 5264K, committed 5568K, reserved 1048576K
}
Event: 521.380 GC heap after
{Heap after GC invocations=220 (full 0):
 garbage-first heap   total 54272K, used 26141K [0x0000000083800000, 0x0000000100000000)
  region size 1024K, 2 young (2048K), 2 survivors (2048K)
 Metaspace       used 46623K, committed 47232K, reserved 1114112K
  class space    used 5264K, committed 5568K, reserved 1048576K
}
Event: 522.164 GC heap before
{Heap before GC invocations=220 (full 0):
 garbage-first heap   total 54272K, used 46621K [0x0000000083800000, 0x0000000100000000)
  region size 1024K, 23 young (23552K), 2 survivors (2048K)
 Metaspace       used 46623K, committed 47232K, reserved 1114112K
  class space    used 5264K, committed 5568K, reserved 1048576K
}
Event: 522.165 GC heap after
{Heap after GC invocations=221 (full 0):
 garbage-first heap   total 54272K, used 26426K [0x0000000083800000, 0x0000000100000000)
  region size 1024K, 3 young (3072K), 3 survivors (3072K)
 Metaspace       used 46623K, committed 47232K, reserved 1114112K
  class space    used 5264K, committed 5568K, reserved 1048576K
}
Event: 522.836 GC heap before
{Heap before GC invocations=221 (full 0):
 garbage-first heap   total 54272K, used 44858K [0x0000000083800000, 0x0000000100000000)
  region size 1024K, 22 young (22528K), 3 survivors (3072K)
 Metaspace       used 46623K, committed 47232K, reserved 1114112K
  class space    used 5264K, committed 5568K, reserved 1048576K
}
Event: 522.838 GC heap after
{Heap after GC invocations=222 (full 0):
 garbage-first heap   total 54272K, used 26196K [0x0000000083800000, 0x0000000100000000)
  region size 1024K, 2 young (2048K), 2 survivors (2048K)
 Metaspace       used 46623K, committed 47232K, reserved 1114112K
  class space    used 5264K, committed 5568K, reserved 1048576K
}
Event: 523.287 GC heap before
{Heap before GC invocations=222 (full 0):
 garbage-first heap   total 54272K, used 46676K [0x0000000083800000, 0x0000000100000000)
  region size 1024K, 23 young (23552K), 2 survivors (2048K)
 Metaspace       used 46623K, committed 47232K, reserved 1114112K
  class space    used 5264K, committed 5568K, reserved 1048576K
}
Event: 523.289 GC heap after
{Heap after GC invocations=223 (full 0):
 garbage-first heap   total 54272K, used 26585K [0x0000000083800000, 0x0000000100000000)
  region size 1024K, 3 young (3072K), 3 survivors (3072K)
 Metaspace       used 46623K, committed 47232K, reserved 1114112K
  class space    used 5264K, committed 5568K, reserved 1048576K
}
Event: 523.821 GC heap before
{Heap before GC invocations=223 (full 0):
 garbage-first heap   total 54272K, used 45017K [0x0000000083800000, 0x0000000100000000)
  region size 1024K, 22 young (22528K), 3 survivors (3072K)
 Metaspace       used 46623K, committed 47232K, reserved 1114112K
  class space    used 5264K, committed 5568K, reserved 1048576K
}
Event: 523.823 GC heap after
{Heap after GC invocations=224 (full 0):
 garbage-first heap   total 54272K, used 26384K [0x0000000083800000, 0x0000000100000000)
  region size 1024K, 2 young (2048K), 2 survivors (2048K)
 Metaspace       used 46623K, committed 47232K, reserved 1114112K
  class space    used 5264K, committed 5568K, reserved 1048576K
}
Event: 524.171 GC heap before
{Heap before GC invocations=224 (full 0):
 garbage-first heap   total 54272K, used 46864K [0x0000000083800000, 0x0000000100000000)
  region size 1024K, 23 young (23552K), 2 survivors (2048K)
 Metaspace       used 46670K, committed 47296K, reserved 1114112K
  class space    used 5265K, committed 5568K, reserved 1048576K
}
Event: 524.173 GC heap after
{Heap after GC invocations=225 (full 0):
 garbage-first heap   total 54272K, used 26588K [0x0000000083800000, 0x0000000100000000)
  region size 1024K, 3 young (3072K), 3 survivors (3072K)
 Metaspace       used 46670K, committed 47296K, reserved 1114112K
  class space    used 5265K, committed 5568K, reserved 1048576K
}

Dll operation events (10 events):
Event: 0.011 Loaded shared library C:\Program Files\Java\jdk-21\bin\java.dll
Event: 0.062 Loaded shared library C:\Program Files\Java\jdk-21\bin\jsvml.dll
Event: 0.172 Loaded shared library C:\Program Files\Java\jdk-21\bin\jimage.dll
Event: 0.183 Loaded shared library C:\Program Files\Java\jdk-21\bin\net.dll
Event: 0.185 Loaded shared library C:\Program Files\Java\jdk-21\bin\nio.dll
Event: 0.188 Loaded shared library C:\Program Files\Java\jdk-21\bin\zip.dll
Event: 0.260 Loaded shared library C:\Program Files\Java\jdk-21\bin\management.dll
Event: 0.280 Loaded shared library C:\Program Files\Java\jdk-21\bin\management_ext.dll
Event: 0.662 Loaded shared library C:\Program Files\Java\jdk-21\bin\extnet.dll
Event: 2.280 Loaded shared library C:\Program Files\Java\jdk-21\bin\sunmscapi.dll

Deoptimization events (20 events):
Event: 491.893 Thread 0x0000018c794c7580 Uncommon trap: trap_request=0xffffffd6 fr.pc=0x0000018c256d5f60 relative=0x00000000000009c0
Event: 491.893 Thread 0x0000018c794c7580 Uncommon trap: reason=array_check action=maybe_recompile pc=0x0000018c256d5f60 method=org.apache.coyote.http11.Http11InputBuffer.addActiveFilter(Lorg/apache/coyote/http11/InputFilter;)V @ 79 c2
Event: 491.893 Thread 0x0000018c794c7580 DEOPT PACKING pc=0x0000018c256d5f60 sp=0x00000001027fec90
Event: 491.893 Thread 0x0000018c794c7580 DEOPT UNPACKING pc=0x0000018c248b46a2 sp=0x00000001027fec48 mode 2
Event: 509.653 Thread 0x0000018c794c82a0 Uncommon trap: trap_request=0xffffffde fr.pc=0x0000018c25644d3c relative=0x000000000000129c
Event: 509.653 Thread 0x0000018c794c82a0 Uncommon trap: reason=class_check action=maybe_recompile pc=0x0000018c25644d3c method=java.net.InetAddress.getAllByName0(Ljava/lang/String;ZZ)[Ljava/net/InetAddress; @ 82 c2
Event: 509.653 Thread 0x0000018c794c82a0 DEOPT PACKING pc=0x0000018c25644d3c sp=0x00000001026fe250
Event: 509.653 Thread 0x0000018c794c82a0 DEOPT UNPACKING pc=0x0000018c248b46a2 sp=0x00000001026fe218 mode 2
Event: 524.129 Thread 0x0000018c794c2d50 Uncommon trap: trap_request=0xffffff45 fr.pc=0x0000018c24f5bc30 relative=0x0000000000000090
Event: 524.129 Thread 0x0000018c794c2d50 Uncommon trap: reason=unstable_if action=reinterpret pc=0x0000018c24f5bc30 method=com.mysql.cj.protocol.a.NativeProtocol.checkErrorMessage(Lcom/mysql/cj/protocol/a/NativePacketPayload;)V @ 17 c2
Event: 524.129 Thread 0x0000018c794c2d50 DEOPT PACKING pc=0x0000018c24f5bc30 sp=0x00000001029fde00
Event: 524.129 Thread 0x0000018c794c2d50 DEOPT UNPACKING pc=0x0000018c248b46a2 sp=0x00000001029fdd50 mode 2
Event: 524.199 Thread 0x0000018c794c2d50 Uncommon trap: trap_request=0x000002ac fr.pc=0x0000018c25632558 relative=0x0000000000001098
Event: 524.199 Thread 0x0000018c794c2d50 Uncommon trap: reason=unloaded action=reinterpret pc=0x0000018c25632558 method=com.mysql.cj.jdbc.ClientPreparedStatement.executeInternal(ILcom/mysql/cj/protocol/Message;ZZLcom/mysql/cj/protocol/ColumnDefinition;Z)Lcom/mysql/cj/jdbc/result/ResultSetInterna
Event: 524.201 Thread 0x0000018c794c2d50 DEOPT PACKING pc=0x0000018c25632558 sp=0x00000001029fe0b0
Event: 524.201 Thread 0x0000018c794c2d50 DEOPT UNPACKING pc=0x0000018c248b46a2 sp=0x00000001029fe048 mode 2
Event: 524.281 Thread 0x0000018c794c2d50 Uncommon trap: trap_request=0xffffff45 fr.pc=0x0000018c25663c1c relative=0x00000000000014bc
Event: 524.281 Thread 0x0000018c794c2d50 Uncommon trap: reason=unstable_if action=reinterpret pc=0x0000018c25663c1c method=com.mysql.cj.jdbc.StatementImpl.realClose(ZZ)V @ 129 c2
Event: 524.281 Thread 0x0000018c794c2d50 DEOPT PACKING pc=0x0000018c25663c1c sp=0x00000001029fe130
Event: 524.281 Thread 0x0000018c794c2d50 DEOPT UNPACKING pc=0x0000018c248b46a2 sp=0x00000001029fe088 mode 2

Classes loaded (20 events):
Event: 281.416 Loading class java/util/stream/ReduceOps$7
Event: 281.416 Loading class java/util/stream/ReduceOps$7 done
Event: 281.416 Loading class java/util/stream/ReduceOps$6ReducingSink
Event: 281.416 Loading class java/util/stream/ReduceOps$6ReducingSink done
Event: 281.416 Loading class java/util/stream/ReferencePipeline$4$1
Event: 281.417 Loading class java/util/stream/ReferencePipeline$4$1 done
Event: 403.266 Loading class sun/util/locale/LocaleExtensions
Event: 403.267 Loading class sun/util/locale/LocaleExtensions done
Event: 470.251 Loading class javax/net/ssl/SNIHostName
Event: 470.251 Loading class javax/net/ssl/SNIServerName
Event: 470.251 Loading class javax/net/ssl/SNIServerName done
Event: 470.251 Loading class javax/net/ssl/SNIHostName done
Event: 524.235 Loading class java/lang/StringIndexOutOfBoundsException
Event: 524.242 Loading class java/lang/StringIndexOutOfBoundsException done
Event: 524.269 Loading class java/util/concurrent/atomic/AtomicReferenceFieldUpdater
Event: 524.272 Loading class java/util/concurrent/atomic/AtomicReferenceFieldUpdater done
Event: 524.272 Loading class java/util/concurrent/atomic/AtomicReferenceFieldUpdater$AtomicReferenceFieldUpdaterImpl
Event: 524.273 Loading class java/util/concurrent/atomic/AtomicReferenceFieldUpdater$AtomicReferenceFieldUpdaterImpl done
Event: 524.273 Loading class java/util/concurrent/atomic/AtomicReferenceFieldUpdater$AtomicReferenceFieldUpdaterImpl$1
Event: 524.275 Loading class java/util/concurrent/atomic/AtomicReferenceFieldUpdater$AtomicReferenceFieldUpdaterImpl$1 done

Classes unloaded (0 events):
No events

Classes redefined (0 events):
No events

Internal exceptions (20 events):
Event: 519.106 Thread 0x0000018c794c6ef0 Exception <a 'java/io/IOException'{0x0000000085b9ff40}> (0x0000000085b9ff40) 
thrown [s\open\src\hotspot\share\prims\jni.cpp, line 520]
Event: 519.591 Thread 0x0000018c794c33e0 Exception <a 'java/io/IOException'{0x0000000085e003d0}> (0x0000000085e003d0) 
thrown [s\open\src\hotspot\share\prims\jni.cpp, line 520]
Event: 520.150 Thread 0x0000018c794c33e0 Exception <a 'java/net/SocketException'{0x000000008642dba8}: Connection reset by peer: shutdown> (0x000000008642dba8) 
thrown [s\open\src\hotspot\share\prims\jni.cpp, line 539]
Event: 521.302 Thread 0x0000018c794c2d50 Exception <a 'java/net/SocketException'{0x0000000085fec198}: Connection reset by peer: shutdown> (0x0000000085fec198) 
thrown [s\open\src\hotspot\share\prims\jni.cpp, line 539]
Event: 521.899 Thread 0x0000018c794c6ef0 Exception <a 'java/net/SocketException'{0x0000000085b82c38}: Connection reset by peer: shutdown> (0x0000000085b82c38) 
thrown [s\open\src\hotspot\share\prims\jni.cpp, line 539]
Event: 522.714 Thread 0x0000018c794c0c80 Exception <a 'java/net/SocketException'{0x0000000085f0b720}: Connection reset by peer: shutdown> (0x0000000085f0b720) 
thrown [s\open\src\hotspot\share\prims\jni.cpp, line 539]
Event: 522.720 Thread 0x0000018c794c82a0 Exception <a 'java/net/SocketException'{0x0000000085f6c878}: Connection reset by peer: shutdown> (0x0000000085f6c878) 
thrown [s\open\src\hotspot\share\prims\jni.cpp, line 539]
Event: 522.743 Thread 0x0000018c794c2d50 Exception <a 'java/net/SocketException'{0x0000000085e46c48}: Connection reset by peer: shutdown> (0x0000000085e46c48) 
thrown [s\open\src\hotspot\share\prims\jni.cpp, line 539]
Event: 522.831 Thread 0x0000018c794c7580 Exception <a 'java/net/SocketException'{0x0000000085ab1c10}: Connection reset by peer: shutdown> (0x0000000085ab1c10) 
thrown [s\open\src\hotspot\share\prims\jni.cpp, line 539]
Event: 523.054 Thread 0x0000018c794c7580 Exception <a 'java/io/IOException'{0x000000008627bdb0}> (0x000000008627bdb0) 
thrown [s\open\src\hotspot\share\prims\jni.cpp, line 520]
Event: 523.137 Thread 0x0000018c794c7580 Exception <a 'java/net/SocketException'{0x0000000085feea98}: Connection reset by peer: shutdown> (0x0000000085feea98) 
thrown [s\open\src\hotspot\share\prims\jni.cpp, line 539]
Event: 523.488 Thread 0x0000018c794c6ef0 Exception <a 'java/io/IOException'{0x0000000086057e60}> (0x0000000086057e60) 
thrown [s\open\src\hotspot\share\prims\jni.cpp, line 520]
Event: 523.512 Thread 0x0000018c794c0c80 Exception <a 'java/io/IOException'{0x00000000860efea8}> (0x00000000860efea8) 
thrown [s\open\src\hotspot\share\prims\jni.cpp, line 520]
Event: 523.854 Thread 0x0000018c794c2030 Exception <a 'java/io/IOException'{0x000000008b4e01b0}> (0x000000008b4e01b0) 
thrown [s\open\src\hotspot\share\prims\jni.cpp, line 520]
Event: 523.968 Thread 0x0000018c794c2030 Exception <a 'java/io/IOException'{0x0000000086344938}> (0x0000000086344938) 
thrown [s\open\src\hotspot\share\prims\jni.cpp, line 520]
Event: 524.046 Thread 0x0000018c794c2d50 Exception <a 'java/io/IOException'{0x0000000085e60d80}> (0x0000000085e60d80) 
thrown [s\open\src\hotspot\share\prims\jni.cpp, line 520]
Event: 524.073 Thread 0x0000018c794c82a0 Exception <a 'java/net/SocketException'{0x0000000085c7c308}: Connection reset by peer: shutdown> (0x0000000085c7c308) 
thrown [s\open\src\hotspot\share\prims\jni.cpp, line 539]
Event: 524.281 Thread 0x0000018c794c2d50 Implicit null exception at 0x0000018c25662c6f to 0x0000018c25663c0c
Event: 524.402 Thread 0x0000018c794c0c80 Exception <a 'java/io/IOException'{0x00000000882968d0}> (0x00000000882968d0) 
thrown [s\open\src\hotspot\share\prims\jni.cpp, line 520]
Event: 524.430 Thread 0x0000018c794c4e20 Exception <a 'java/io/IOException'{0x00000000881a1320}> (0x00000000881a1320) 
thrown [s\open\src\hotspot\share\prims\jni.cpp, line 520]

ZGC Phase Switch (0 events):
No events

VM Operations (20 events):
Event: 519.133 Executing VM operation: G1CollectForAllocation (G1 Evacuation Pause)
Event: 519.134 Executing VM operation: G1CollectForAllocation (G1 Evacuation Pause) done
Event: 519.838 Executing VM operation: G1CollectForAllocation (G1 Evacuation Pause)
Event: 519.839 Executing VM operation: G1CollectForAllocation (G1 Evacuation Pause) done
Event: 520.718 Executing VM operation: G1CollectForAllocation (G1 Evacuation Pause)
Event: 520.719 Executing VM operation: G1CollectForAllocation (G1 Evacuation Pause) done
Event: 521.101 Executing VM operation: G1CollectForAllocation (G1 Evacuation Pause)
Event: 521.109 Executing VM operation: G1CollectForAllocation (G1 Evacuation Pause) done
Event: 521.378 Executing VM operation: G1CollectForAllocation (G1 Evacuation Pause)
Event: 521.380 Executing VM operation: G1CollectForAllocation (G1 Evacuation Pause) done
Event: 522.164 Executing VM operation: G1CollectForAllocation (G1 Evacuation Pause)
Event: 522.165 Executing VM operation: G1CollectForAllocation (G1 Evacuation Pause) done
Event: 522.836 Executing VM operation: G1CollectForAllocation (G1 Evacuation Pause)
Event: 522.838 Executing VM operation: G1CollectForAllocation (G1 Evacuation Pause) done
Event: 523.287 Executing VM operation: G1CollectForAllocation (G1 Evacuation Pause)
Event: 523.289 Executing VM operation: G1CollectForAllocation (G1 Evacuation Pause) done
Event: 523.821 Executing VM operation: G1CollectForAllocation (G1 Evacuation Pause)
Event: 523.823 Executing VM operation: G1CollectForAllocation (G1 Evacuation Pause) done
Event: 524.171 Executing VM operation: G1CollectForAllocation (G1 Evacuation Pause)
Event: 524.173 Executing VM operation: G1CollectForAllocation (G1 Evacuation Pause) done

Events (20 events):
Event: 462.494 Thread 0x0000018c316548e0 flushing nmethod 0x0000018c1e110e10
Event: 462.494 Thread 0x0000018c316548e0 flushing nmethod 0x0000018c1d443a90
Event: 462.494 Thread 0x0000018c316548e0 flushing nmethod 0x0000018c1d6c7710
Event: 462.494 Thread 0x0000018c316548e0 flushing nmethod 0x0000018c1d955b90
Event: 462.494 Thread 0x0000018c316548e0 flushing nmethod 0x0000018c1dcaa790
Event: 462.494 Thread 0x0000018c316548e0 flushing nmethod 0x0000018c1de06290
Event: 462.494 Thread 0x0000018c316548e0 flushing nmethod 0x0000018c1dfb6e90
Event: 462.494 Thread 0x0000018c316548e0 flushing nmethod 0x0000018c1e1a0a90
Event: 462.494 Thread 0x0000018c316548e0 flushing nmethod 0x0000018c1d428210
Event: 462.494 Thread 0x0000018c316548e0 flushing nmethod 0x0000018c1d566a90
Event: 462.494 Thread 0x0000018c316548e0 flushing nmethod 0x0000018c1d666b10
Event: 462.494 Thread 0x0000018c316548e0 flushing nmethod 0x0000018c1dac7690
Event: 462.494 Thread 0x0000018c316548e0 flushing nmethod 0x0000018c1df94510
Event: 465.795 Thread 0x0000018c787942c0 Thread added: 0x0000018c787942c0
Event: 468.112 Thread 0x0000018c787942c0 Thread exited: 0x0000018c787942c0
Event: 469.557 Thread 0x0000018c787942c0 Thread added: 0x0000018c787942c0
Event: 470.573 Thread 0x0000018c787942c0 Thread exited: 0x0000018c787942c0
Event: 484.675 Thread 0x0000018c319b3c60 Thread added: 0x0000018c319b3c60
Event: 486.051 Thread 0x0000018c319b3c60 Thread exited: 0x0000018c319b3c60
Event: 524.225 Thread 0x0000018c79337460 Thread added: 0x0000018c79337460


Dynamic libraries:
0x00007ff77cdc0000 - 0x00007ff77cdd0000 	C:\Program Files\Java\jdk-21\bin\java.exe
0x00007ffeb78f0000 - 0x00007ffeb7ae8000 	C:\Windows\SYSTEM32\ntdll.dll
0x00007ffeb6a70000 - 0x00007ffeb6b32000 	C:\Windows\System32\KERNEL32.DLL
0x00007ffeb5320000 - 0x00007ffeb5616000 	C:\Windows\System32\KERNELBASE.dll
0x00007ffeb5190000 - 0x00007ffeb5290000 	C:\Windows\System32\ucrtbase.dll
0x00007ffeb09c0000 - 0x00007ffeb09d9000 	C:\Program Files\Java\jdk-21\bin\jli.dll
0x00007ffeb7540000 - 0x00007ffeb75f1000 	C:\Windows\System32\ADVAPI32.dll
0x00007ffeb7810000 - 0x00007ffeb78ae000 	C:\Windows\System32\msvcrt.dll
0x00007ffeb7700000 - 0x00007ffeb779f000 	C:\Windows\System32\sechost.dll
0x00007ffeb6d10000 - 0x00007ffeb6e30000 	C:\Windows\System32\RPCRT4.dll
0x00007ffeb58f0000 - 0x00007ffeb5917000 	C:\Windows\System32\bcrypt.dll
0x00007ffeb66c0000 - 0x00007ffeb685d000 	C:\Windows\System32\USER32.dll
0x00007ffeb5160000 - 0x00007ffeb5182000 	C:\Windows\System32\win32u.dll
0x00007ffeb6860000 - 0x00007ffeb688b000 	C:\Windows\System32\GDI32.dll
0x00007ffeb4f90000 - 0x00007ffeb50a9000 	C:\Windows\System32\gdi32full.dll
0x00007ffeb5850000 - 0x00007ffeb58ed000 	C:\Windows\System32\msvcp_win.dll
0x00007ffe92ca0000 - 0x00007ffe92cbb000 	C:\Program Files\Java\jdk-21\bin\VCRUNTIME140.dll
0x00007ffea96e0000 - 0x00007ffea997b000 	C:\Windows\WinSxS\amd64_microsoft.windows.common-controls_6595b64144ccf1df_6.0.19041.6280_none_60bc30a171f2f3f3\COMCTL32.dll
0x00007ffeaf310000 - 0x00007ffeaf31a000 	C:\Windows\SYSTEM32\VERSION.dll
0x00007ffeb6690000 - 0x00007ffeb66bf000 	C:\Windows\System32\IMM32.DLL
0x00007ffeaf270000 - 0x00007ffeaf27c000 	C:\Program Files\Java\jdk-21\bin\vcruntime140_1.dll
0x00007ffe91c90000 - 0x00007ffe91d1e000 	C:\Program Files\Java\jdk-21\bin\msvcp140.dll
0x00007ffe63760000 - 0x00007ffe64473000 	C:\Program Files\Java\jdk-21\bin\server\jvm.dll
0x00007ffeb6620000 - 0x00007ffeb668b000 	C:\Windows\System32\WS2_32.dll
0x00007ffeb44d0000 - 0x00007ffeb451b000 	C:\Windows\SYSTEM32\POWRPROF.dll
0x00007ffea7580000 - 0x00007ffea75a7000 	C:\Windows\SYSTEM32\WINMM.dll
0x00007ffeb4390000 - 0x00007ffeb43a2000 	C:\Windows\SYSTEM32\UMPDC.dll
0x00007ffeb3800000 - 0x00007ffeb3812000 	C:\Windows\SYSTEM32\kernel.appcore.dll
0x00007ffeadc30000 - 0x00007ffeadc3a000 	C:\Program Files\Java\jdk-21\bin\jimage.dll
0x00007ffeb3490000 - 0x00007ffeb3691000 	C:\Windows\SYSTEM32\DBGHELP.DLL
0x00007ffeab3b0000 - 0x00007ffeab3e4000 	C:\Windows\SYSTEM32\dbgcore.DLL
0x00007ffeb5290000 - 0x00007ffeb5312000 	C:\Windows\System32\bcryptPrimitives.dll
0x00007ffe92b00000 - 0x00007ffe92b1f000 	C:\Program Files\Java\jdk-21\bin\java.dll
0x00007ffeb5a70000 - 0x00007ffeb61e0000 	C:\Windows\System32\SHELL32.dll
0x00007ffeb2ce0000 - 0x00007ffeb3485000 	C:\Windows\SYSTEM32\windows.storage.dll
0x00007ffeb61e0000 - 0x00007ffeb6533000 	C:\Windows\System32\combase.dll
0x00007ffeb49c0000 - 0x00007ffeb49eb000 	C:\Windows\SYSTEM32\Wldp.dll
0x00007ffeb6ee0000 - 0x00007ffeb6fad000 	C:\Windows\System32\OLEAUT32.dll
0x00007ffeb6e30000 - 0x00007ffeb6edd000 	C:\Windows\System32\SHCORE.dll
0x00007ffeb5980000 - 0x00007ffeb59db000 	C:\Windows\System32\shlwapi.dll
0x00007ffeb4ec0000 - 0x00007ffeb4ee4000 	C:\Windows\SYSTEM32\profapi.dll
0x00007ffe90350000 - 0x00007ffe90427000 	C:\Program Files\Java\jdk-21\bin\jsvml.dll
0x00007ffeadbd0000 - 0x00007ffeadbe0000 	C:\Program Files\Java\jdk-21\bin\net.dll
0x00007ffeabd50000 - 0x00007ffeabe5a000 	C:\Windows\SYSTEM32\WINHTTP.dll
0x00007ffeb4720000 - 0x00007ffeb478a000 	C:\Windows\system32\mswsock.dll
0x00007ffe92400000 - 0x00007ffe92416000 	C:\Program Files\Java\jdk-21\bin\nio.dll
0x00007ffe92370000 - 0x00007ffe92388000 	C:\Program Files\Java\jdk-21\bin\zip.dll
0x00007ffeb0a00000 - 0x00007ffeb0a0a000 	C:\Program Files\Java\jdk-21\bin\management.dll
0x00007ffeb09e0000 - 0x00007ffeb09eb000 	C:\Program Files\Java\jdk-21\bin\management_ext.dll
0x00007ffeb7800000 - 0x00007ffeb7808000 	C:\Windows\System32\PSAPI.DLL
0x00007ffe955b0000 - 0x00007ffe955c7000 	C:\Windows\system32\napinsp.dll
0x00007ffe95590000 - 0x00007ffe955ab000 	C:\Windows\system32\pnrpnsp.dll
0x00007ffeb1400000 - 0x00007ffeb141d000 	C:\Windows\system32\wshbth.dll
0x00007ffead9a0000 - 0x00007ffead9bd000 	C:\Windows\system32\NLAapi.dll
0x00007ffeb43b0000 - 0x00007ffeb43eb000 	C:\Windows\SYSTEM32\IPHLPAPI.DLL
0x00007ffeb4400000 - 0x00007ffeb44ca000 	C:\Windows\SYSTEM32\DNSAPI.dll
0x00007ffeb6b40000 - 0x00007ffeb6b48000 	C:\Windows\System32\NSI.dll
0x00007ffe95570000 - 0x00007ffe95582000 	C:\Windows\System32\winrnr.dll
0x00007ffeacaa0000 - 0x00007ffeacaaa000 	C:\Windows\System32\rasadhlp.dll
0x00007ffeaa790000 - 0x00007ffeaa810000 	C:\Windows\System32\fwpuclnt.dll
0x00007ffeb4920000 - 0x00007ffeb4938000 	C:\Windows\SYSTEM32\CRYPTSP.dll
0x00007ffeb3fd0000 - 0x00007ffeb4008000 	C:\Windows\system32\rsaenh.dll
0x00007ffeb4e40000 - 0x00007ffeb4e6e000 	C:\Windows\SYSTEM32\USERENV.dll
0x00007ffeb4910000 - 0x00007ffeb491c000 	C:\Windows\SYSTEM32\CRYPTBASE.dll
0x00007ffeab250000 - 0x00007ffeab259000 	C:\Program Files\Java\jdk-21\bin\extnet.dll
0x00007ffeb1010000 - 0x00007ffeb101e000 	C:\Program Files\Java\jdk-21\bin\sunmscapi.dll
0x00007ffeb5620000 - 0x00007ffeb577d000 	C:\Windows\System32\CRYPT32.dll
0x00007ffeb4a30000 - 0x00007ffeb4a57000 	C:\Windows\SYSTEM32\ncrypt.dll
0x00007ffeb49f0000 - 0x00007ffeb4a2b000 	C:\Windows\SYSTEM32\NTASN1.dll
0x00007ffeb09f0000 - 0x00007ffeb09f7000 	C:\Windows\system32\wshunix.dll

dbghelp: loaded successfully - version: 4.0.5 - missing functions: none
symbol engine: initialized successfully - sym options: 0x614 - pdb path: .;C:\Program Files\Java\jdk-21\bin;C:\Windows\SYSTEM32;C:\Windows\WinSxS\amd64_microsoft.windows.common-controls_6595b64144ccf1df_6.0.19041.6280_none_60bc30a171f2f3f3;C:\Program Files\Java\jdk-21\bin\server

VM Arguments:
jvm_args: -Dcom.sun.management.jmxremote -Dcom.sun.management.jmxremote.port=51007 -Dcom.sun.management.jmxremote.authenticate=false -Dcom.sun.management.jmxremote.ssl=false -Dspring.jmx.enabled=true -Djava.rmi.server.hostname=localhost -Dspring.application.admin.enabled=true -Dspring.boot.project.name=backend -XX:+ShowCodeDetailsInExceptionMessages 
java_command: com.example.backend.BackendApplication
java_class_path (initial): H:\Tamara\cetvrtaGodina\PIA\PROJEKAT\backend\backend_SpringBoot\target\classes;C:\Users\Tamara\.m2\repository\org\springframework\boot\spring-boot-starter-web\3.3.4\spring-boot-starter-web-3.3.4.jar;C:\Users\Tamara\.m2\repository\org\springframework\boot\spring-boot-starter\3.3.4\spring-boot-starter-3.3.4.jar;C:\Users\Tamara\.m2\repository\org\springframework\boot\spring-boot\3.3.4\spring-boot-3.3.4.jar;C:\Users\Tamara\.m2\repository\org\springframework\boot\spring-boot-autoconfigure\3.3.4\spring-boot-autoconfigure-3.3.4.jar;C:\Users\Tamara\.m2\repository\org\springframework\boot\spring-boot-starter-logging\3.3.4\spring-boot-starter-logging-3.3.4.jar;C:\Users\Tamara\.m2\repository\ch\qos\logback\logback-classic\1.5.8\logback-classic-1.5.8.jar;C:\Users\Tamara\.m2\repository\ch\qos\logback\logback-core\1.5.8\logback-core-1.5.8.jar;C:\Users\Tamara\.m2\repository\org\apache\logging\log4j\log4j-to-slf4j\2.23.1\log4j-to-slf4j-2.23.1.jar;C:\Users\Tamara\.m2\repository\org\apache\logging\log4j\log4j-api\2.23.1\log4j-api-2.23.1.jar;C:\Users\Tamara\.m2\repository\org\slf4j\jul-to-slf4j\2.0.16\jul-to-slf4j-2.0.16.jar;C:\Users\Tamara\.m2\repository\jakarta\annotation\jakarta.annotation-api\2.1.1\jakarta.annotation-api-2.1.1.jar;C:\Users\Tamara\.m2\repository\org\yaml\snakeyaml\2.2\snakeyaml-2.2.jar;C:\Users\Tamara\.m2\repository\org\springframework\boot\spring-boot-starter-json\3.3.4\spring-boot-starter-json-3.3.4.jar;C:\Users\Tamara\.m2\repository\com\fasterxml\jackson\core\jackson-databind\2.17.2\jackson-databind-2.17.2.jar;C:\Users\Tamara\.m2\repository\com\fasterxml\jackson\core\jackson-annotations\2.17.2\jackson-annotations-2.17.2.jar;C:\Users\Tamara\.m2\repository\com\fasterxml\jackson\core\jackson-core\2.17.2\jackson-core-2.17.2.jar;C:\Users\Tamara\.m2\repository\com\fasterxml\jackson\datatype\jackson-datatype-jdk8\2.17.2\jackson-datatype-jdk8-2.17.2.jar;C:\Users\Tamara\.m2\repository\com\fasterxml\jackson\datatype\jackson-datatype-jsr310\2.17.2\jackson-datatype-jsr310-2.17.2.jar;C:\Users\Tamara\.m2\repository\com\fasterxml\jackson\module\jackson-module-parameter-names\2.17.2\jackson-module-parameter-names-2.17.2.jar;C:\Users\Tamara\.m2\repository\org\springframework\boot\spring-boot-starter-tomcat\3.3.4\spring-boot-starter-tomcat-3.3.4.jar;C:\Users\Tamara\.m2\repository\org\apache\tomcat\embed\tomcat-embed-core\10.1.30\tomcat-embed-core-10.1.30.jar;C:\Users\Tamara\.m2\repository\org\apache\tomcat\embed\tomcat-embed-el\10.1.30\tomcat-embed-el-10.1.30.jar;C:\Users\Tamara\.m2\repository\org\apache\tomcat\embed\tomcat-embed-websocket\10.1.30\tomcat-embed-websocket-10.1.30.jar;C:\Users\Tamara\.m2\repository\org\springframework\spring-web\6.1.13\spring-web-6.1.13.jar;C:\Users\Tamara\.m2\repository\org\springframework\spring-beans\6.1.13\spring-beans-6.1.13.jar;C:\Users\Tamara\.m2\repository\io\micrometer\micrometer-observation\1.13.4\micrometer-observation-1.13.4.jar;C:\Users\Tamara\.m2\repository\io\micrometer\micrometer-commons\1.13.4\micrometer-commons-1.13.4.jar;C:\Users\Tamara\.m2\repository\org\springframework\spring-webmvc\6.1.13\spring-webmvc-6.1.13.jar;C:\Users\Tamara\.m2\repository\org\springframework\spring-aop\6.1.13\spring-aop-6.1.13.jar;C:\Users\Tamara\.m2\repository\org\springframework\spring-context\6.1.13\spring-context-6.1.13.jar;C:\Users\Tamara\.m2\repository\org\springframework\spring-expression\6.1.13\spring-expression-6.1.13.jar;C:\Users\Tamara\.m2\repository\org\slf4j\slf4j-api\2.0.16\slf4j-api-2.0.16.jar;C:\Users\Tamara\.m2\repository\org\springframework\spring-core\6.1.13\spring-core-6.1.13.jar;C:\Users\Tamara\.m2\repository\org\springframework\spring-jcl\6.1.13\spring-jcl-6.1.13.jar;C:\Users\Tamara\.m2\repository\com\mysql\mysql-connector-j\8.0.33\mysql-connector-j-8.0.33.jar;C:\Users\Tamara\.m2\repository\org\springframework\boot\spring-boot-starter-jdbc\3.3.4\spring-boot-starter-jdbc-3.3.4.jar;C:\Users\Tamara\.m2\repository\com\zaxxer\HikariCP\5.1.0\HikariCP-5.1.0.jar;C:\Users\Tamara\.m2\repository\org\springframework\spring-jdbc\6.1.13\spring-jdbc-6.1.13.jar;C:\Users\Tamara\.m2\repository\org\springframework\spring-tx\6.1.13\spring-tx-6.1.13.jar
Launcher Type: SUN_STANDARD

[Global flags]
     intx CICompilerCount                          = 3                                         {product} {ergonomic}
     uint ConcGCThreads                            = 1                                         {product} {ergonomic}
     uint G1ConcRefinementThreads                  = 4                                         {product} {ergonomic}
   size_t G1HeapRegionSize                         = 1048576                                   {product} {ergonomic}
    uintx GCDrainStackTargetSize                   = 64                                        {product} {ergonomic}
   size_t InitialHeapSize                          = 132120576                                 {product} {ergonomic}
     bool ManagementServer                         = true                                      {product} {command line}
   size_t MarkStackSize                            = 4194304                                   {product} {ergonomic}
   size_t MaxHeapSize                              = 2088763392                                {product} {ergonomic}
   size_t MaxNewSize                               = 1253048320                                {product} {ergonomic}
   size_t MinHeapDeltaBytes                        = 1048576                                   {product} {ergonomic}
   size_t MinHeapSize                              = 8388608                                   {product} {ergonomic}
    uintx NonNMethodCodeHeapSize                   = 5832780                                {pd product} {ergonomic}
    uintx NonProfiledCodeHeapSize                  = 122912730                              {pd product} {ergonomic}
    uintx ProfiledCodeHeapSize                     = 122912730                              {pd product} {ergonomic}
    uintx ReservedCodeCacheSize                    = 251658240                              {pd product} {ergonomic}
     bool SegmentedCodeCache                       = true                                      {product} {ergonomic}
     bool ShowCodeDetailsInExceptionMessages       = true                                   {manageable} {command line}
   size_t SoftMaxHeapSize                          = 2088763392                             {manageable} {ergonomic}
     bool UseCompressedOops                        = true                           {product lp64_product} {ergonomic}
     bool UseG1GC                                  = true                                      {product} {ergonomic}
     bool UseLargePagesIndividualAllocation        = false                                  {pd product} {ergonomic}

Logging:
Log output configuration:
 #0: stdout all=warning uptime,level,tags foldmultilines=false
 #1: stderr all=off uptime,level,tags foldmultilines=false

Environment Variables:
JAVA_HOME=C:\Program Files\Java\jdk-21
PATH=C:\Program Files\Common Files\Oracle\Java\javapath;C:\Program Files (x86)\Common Files\Oracle\Java\java8path;C:\Program Files (x86)\Common Files\Oracle\Java\javapath;C:\Program Files\OpenLogic\jdk-17.0.11.9-hotspot\bin;C:\Program Files (x86)\VMware\VMware Player\bin\;C:\Windows\system32;C:\Windows;C:\Windows\System32\Wbem;C:\Windows\System32\WindowsPowerShell\v1.0\;C:\Windows\System32\OpenSSH\;C:\Program Files\Git\cmd;C:\Program Files (x86)\Microsoft SQL Server\160\Tools\Binn\;C:\Program Files\Microsoft SQL Server\160\Tools\Binn\;C:\Program Files\Microsoft SQL Server\Client SDK\ODBC\170\Tools\Binn\;C:\Program Files\Microsoft SQL Server\160\DTS\Binn\;C:\Program Files (x86)\Microsoft SQL Server\160\DTS\Binn\;C:\ProgramData\chocolatey\bin;C:\Program Files\nodejs\;C:\Program Files (x86)\Microsoft SQL Server\110\Tools\Binn\;C:\Program Files (x86)\Microsoft SQL Server\110\DTS\Binn\;C:\Program Files\apache-ant-1.10.15\bin;C:\Users\Tamara\AppData\Local\Programs\Python\Python312\Lib\site-packages;C:\Users\Tamara\AppData\Local\Programs\Python\Python312\Scripts;C:\Users\Tamara\AppData\Local\Programs\Python\Python312;C:\Users\Tamara\AppData\Local\Microsoft\WindowsApps;C:\Users\Tamara\AppData\Local\Programs\Microsoft VS Code\bin;C:\Users\Tamara\AppData\Roaming\npm
USERNAME=Tamara
LANG=en_US.UTF-8
OS=Windows_NT
PROCESSOR_IDENTIFIER=Intel64 Family 6 Model 142 Stepping 9, GenuineIntel
TMP=C:\Users\Tamara\AppData\Local\Temp
TEMP=C:\Users\Tamara\AppData\Local\Temp




Periodic native trim disabled

---------------  S Y S T E M  ---------------

OS:
 Windows 10 , 64 bit Build 19041 (10.0.19041.5915)
OS uptime: 10 days 2:26 hours

CPU: total 4 (initial active 4) (2 cores per cpu, 2 threads per core) family 6 model 142 stepping 9 microcode 0xb4, cx8, cmov, fxsr, ht, mmx, 3dnowpref, sse, sse2, sse3, ssse3, sse4.1, sse4.2, popcnt, lzcnt, tsc, tscinvbit, avx, avx2, aes, erms, clmul, bmi1, bmi2, adx, fma, vzeroupper, clflush, clflushopt, rdtscp, f16c
Processor Information for all 4 processors :
  Max Mhz: 2701, Current Mhz: 2701, Mhz Limit: 2701

Memory: 4k page, system-wide physical 7965M (401M free)
TotalPageFile size 32541M (AvailPageFile size 0M)
current process WorkingSet (physical memory assigned to process): 197M, peak: 261M
current process commit charge ("private bytes"): 263M, peak: 290M

vm_info: Java HotSpot(TM) 64-Bit Server VM (21.0.4+8-LTS-274) for windows-amd64 JRE (21.0.4+8-LTS-274), built on 2024-06-05T05:23:33Z by "mach5one" with MS VC++ 17.6 (VS2022)

END.
