#
# There is insufficient memory for the Java Runtime Environment to continue.
# Native memory allocation (malloc) failed to allocate 160352 bytes for Chunk::new
# Possible reasons:
#   The system is out of physical RAM or swap space
#   The process is running with CompressedOops enabled, and the Java Heap may be blocking the growth of the native heap
# Possible solutions:
#   Reduce memory load on the system
#   Increase physical memory or swap space
#   Check if swap backing store is full
#   Decrease Java heap size (-Xmx/-Xms)
#   Decrease number of Java threads
#   Decrease Java thread stack sizes (-Xss)
#   Set larger code cache with -XX:ReservedCodeCacheSize=
#   JVM is running with Unscaled Compressed Oops mode in which the Java heap is
#     placed in the first 4GB address space. The Java Heap base address is the
#     maximum limit for the native heap growth. Please use -XX:HeapBaseMinAddress
#     to set the Java Heap base and to place the Java Heap above 4GB virtual address.
# This output file may be truncated or incomplete.
#
#  Out of Memory Error (arena.cpp:168), pid=21188, tid=22032
#
# JRE version: Java(TM) SE Runtime Environment (21.0.4+8) (build 21.0.4+8-LTS-274)
# Java VM: Java HotSpot(TM) 64-Bit Server VM (21.0.4+8-LTS-274, mixed mode, sharing, tiered, compressed oops, compressed class ptrs, g1 gc, windows-amd64)
# No core dump will be written. Minidumps are not enabled by default on client versions of Windows
#

---------------  S U M M A R Y ------------

Command Line: -Dcom.sun.management.jmxremote -Dcom.sun.management.jmxremote.port=51007 -Dcom.sun.management.jmxremote.authenticate=false -Dcom.sun.management.jmxremote.ssl=false -Dspring.jmx.enabled=true -Djava.rmi.server.hostname=localhost -Dspring.application.admin.enabled=true -Dspring.boot.project.name=backend -XX:+ShowCodeDetailsInExceptionMessages com.example.backend.BackendApplication

Host: Intel(R) Core(TM) i5-7200U CPU @ 2.50GHz, 4 cores, 7G,  Windows 10 , 64 bit Build 19041 (10.0.19041.5915)
Time: Mon Sep 22 23:39:30 2025 Central Europe Daylight Time elapsed time: 8.590941 seconds (0d 0h 0m 8s)

---------------  T H R E A D  ---------------

Current thread (0x0000020858673230):  JavaThread "C2 CompilerThread0" daemon [_thread_in_native, id=22032, stack(0x000000613af00000,0x000000613b000000) (1024K)]


Current CompileTask:
C2:   8591 6188       4       java.math.BigInteger::montReduce (99 bytes)

Stack: [0x000000613af00000,0x000000613b000000]
Native frames: (J=compiled Java code, j=interpreted, Vv=VM code, C=native code)
V  [jvm.dll+0x6c8e59]
V  [jvm.dll+0x853181]
V  [jvm.dll+0x8556ae]
V  [jvm.dll+0x855d83]
V  [jvm.dll+0x27d526]
V  [jvm.dll+0xc4aad]
V  [jvm.dll+0xc4fe3]
V  [jvm.dll+0x3b400c]
V  [jvm.dll+0x3809a5]
V  [jvm.dll+0x37fe1a]
V  [jvm.dll+0x246280]
V  [jvm.dll+0x24585f]
V  [jvm.dll+0x1c69de]
V  [jvm.dll+0x254d49]
V  [jvm.dll+0x2532da]
V  [jvm.dll+0x3ed426]
V  [jvm.dll+0x7fd65b]
V  [jvm.dll+0x6c753d]
C  [ucrtbase.dll+0x21bb2]
C  [KERNEL32.DLL+0x17374]
C  [ntdll.dll+0x4cc91]


---------------  P R O C E S S  ---------------

Threads class SMR info:
_java_thread_list=0x000002089fed0e70, length=31, elements={
0x00000208586607f0, 0x0000020858661560, 0x0000020858670220, 0x0000020858670e30,
0x0000020858671890, 0x00000208586722f0, 0x0000020858673230, 0x00000208586741e0,
0x0000020858856f80, 0x00000208588f6dd0, 0x0000020858995f50, 0x000002089e569c00,
0x000002089e34b5c0, 0x000002089e566220, 0x000002089ff55fe0, 0x000002089f8f6c20,
0x00000208a069d620, 0x000002089fdc0750, 0x000002089fdc2eb0, 0x000002089fdc00c0,
0x000002089fdc0de0, 0x000002089fdc3540, 0x000002089fdc1470, 0x000002089fdc1b00,
0x000002089fdc2190, 0x000002089fdc2820, 0x000002089ff4d050, 0x000002089ff4c330,
0x000002089ff4d6e0, 0x000002089ff4dd70, 0x000002089ff4c9c0
}

Java Threads: ( => current thread )
  0x00000208586607f0 JavaThread "Reference Handler"          daemon [_thread_blocked, id=18532, stack(0x000000613a900000,0x000000613aa00000) (1024K)]
  0x0000020858661560 JavaThread "Finalizer"                  daemon [_thread_blocked, id=8872, stack(0x000000613aa00000,0x000000613ab00000) (1024K)]
  0x0000020858670220 JavaThread "Signal Dispatcher"          daemon [_thread_blocked, id=11468, stack(0x000000613ab00000,0x000000613ac00000) (1024K)]
  0x0000020858670e30 JavaThread "Attach Listener"            daemon [_thread_blocked, id=19220, stack(0x000000613ac00000,0x000000613ad00000) (1024K)]
  0x0000020858671890 JavaThread "Service Thread"             daemon [_thread_blocked, id=18040, stack(0x000000613ad00000,0x000000613ae00000) (1024K)]
  0x00000208586722f0 JavaThread "Monitor Deflation Thread"   daemon [_thread_blocked, id=21544, stack(0x000000613ae00000,0x000000613af00000) (1024K)]
=>0x0000020858673230 JavaThread "C2 CompilerThread0"         daemon [_thread_in_native, id=22032, stack(0x000000613af00000,0x000000613b000000) (1024K)]
  0x00000208586741e0 JavaThread "C1 CompilerThread0"         daemon [_thread_blocked, id=19244, stack(0x000000613b000000,0x000000613b100000) (1024K)]
  0x0000020858856f80 JavaThread "Common-Cleaner"             daemon [_thread_blocked, id=2072, stack(0x000000613b100000,0x000000613b200000) (1024K)]
  0x00000208588f6dd0 JavaThread "Notification Thread"        daemon [_thread_blocked, id=6832, stack(0x000000613b200000,0x000000613b300000) (1024K)]
  0x0000020858995f50 JavaThread "C2 CompilerThread1"         daemon [_thread_in_native, id=22144, stack(0x000000613b300000,0x000000613b400000) (1024K)]
  0x000002089e569c00 JavaThread "RMI TCP Accept-0"           daemon [_thread_in_native, id=17968, stack(0x000000613b400000,0x000000613b500000) (1024K)]
  0x000002089e34b5c0 JavaThread "RMI TCP Accept-51007"       daemon [_thread_in_native, id=17032, stack(0x000000613b500000,0x000000613b600000) (1024K)]
  0x000002089e566220 JavaThread "RMI TCP Accept-0"           daemon [_thread_in_native, id=19080, stack(0x000000613b600000,0x000000613b700000) (1024K)]
  0x000002089ff55fe0 JavaThread "Catalina-utility-1"                [_thread_blocked, id=22192, stack(0x000000613ba00000,0x000000613bb00000) (1024K)]
  0x000002089f8f6c20 JavaThread "Catalina-utility-2"                [_thread_blocked, id=15356, stack(0x000000613bb00000,0x000000613bc00000) (1024K)]
  0x00000208a069d620 JavaThread "container-0"                       [_thread_blocked, id=8952, stack(0x000000613bc00000,0x000000613bd00000) (1024K)]
  0x000002089fdc0750 JavaThread "mysql-cj-abandoned-connection-cleanup" daemon [_thread_blocked, id=11500, stack(0x000000613bd00000,0x000000613be00000) (1024K)]
  0x000002089fdc2eb0 JavaThread "http-nio-8080-exec-1"       daemon [_thread_blocked, id=21384, stack(0x000000613be00000,0x000000613bf00000) (1024K)]
  0x000002089fdc00c0 JavaThread "http-nio-8080-exec-2"       daemon [_thread_blocked, id=16840, stack(0x000000613bf00000,0x000000613c000000) (1024K)]
  0x000002089fdc0de0 JavaThread "http-nio-8080-exec-3"       daemon [_thread_blocked, id=21536, stack(0x000000613c000000,0x000000613c100000) (1024K)]
  0x000002089fdc3540 JavaThread "http-nio-8080-exec-4"       daemon [_thread_blocked, id=21256, stack(0x000000613c100000,0x000000613c200000) (1024K)]
  0x000002089fdc1470 JavaThread "http-nio-8080-exec-5"       daemon [_thread_blocked, id=20692, stack(0x000000613c200000,0x000000613c300000) (1024K)]
  0x000002089fdc1b00 JavaThread "http-nio-8080-exec-6"       daemon [_thread_blocked, id=3656, stack(0x000000613c300000,0x000000613c400000) (1024K)]
  0x000002089fdc2190 JavaThread "http-nio-8080-exec-7"       daemon [_thread_blocked, id=3720, stack(0x000000613c400000,0x000000613c500000) (1024K)]
  0x000002089fdc2820 JavaThread "http-nio-8080-exec-8"       daemon [_thread_blocked, id=252, stack(0x000000613c500000,0x000000613c600000) (1024K)]
  0x000002089ff4d050 JavaThread "http-nio-8080-exec-9"       daemon [_thread_blocked, id=14244, stack(0x000000613c600000,0x000000613c700000) (1024K)]
  0x000002089ff4c330 JavaThread "http-nio-8080-exec-10"      daemon [_thread_blocked, id=15864, stack(0x000000613c700000,0x000000613c800000) (1024K)]
  0x000002089ff4d6e0 JavaThread "http-nio-8080-Poller"       daemon [_thread_in_native, id=11648, stack(0x000000613c800000,0x000000613c900000) (1024K)]
  0x000002089ff4dd70 JavaThread "http-nio-8080-Acceptor"     daemon [_thread_in_native, id=13132, stack(0x000000613c900000,0x000000613ca00000) (1024K)]
  0x000002089ff4c9c0 JavaThread "DestroyJavaVM"                     [_thread_blocked, id=20716, stack(0x000000613a100000,0x000000613a200000) (1024K)]
Total: 31

Other Threads:
  0x0000020858641d80 VMThread "VM Thread"                           [id=8520, stack(0x000000613a800000,0x000000613a900000) (1024K)]
  0x0000020858629dd0 WatcherThread "VM Periodic Task Thread"        [id=15584, stack(0x000000613a700000,0x000000613a800000) (1024K)]
  0x000002083c67d490 WorkerThread "GC Thread#0"                     [id=17580, stack(0x000000613a200000,0x000000613a300000) (1024K)]
  0x000002089e7de370 WorkerThread "GC Thread#1"                     [id=21136, stack(0x000000613b700000,0x000000613b800000) (1024K)]
  0x000002089e34ab70 WorkerThread "GC Thread#2"                     [id=16932, stack(0x000000613b800000,0x000000613b900000) (1024K)]
  0x000002089e198240 WorkerThread "GC Thread#3"                     [id=15376, stack(0x000000613b900000,0x000000613ba00000) (1024K)]
  0x000002083c68de20 ConcurrentGCThread "G1 Main Marker"            [id=17708, stack(0x000000613a300000,0x000000613a400000) (1024K)]
  0x000002083c68e820 WorkerThread "G1 Conc#0"                       [id=20236, stack(0x000000613a400000,0x000000613a500000) (1024K)]
  0x000002083c6ee230 ConcurrentGCThread "G1 Refine#0"               [id=7440, stack(0x000000613a500000,0x000000613a600000) (1024K)]
  0x00000208584fd1b0 ConcurrentGCThread "G1 Service"                [id=8472, stack(0x000000613a600000,0x000000613a700000) (1024K)]
Total: 10

Threads with active compile tasks:
C2 CompilerThread0     8629 6188       4       java.math.BigInteger::montReduce (99 bytes)
C2 CompilerThread1     8629 6313       4       sun.util.locale.BaseLocale::getInstance (150 bytes)
Total: 2

VM state: at safepoint (normal execution)

VM Mutex/Monitor currently owned by a thread:  ([mutex/lock_event])
[0x00007ffe64397e98] Threads_lock - owner thread: 0x0000020858641d80
[0x00007ffe64397f98] Heap_lock - owner thread: 0x000002083c68de20

Heap address: 0x0000000083800000, size: 1992 MB, Compressed Oops mode: 32-bit

CDS archive(s) mapped at: [0x0000020859000000-0x0000020859c90000-0x0000020859c90000), size 13172736, SharedBaseAddress: 0x0000020859000000, ArchiveRelocationMode: 1.
Compressed class space mapped at: 0x000002085a000000-0x000002089a000000, reserved size: 1073741824
Narrow klass base: 0x0000020859000000, Narrow klass shift: 0, Narrow klass range: 0x100000000

GC Precious Log:
 CardTable entry size: 512
 Card Set container configuration: InlinePtr #cards 5 size 8 Array Of Cards #cards 12 size 40 Howl #buckets 4 coarsen threshold 1843 Howl Bitmap #cards 512 size 80 coarsen threshold 460 Card regions per heap region 1 cards per card region 2048
 CPUs: 4 total, 4 available
 Memory: 7965M
 Large Page Support: Disabled
 NUMA Support: Disabled
 Compressed Oops: Enabled (32-bit)
 Heap Region Size: 1M
 Heap Min Capacity: 8M
 Heap Initial Capacity: 126M
 Heap Max Capacity: 1992M
 Pre-touch: Disabled
 Parallel Workers: 4
 Concurrent Workers: 1
 Concurrent Refinement Workers: 4
 Periodic GC: Disabled

Heap:
 garbage-first heap   total 40960K, used 23499K [0x0000000083800000, 0x0000000100000000)
  region size 1024K, 4 young (4096K), 2 survivors (2048K)
 Metaspace       used 43364K, committed 43968K, reserved 1114112K
  class space    used 5255K, committed 5504K, reserved 1048576K

Heap Regions: E=young(eden), S=young(survivor), O=old, HS=humongous(starts), HC=humongous(continues), CS=collection set, F=free, TAMS=top-at-mark-start, PB=parsable bottom
|   0|0x0000000083800000, 0x0000000083900000, 0x0000000083900000|100%| O|  |TAMS 0x0000000083900000| PB 0x0000000083900000| Untracked 
|   1|0x0000000083900000, 0x0000000083a00000, 0x0000000083a00000|100%| O|  |TAMS 0x0000000083a00000| PB 0x0000000083a00000| Untracked 
|   2|0x0000000083a00000, 0x0000000083b00000, 0x0000000083b00000|100%| O|  |TAMS 0x0000000083b00000| PB 0x0000000083b00000| Updating 
|   3|0x0000000083b00000, 0x0000000083c00000, 0x0000000083c00000|100%| O|  |TAMS 0x0000000083c00000| PB 0x0000000083c00000| Untracked 
|   4|0x0000000083c00000, 0x0000000083d00000, 0x0000000083d00000|100%| O|  |TAMS 0x0000000083d00000| PB 0x0000000083d00000| Untracked 
|   5|0x0000000083d00000, 0x0000000083e00000, 0x0000000083e00000|100%| O|  |TAMS 0x0000000083e00000| PB 0x0000000083e00000| Untracked 
|   6|0x0000000083e00000, 0x0000000083f00000, 0x0000000083f00000|100%| O|  |TAMS 0x0000000083f00000| PB 0x0000000083f00000| Updating 
|   7|0x0000000083f00000, 0x0000000084000000, 0x0000000084000000|100%| O|  |TAMS 0x0000000084000000| PB 0x0000000084000000| Updating 
|   8|0x0000000084000000, 0x0000000084100000, 0x0000000084100000|100%| O|  |TAMS 0x0000000084100000| PB 0x0000000084100000| Untracked 
|   9|0x0000000084100000, 0x0000000084200000, 0x0000000084200000|100%| O|  |TAMS 0x0000000084200000| PB 0x0000000084200000| Untracked 
|  10|0x0000000084200000, 0x0000000084200000, 0x0000000084300000|  0%| F|  |TAMS 0x0000000084200000| PB 0x0000000084200000| Untracked 
|  11|0x0000000084300000, 0x0000000084400000, 0x0000000084400000|100%| O|  |TAMS 0x0000000084400000| PB 0x0000000084400000| Updating 
|  12|0x0000000084400000, 0x0000000084500000, 0x0000000084500000|100%| O|  |TAMS 0x0000000084500000| PB 0x0000000084500000| Untracked 
|  13|0x0000000084500000, 0x0000000084600000, 0x0000000084600000|100%| O|  |TAMS 0x0000000084600000| PB 0x0000000084600000| Updating 
|  14|0x0000000084600000, 0x0000000084700000, 0x0000000084700000|100%| O|  |TAMS 0x0000000084700000| PB 0x0000000084700000| Untracked 
|  15|0x0000000084700000, 0x0000000084800000, 0x0000000084800000|100%| O|  |TAMS 0x0000000084800000| PB 0x0000000084800000| Updating 
|  16|0x0000000084800000, 0x0000000084900000, 0x0000000084900000|100%| O|  |TAMS 0x0000000084900000| PB 0x0000000084900000| Untracked 
|  17|0x0000000084900000, 0x0000000084a00000, 0x0000000084a00000|100%| O|  |TAMS 0x0000000084a00000| PB 0x0000000084a00000| Updating 
|  18|0x0000000084a00000, 0x0000000084b00000, 0x0000000084b00000|100%| O|  |TAMS 0x0000000084b00000| PB 0x0000000084b00000| Untracked 
|  19|0x0000000084b00000, 0x0000000084c00000, 0x0000000084c00000|100%| O|  |TAMS 0x0000000084c00000| PB 0x0000000084c00000| Untracked 
|  20|0x0000000084c00000, 0x0000000084d00000, 0x0000000084d00000|100%| O|  |TAMS 0x0000000084d00000| PB 0x0000000084d00000| Untracked 
|  21|0x0000000084d00000, 0x0000000084dbc510, 0x0000000084e00000| 73%| O|  |TAMS 0x0000000084d3b5b0| PB 0x0000000084d3b5b0| Updating 
|  22|0x0000000084e00000, 0x0000000084e00000, 0x0000000084f00000|  0%| F|  |TAMS 0x0000000084e00000| PB 0x0000000084e00000| Untracked 
|  23|0x0000000084f00000, 0x0000000084f00000, 0x0000000085000000|  0%| F|  |TAMS 0x0000000084f00000| PB 0x0000000084f00000| Untracked 
|  24|0x0000000085000000, 0x0000000085036998, 0x0000000085100000| 21%| S|CS|TAMS 0x0000000085000000| PB 0x0000000085000000| Complete 
|  25|0x0000000085100000, 0x0000000085100000, 0x0000000085200000|  0%| F|  |TAMS 0x0000000085100000| PB 0x0000000085100000| Untracked 
|  26|0x0000000085200000, 0x0000000085200000, 0x0000000085300000|  0%| F|  |TAMS 0x0000000085200000| PB 0x0000000085200000| Untracked 
|  27|0x0000000085300000, 0x0000000085400000, 0x0000000085400000|100%| S|CS|TAMS 0x0000000085300000| PB 0x0000000085300000| Complete 
|  28|0x0000000085400000, 0x0000000085400000, 0x0000000085500000|  0%| F|  |TAMS 0x0000000085400000| PB 0x0000000085400000| Untracked 
|  29|0x0000000085500000, 0x0000000085500000, 0x0000000085600000|  0%| F|  |TAMS 0x0000000085500000| PB 0x0000000085500000| Untracked 
|  30|0x0000000085600000, 0x0000000085600000, 0x0000000085700000|  0%| F|  |TAMS 0x0000000085600000| PB 0x0000000085600000| Untracked 
|  31|0x0000000085700000, 0x0000000085700000, 0x0000000085800000|  0%| F|  |TAMS 0x0000000085700000| PB 0x0000000085700000| Untracked 
|  32|0x0000000085800000, 0x0000000085800000, 0x0000000085900000|  0%| F|  |TAMS 0x0000000085800000| PB 0x0000000085800000| Untracked 
|  72|0x0000000088000000, 0x0000000088000000, 0x0000000088100000|  0%| F|  |TAMS 0x0000000088000000| PB 0x0000000088000000| Untracked 
|  73|0x0000000088100000, 0x0000000088100000, 0x0000000088200000|  0%| F|  |TAMS 0x0000000088100000| PB 0x0000000088100000| Untracked 
|  74|0x0000000088200000, 0x0000000088200000, 0x0000000088300000|  0%| F|  |TAMS 0x0000000088200000| PB 0x0000000088200000| Untracked 
|  75|0x0000000088300000, 0x0000000088300000, 0x0000000088400000|  0%| F|  |TAMS 0x0000000088300000| PB 0x0000000088300000| Untracked 
|  76|0x0000000088400000, 0x0000000088400000, 0x0000000088500000|  0%| F|  |TAMS 0x0000000088400000| PB 0x0000000088400000| Untracked 
|  77|0x0000000088500000, 0x0000000088534620, 0x0000000088600000| 20%| E|  |TAMS 0x0000000088500000| PB 0x0000000088500000| Complete 
| 125|0x000000008b500000, 0x000000008b600000, 0x000000008b600000|100%| E|CS|TAMS 0x000000008b500000| PB 0x000000008b500000| Complete 

Card table byte_map: [0x0000020853e90000,0x0000020854280000] _byte_map_base: 0x0000020853a74000

Marking Bits: (CMBitMap*) 0x000002083c67da90
 Bits: [0x0000020854280000, 0x00000208561a0000)

Polling page: 0x000002083a570000

Metaspace:

Usage:
  Non-class:     37.22 MB used.
      Class:      5.13 MB used.
       Both:     42.35 MB used.

Virtual space:
  Non-class space:       64.00 MB reserved,      37.56 MB ( 59%) committed,  1 nodes.
      Class space:        1.00 GB reserved,       5.38 MB ( <1%) committed,  1 nodes.
             Both:        1.06 GB reserved,      42.94 MB (  4%) committed. 

Chunk freelists:
   Non-Class:  10.01 MB
       Class:  10.64 MB
        Both:  20.66 MB

MaxMetaspaceSize: unlimited
CompressedClassSpaceSize: 1.00 GB
Initial GC threshold: 21.00 MB
Current GC threshold: 58.69 MB
CDS: on
 - commit_granule_bytes: 65536.
 - commit_granule_words: 8192.
 - virtual_space_node_default_size: 8388608.
 - enlarge_chunks_in_place: 1.
 - use_allocation_guard: 0.


Internal statistics:

num_allocs_failed_limit: 6.
num_arena_births: 804.
num_arena_deaths: 30.
num_vsnodes_births: 2.
num_vsnodes_deaths: 0.
num_space_committed: 687.
num_space_uncommitted: 0.
num_chunks_returned_to_freelist: 47.
num_chunks_taken_from_freelist: 2135.
num_chunk_merges: 23.
num_chunk_splits: 1477.
num_chunks_enlarged: 1045.
num_inconsistent_stats: 0.

CodeHeap 'non-profiled nmethods': size=120000Kb used=2836Kb max_used=3213Kb free=117164Kb
 bounds [0x000002084c570000, 0x000002084c8a0000, 0x0000020853aa0000]
CodeHeap 'profiled nmethods': size=120000Kb used=10918Kb max_used=12034Kb free=109081Kb
 bounds [0x0000020844aa0000, 0x0000020845670000, 0x000002084bfd0000]
CodeHeap 'non-nmethods': size=5760Kb used=1615Kb max_used=1696Kb free=4144Kb
 bounds [0x000002084bfd0000, 0x000002084c240000, 0x000002084c570000]
 total_blobs=6318 nmethods=5658 adapters=564
 compilation: enabled
              stopped_count=0, restarted_count=0
 full_count=0

Compilation events (20 events):
Event: 8.216 Thread 0x0000020858673230 6181       4       org.apache.tomcat.util.buf.MessageBytes::toStringType (69 bytes)
Event: 8.217 Thread 0x00000208586741e0 nmethod 6180 0x0000020845621290 code [0x0000020845621500, 0x00000208456221f0]
Event: 8.217 Thread 0x00000208586741e0 6182       3       java.util.concurrent.ConcurrentLinkedQueue::<init> (21 bytes)
Event: 8.218 Thread 0x00000208586741e0 nmethod 6182 0x0000020845622510 code [0x00000208456226e0, 0x0000020845622ae0]
Event: 8.220 Thread 0x0000020858673230 nmethod 6181 0x000002084c873890 code [0x000002084c873a40, 0x000002084c873ce8]
Event: 8.221 Thread 0x00000208586741e0 6183       3       com.mysql.cj.Messages::getString (8 bytes)
Event: 8.221 Thread 0x0000020858673230 6184       4       java.util.Arrays$ArrayItr::hasNext (18 bytes)
Event: 8.222 Thread 0x00000208586741e0 nmethod 6183 0x0000020845622c90 code [0x0000020845622e40, 0x0000020845622f68]
Event: 8.222 Thread 0x00000208586741e0 6185   !   3       com.mysql.cj.Messages::getString (99 bytes)
Event: 8.222 Thread 0x0000020858673230 nmethod 6184 0x000002084c873e90 code [0x000002084c874000, 0x000002084c8740b0]
Event: 8.222 Thread 0x00000208586741e0 nmethod 6185 0x0000020845623010 code [0x0000020845623340, 0x00000208456241b8]
Event: 8.223 Thread 0x00000208586741e0 6186       3       java.security.AlgorithmParameters::init (31 bytes)
Event: 8.223 Thread 0x00000208586741e0 nmethod 6186 0x0000020845624890 code [0x0000020845624a60, 0x0000020845624d60]
Event: 8.226 Thread 0x00000208586741e0 6187       3       java.util.Arrays::fill (28 bytes)
Event: 8.226 Thread 0x00000208586741e0 nmethod 6187 0x0000020845624e90 code [0x0000020845625040, 0x0000020845625258]
Event: 8.230 Thread 0x0000020858673230 6188       4       java.math.BigInteger::montReduce (99 bytes)
Event: 8.235 Thread 0x00000208586741e0 6189       3       javax.crypto.Cipher::tokenizeTransformation (214 bytes)
Event: 8.237 Thread 0x00000208586741e0 nmethod 6189 0x0000020845625390 code [0x0000020845625880, 0x0000020845627f88]
Event: 8.237 Thread 0x00000208586741e0 6190       3       jdk.internal.misc.InternalLock::<init> (16 bytes)
Event: 8.238 Thread 0x00000208586741e0 nmethod 6190 0x0000020845628b10 code [0x0000020845628d00, 0x0000020845629278]

GC Heap History (20 events):
Event: 0.804 GC heap before
{Heap before GC invocations=0 (full 0):
 garbage-first heap   total 129024K, used 13312K [0x0000000083800000, 0x0000000100000000)
  region size 1024K, 13 young (13312K), 0 survivors (0K)
 Metaspace       used 5710K, committed 5952K, reserved 1114112K
  class space    used 597K, committed 704K, reserved 1048576K
}
Event: 0.810 GC heap after
{Heap after GC invocations=1 (full 0):
 garbage-first heap   total 129024K, used 4266K [0x0000000083800000, 0x0000000100000000)
  region size 1024K, 2 young (2048K), 2 survivors (2048K)
 Metaspace       used 5710K, committed 5952K, reserved 1114112K
  class space    used 597K, committed 704K, reserved 1048576K
}
Event: 1.514 GC heap before
{Heap before GC invocations=1 (full 0):
 garbage-first heap   total 129024K, used 20650K [0x0000000083800000, 0x0000000100000000)
  region size 1024K, 18 young (18432K), 2 survivors (2048K)
 Metaspace       used 10827K, committed 11136K, reserved 1114112K
  class space    used 1251K, committed 1408K, reserved 1048576K
}
Event: 1.520 GC heap after
{Heap after GC invocations=2 (full 0):
 garbage-first heap   total 129024K, used 6201K [0x0000000083800000, 0x0000000100000000)
  region size 1024K, 2 young (2048K), 2 survivors (2048K)
 Metaspace       used 10827K, committed 11136K, reserved 1114112K
  class space    used 1251K, committed 1408K, reserved 1048576K
}
Event: 2.915 GC heap before
{Heap before GC invocations=2 (full 0):
 garbage-first heap   total 129024K, used 51257K [0x0000000083800000, 0x0000000100000000)
  region size 1024K, 48 young (49152K), 2 survivors (2048K)
 Metaspace       used 21199K, committed 21504K, reserved 1114112K
  class space    used 2535K, committed 2688K, reserved 1048576K
}
Event: 2.926 GC heap after
{Heap after GC invocations=3 (full 0):
 garbage-first heap   total 129024K, used 10435K [0x0000000083800000, 0x0000000100000000)
  region size 1024K, 6 young (6144K), 6 survivors (6144K)
 Metaspace       used 21199K, committed 21504K, reserved 1114112K
  class space    used 2535K, committed 2688K, reserved 1048576K
}
Event: 3.649 GC heap before
{Heap before GC invocations=4 (full 0):
 garbage-first heap   total 40960K, used 28867K [0x0000000083800000, 0x0000000100000000)
  region size 1024K, 24 young (24576K), 6 survivors (6144K)
 Metaspace       used 23938K, committed 24320K, reserved 1114112K
  class space    used 2905K, committed 3072K, reserved 1048576K
}
Event: 3.664 GC heap after
{Heap after GC invocations=5 (full 0):
 garbage-first heap   total 40960K, used 12054K [0x0000000083800000, 0x0000000100000000)
  region size 1024K, 2 young (2048K), 2 survivors (2048K)
 Metaspace       used 23938K, committed 24320K, reserved 1114112K
  class space    used 2905K, committed 3072K, reserved 1048576K
}
Event: 4.400 GC heap before
{Heap before GC invocations=5 (full 0):
 garbage-first heap   total 40960K, used 30486K [0x0000000083800000, 0x0000000100000000)
  region size 1024K, 20 young (20480K), 2 survivors (2048K)
 Metaspace       used 27728K, committed 28224K, reserved 1114112K
  class space    used 3405K, committed 3648K, reserved 1048576K
}
Event: 4.410 GC heap after
{Heap after GC invocations=6 (full 0):
 garbage-first heap   total 40960K, used 14113K [0x0000000083800000, 0x0000000100000000)
  region size 1024K, 3 young (3072K), 3 survivors (3072K)
 Metaspace       used 27728K, committed 28224K, reserved 1114112K
  class space    used 3405K, committed 3648K, reserved 1048576K
}
Event: 5.122 GC heap before
{Heap before GC invocations=6 (full 0):
 garbage-first heap   total 40960K, used 32545K [0x0000000083800000, 0x0000000100000000)
  region size 1024K, 21 young (21504K), 3 survivors (3072K)
 Metaspace       used 30494K, committed 30976K, reserved 1114112K
  class space    used 3755K, committed 3968K, reserved 1048576K
}
Event: 5.129 GC heap after
{Heap after GC invocations=7 (full 0):
 garbage-first heap   total 40960K, used 16737K [0x0000000083800000, 0x0000000100000000)
  region size 1024K, 3 young (3072K), 3 survivors (3072K)
 Metaspace       used 30494K, committed 30976K, reserved 1114112K
  class space    used 3755K, committed 3968K, reserved 1048576K
}
Event: 5.798 GC heap before
{Heap before GC invocations=7 (full 0):
 garbage-first heap   total 40960K, used 33121K [0x0000000083800000, 0x0000000100000000)
  region size 1024K, 19 young (19456K), 3 survivors (3072K)
 Metaspace       used 33569K, committed 34176K, reserved 1114112K
  class space    used 4162K, committed 4416K, reserved 1048576K
}
Event: 5.805 GC heap after
{Heap after GC invocations=8 (full 0):
 garbage-first heap   total 40960K, used 18789K [0x0000000083800000, 0x0000000100000000)
  region size 1024K, 3 young (3072K), 3 survivors (3072K)
 Metaspace       used 33569K, committed 34176K, reserved 1114112K
  class space    used 4162K, committed 4416K, reserved 1048576K
}
Event: 6.083 GC heap before
{Heap before GC invocations=8 (full 0):
 garbage-first heap   total 40960K, used 23909K [0x0000000083800000, 0x0000000100000000)
  region size 1024K, 10 young (10240K), 3 survivors (3072K)
 Metaspace       used 35431K, committed 35968K, reserved 1114112K
  class space    used 4428K, committed 4672K, reserved 1048576K
}
Event: 6.087 GC heap after
{Heap after GC invocations=9 (full 0):
 garbage-first heap   total 40960K, used 19581K [0x0000000083800000, 0x0000000100000000)
  region size 1024K, 1 young (1024K), 1 survivors (1024K)
 Metaspace       used 35431K, committed 35968K, reserved 1114112K
  class space    used 4428K, committed 4672K, reserved 1048576K
}
Event: 6.978 GC heap before
{Heap before GC invocations=10 (full 0):
 garbage-first heap   total 40960K, used 32893K [0x0000000083800000, 0x0000000100000000)
  region size 1024K, 15 young (15360K), 1 survivors (1024K)
 Metaspace       used 42525K, committed 43072K, reserved 1114112K
  class space    used 5257K, committed 5504K, reserved 1048576K
}
Event: 6.982 GC heap after
{Heap after GC invocations=11 (full 0):
 garbage-first heap   total 40960K, used 21394K [0x0000000083800000, 0x0000000100000000)
  region size 1024K, 2 young (2048K), 2 survivors (2048K)
 Metaspace       used 42525K, committed 43072K, reserved 1114112K
  class space    used 5257K, committed 5504K, reserved 1048576K
}
Event: 7.757 GC heap before
{Heap before GC invocations=11 (full 0):
 garbage-first heap   total 40960K, used 34706K [0x0000000083800000, 0x0000000100000000)
  region size 1024K, 15 young (15360K), 2 survivors (2048K)
 Metaspace       used 43141K, committed 43712K, reserved 1114112K
  class space    used 5263K, committed 5504K, reserved 1048576K
}
Event: 7.762 GC heap after
{Heap after GC invocations=12 (full 0):
 garbage-first heap   total 40960K, used 22172K [0x0000000083800000, 0x0000000100000000)
  region size 1024K, 2 young (2048K), 2 survivors (2048K)
 Metaspace       used 43141K, committed 43712K, reserved 1114112K
  class space    used 5263K, committed 5504K, reserved 1048576K
}

Dll operation events (10 events):
Event: 0.013 Loaded shared library C:\Program Files\Java\jdk-21\bin\java.dll
Event: 0.063 Loaded shared library C:\Program Files\Java\jdk-21\bin\jsvml.dll
Event: 0.169 Loaded shared library C:\Program Files\Java\jdk-21\bin\jimage.dll
Event: 0.177 Loaded shared library C:\Program Files\Java\jdk-21\bin\net.dll
Event: 0.180 Loaded shared library C:\Program Files\Java\jdk-21\bin\nio.dll
Event: 0.183 Loaded shared library C:\Program Files\Java\jdk-21\bin\zip.dll
Event: 0.270 Loaded shared library C:\Program Files\Java\jdk-21\bin\management.dll
Event: 0.286 Loaded shared library C:\Program Files\Java\jdk-21\bin\management_ext.dll
Event: 0.734 Loaded shared library C:\Program Files\Java\jdk-21\bin\extnet.dll
Event: 2.403 Loaded shared library C:\Program Files\Java\jdk-21\bin\sunmscapi.dll

Deoptimization events (20 events):
Event: 7.718 Thread 0x000002089fdc3540 Uncommon trap: trap_request=0xffffffbe fr.pc=0x000002084c836204 relative=0x0000000000000b04
Event: 7.718 Thread 0x000002089fdc3540 Uncommon trap: reason=profile_predicate action=maybe_recompile pc=0x000002084c836204 method=java.math.BigInteger.montReduce([I[III)[I @ 56 c2
Event: 7.718 Thread 0x000002089fdc3540 DEOPT PACKING pc=0x000002084c836204 sp=0x000000613c1fba20
Event: 7.718 Thread 0x000002089fdc3540 DEOPT UNPACKING pc=0x000002084c0246a2 sp=0x000000613c1fb9e8 mode 2
Event: 7.719 Thread 0x000002089fdc3540 Uncommon trap: trap_request=0xffffffbe fr.pc=0x000002084c836204 relative=0x0000000000000b04
Event: 7.719 Thread 0x000002089fdc3540 Uncommon trap: reason=profile_predicate action=maybe_recompile pc=0x000002084c836204 method=java.math.BigInteger.montReduce([I[III)[I @ 56 c2
Event: 7.719 Thread 0x000002089fdc3540 DEOPT PACKING pc=0x000002084c836204 sp=0x000000613c1fba20
Event: 7.719 Thread 0x000002089fdc3540 DEOPT UNPACKING pc=0x000002084c0246a2 sp=0x000000613c1fb9e8 mode 2
Event: 7.719 Thread 0x000002089fdc3540 DEOPT PACKING pc=0x0000020844ab18f1 sp=0x000000613c1fb8e0
Event: 7.719 Thread 0x000002089fdc3540 DEOPT UNPACKING pc=0x000002084c024e42 sp=0x000000613c1fad60 mode 0
Event: 7.719 Thread 0x000002089fdc3540 DEOPT PACKING pc=0x00000208454ad92c sp=0x000000613c1fb9c0
Event: 7.719 Thread 0x000002089fdc3540 DEOPT UNPACKING pc=0x000002084c024e42 sp=0x000000613c1fae40 mode 0
Event: 7.791 Thread 0x000002089fdc2190 DEOPT PACKING pc=0x0000020844adcb1f sp=0x000000613c4fbc40
Event: 7.792 Thread 0x000002089fdc2190 DEOPT UNPACKING pc=0x000002084c024e42 sp=0x000000613c4fb0c0 mode 0
Event: 7.823 Thread 0x000002089ff4d050 DEOPT PACKING pc=0x0000020845499e91 sp=0x000000613c6fbed0
Event: 7.823 Thread 0x000002089ff4d050 DEOPT UNPACKING pc=0x000002084c024e42 sp=0x000000613c6fb348 mode 0
Event: 7.903 Thread 0x000002089ff4c330 DEOPT PACKING pc=0x0000020844adc43f sp=0x000000613c7fc020
Event: 7.904 Thread 0x000002089ff4c330 DEOPT UNPACKING pc=0x000002084c024e42 sp=0x000000613c7fb4a0 mode 0
Event: 8.230 Thread 0x000002089fdc2eb0 DEOPT PACKING pc=0x0000020845575823 sp=0x000000613befc240
Event: 8.230 Thread 0x000002089fdc2eb0 DEOPT UNPACKING pc=0x000002084c024e42 sp=0x000000613befb6d8 mode 0

Classes loaded (20 events):
Event: 6.789 Loading class sun/security/ssl/PostHandshakeContext
Event: 6.789 Loading class sun/security/ssl/PostHandshakeContext done
Event: 6.789 Loading class sun/security/ssl/NewSessionTicket$T13NewSessionTicketMessage
Event: 6.790 Loading class sun/security/ssl/NewSessionTicket$NewSessionTicketMessage
Event: 6.790 Loading class sun/security/ssl/NewSessionTicket$NewSessionTicketMessage done
Event: 6.790 Loading class sun/security/ssl/NewSessionTicket$T13NewSessionTicketMessage done
Event: 6.875 Loading class java/util/TimerTask
Event: 6.875 Loading class java/util/TimerTask done
Event: 6.925 Loading class sun/security/ssl/Alert
Event: 6.925 Loading class sun/security/ssl/Alert done
Event: 6.925 Loading class sun/security/ssl/Alert$AlertConsumer
Event: 6.925 Loading class sun/security/ssl/Alert$AlertConsumer done
Event: 6.926 Loading class sun/security/ssl/Alert$Level
Event: 6.926 Loading class sun/security/ssl/Alert$Level done
Event: 6.941 Loading class java/util/stream/LongStream
Event: 6.941 Loading class java/util/stream/LongStream done
Event: 6.941 Loading class java/util/stream/DoubleStream
Event: 6.941 Loading class java/util/stream/DoubleStream done
Event: 6.943 Loading class java/util/AbstractMap$SimpleEntry
Event: 6.943 Loading class java/util/AbstractMap$SimpleEntry done

Classes unloaded (0 events):
No events

Classes redefined (0 events):
No events

Internal exceptions (20 events):
Event: 7.591 Thread 0x000002089fdc0de0 Exception <a 'java/io/IOException'{0x00000000856070e0}> (0x00000000856070e0) 
thrown [s\open\src\hotspot\share\prims\jni.cpp, line 520]
Event: 7.594 Thread 0x000002089fdc2820 Exception <a 'java/io/IOException'{0x0000000085649148}> (0x0000000085649148) 
thrown [s\open\src\hotspot\share\prims\jni.cpp, line 520]
Event: 7.596 Thread 0x000002089fdc2190 Exception <a 'java/io/IOException'{0x00000000856d02e0}> (0x00000000856d02e0) 
thrown [s\open\src\hotspot\share\prims\jni.cpp, line 520]
Event: 7.600 Thread 0x000002089ff4d050 Exception <a 'java/io/IOException'{0x000000008551a870}> (0x000000008551a870) 
thrown [s\open\src\hotspot\share\prims\jni.cpp, line 520]
Event: 7.607 Thread 0x000002089fdc1b00 Exception <a 'java/io/IOException'{0x0000000085584060}> (0x0000000085584060) 
thrown [s\open\src\hotspot\share\prims\jni.cpp, line 520]
Event: 7.749 Thread 0x000002089fdc2eb0 Exception <a 'java/io/IOException'{0x00000000854313a0}> (0x00000000854313a0) 
thrown [s\open\src\hotspot\share\prims\jni.cpp, line 520]
Event: 7.765 Thread 0x000002089ff4c330 Exception <a 'java/io/IOException'{0x000000008b511fe0}> (0x000000008b511fe0) 
thrown [s\open\src\hotspot\share\prims\jni.cpp, line 520]
Event: 7.766 Thread 0x000002089fdc1470 Exception <a 'java/io/IOException'{0x000000008b517d10}> (0x000000008b517d10) 
thrown [s\open\src\hotspot\share\prims\jni.cpp, line 520]
Event: 7.767 Thread 0x000002089fdc00c0 Exception <a 'java/io/IOException'{0x000000008b523ed0}> (0x000000008b523ed0) 
thrown [s\open\src\hotspot\share\prims\jni.cpp, line 520]
Event: 7.771 Thread 0x000002089fdc3540 Exception <a 'java/io/IOException'{0x000000008b529828}> (0x000000008b529828) 
thrown [s\open\src\hotspot\share\prims\jni.cpp, line 520]
Event: 7.860 Thread 0x000002089fdc2820 Exception <a 'java/io/IOException'{0x0000000088504f60}> (0x0000000088504f60) 
thrown [s\open\src\hotspot\share\prims\jni.cpp, line 520]
Event: 7.863 Thread 0x000002089fdc2190 Exception <a 'java/io/IOException'{0x0000000088509138}> (0x0000000088509138) 
thrown [s\open\src\hotspot\share\prims\jni.cpp, line 520]
Event: 7.871 Thread 0x000002089fdc1b00 Exception <a 'java/io/IOException'{0x00000000885fded8}> (0x00000000885fded8) 
thrown [s\open\src\hotspot\share\prims\jni.cpp, line 520]
Event: 8.007 Thread 0x000002089ff4c330 Exception <a 'java/io/IOException'{0x00000000883795e8}> (0x00000000883795e8) 
thrown [s\open\src\hotspot\share\prims\jni.cpp, line 520]
Event: 8.010 Thread 0x000002089fdc1470 Exception <a 'java/io/IOException'{0x0000000088399da0}> (0x0000000088399da0) 
thrown [s\open\src\hotspot\share\prims\jni.cpp, line 520]
Event: 8.013 Thread 0x000002089fdc00c0 Exception <a 'java/io/IOException'{0x0000000088223b78}> (0x0000000088223b78) 
thrown [s\open\src\hotspot\share\prims\jni.cpp, line 520]
Event: 8.015 Thread 0x000002089fdc3540 Exception <a 'java/io/IOException'{0x0000000088265fa8}> (0x0000000088265fa8) 
thrown [s\open\src\hotspot\share\prims\jni.cpp, line 520]
Event: 8.016 Thread 0x000002089fdc2820 Exception <a 'java/net/SocketException'{0x00000000882ea778}: Connection reset by peer: shutdown> (0x00000000882ea778) 
thrown [s\open\src\hotspot\share\prims\jni.cpp, line 539]
Event: 8.107 Thread 0x000002089ff4d050 Exception <a 'java/io/IOException'{0x00000000881e16a0}> (0x00000000881e16a0) 
thrown [s\open\src\hotspot\share\prims\jni.cpp, line 520]
Event: 8.112 Thread 0x000002089fdc1b00 Exception <a 'java/io/IOException'{0x00000000880aa6b0}> (0x00000000880aa6b0) 
thrown [s\open\src\hotspot\share\prims\jni.cpp, line 520]

ZGC Phase Switch (0 events):
No events

VM Operations (20 events):
Event: 5.917 Executing VM operation: HandshakeAllThreads (Deoptimize)
Event: 5.917 Executing VM operation: HandshakeAllThreads (Deoptimize) done
Event: 6.083 Executing VM operation: CollectForMetadataAllocation (Metadata GC Threshold)
Event: 6.087 Executing VM operation: CollectForMetadataAllocation (Metadata GC Threshold) done
Event: 6.130 Executing VM operation: G1PauseRemark
Event: 6.135 Executing VM operation: G1PauseRemark done
Event: 6.158 Executing VM operation: G1PauseCleanup
Event: 6.158 Executing VM operation: G1PauseCleanup done
Event: 6.382 Executing VM operation: HandshakeAllThreads (Deoptimize)
Event: 6.382 Executing VM operation: HandshakeAllThreads (Deoptimize) done
Event: 6.682 Executing VM operation: HandshakeAllThreads (Deoptimize)
Event: 6.691 Executing VM operation: HandshakeAllThreads (Deoptimize) done
Event: 6.929 Executing VM operation: HandshakeAllThreads (Deoptimize)
Event: 6.929 Executing VM operation: HandshakeAllThreads (Deoptimize) done
Event: 6.977 Executing VM operation: G1CollectForAllocation (G1 Evacuation Pause)
Event: 6.983 Executing VM operation: G1CollectForAllocation (G1 Evacuation Pause) done
Event: 7.546 Executing VM operation: ICBufferFull
Event: 7.547 Executing VM operation: ICBufferFull done
Event: 7.757 Executing VM operation: G1CollectForAllocation (G1 Evacuation Pause)
Event: 7.762 Executing VM operation: G1CollectForAllocation (G1 Evacuation Pause) done

Events (20 events):
Event: 6.135 Thread 0x0000020858641d80 flushing nmethod 0x0000020844d73710
Event: 6.135 Thread 0x0000020858641d80 flushing nmethod 0x0000020844da1390
Event: 6.135 Thread 0x0000020858641d80 flushing nmethod 0x0000020844da4310
Event: 6.135 Thread 0x0000020858641d80 flushing nmethod 0x0000020844da7c90
Event: 6.135 Thread 0x0000020858641d80 flushing nmethod 0x0000020844db2490
Event: 6.135 Thread 0x0000020858641d80 flushing nmethod 0x0000020844db5210
Event: 6.135 Thread 0x0000020858641d80 flushing nmethod 0x0000020844db5590
Event: 6.135 Thread 0x0000020858641d80 flushing nmethod 0x0000020844db6b10
Event: 6.135 Thread 0x0000020858641d80 flushing nmethod 0x0000020844dfb890
Event: 6.135 Thread 0x0000020858641d80 flushing nmethod 0x0000020844e0f390
Event: 6.135 Thread 0x0000020858641d80 flushing nmethod 0x0000020844eb7210
Event: 6.135 Thread 0x0000020858641d80 flushing nmethod 0x0000020844eb7590
Event: 6.135 Thread 0x0000020858641d80 flushing nmethod 0x0000020844edb610
Event: 6.135 Thread 0x0000020858641d80 flushing nmethod 0x0000020844edbf90
Event: 6.135 Thread 0x0000020858641d80 flushing nmethod 0x0000020844edc790
Event: 6.135 Thread 0x0000020858641d80 flushing nmethod 0x0000020844ee0890
Event: 6.135 Thread 0x0000020858641d80 flushing nmethod 0x0000020844f2db10
Event: 6.135 Thread 0x0000020858641d80 flushing nmethod 0x0000020844f30e90
Event: 6.135 Thread 0x0000020858641d80 flushing nmethod 0x0000020844f31590
Event: 6.135 Thread 0x0000020858641d80 flushing nmethod 0x0000020844f3c110


Dynamic libraries:
0x00007ff6efaf0000 - 0x00007ff6efb00000 	C:\Program Files\Java\jdk-21\bin\java.exe
0x00007ffeb78f0000 - 0x00007ffeb7ae8000 	C:\Windows\SYSTEM32\ntdll.dll
0x00007ffeb6a70000 - 0x00007ffeb6b32000 	C:\Windows\System32\KERNEL32.DLL
0x00007ffeb5320000 - 0x00007ffeb5616000 	C:\Windows\System32\KERNELBASE.dll
0x00007ffeb5190000 - 0x00007ffeb5290000 	C:\Windows\System32\ucrtbase.dll
0x00007ffe92ca0000 - 0x00007ffe92cbb000 	C:\Program Files\Java\jdk-21\bin\VCRUNTIME140.dll
0x00007ffeb09c0000 - 0x00007ffeb09d9000 	C:\Program Files\Java\jdk-21\bin\jli.dll
0x00007ffeb7540000 - 0x00007ffeb75f1000 	C:\Windows\System32\ADVAPI32.dll
0x00007ffeb7810000 - 0x00007ffeb78ae000 	C:\Windows\System32\msvcrt.dll
0x00007ffeb7700000 - 0x00007ffeb779f000 	C:\Windows\System32\sechost.dll
0x00007ffeb6d10000 - 0x00007ffeb6e30000 	C:\Windows\System32\RPCRT4.dll
0x00007ffeb58f0000 - 0x00007ffeb5917000 	C:\Windows\System32\bcrypt.dll
0x00007ffeb66c0000 - 0x00007ffeb685d000 	C:\Windows\System32\USER32.dll
0x00007ffeb5160000 - 0x00007ffeb5182000 	C:\Windows\System32\win32u.dll
0x00007ffea96e0000 - 0x00007ffea997b000 	C:\Windows\WinSxS\amd64_microsoft.windows.common-controls_6595b64144ccf1df_6.0.19041.6280_none_60bc30a171f2f3f3\COMCTL32.dll
0x00007ffeb6860000 - 0x00007ffeb688b000 	C:\Windows\System32\GDI32.dll
0x00007ffeb4f90000 - 0x00007ffeb50a9000 	C:\Windows\System32\gdi32full.dll
0x00007ffeb5850000 - 0x00007ffeb58ed000 	C:\Windows\System32\msvcp_win.dll
0x00007ffeaf310000 - 0x00007ffeaf31a000 	C:\Windows\SYSTEM32\VERSION.dll
0x00007ffeb6690000 - 0x00007ffeb66bf000 	C:\Windows\System32\IMM32.DLL
0x00007ffeaf270000 - 0x00007ffeaf27c000 	C:\Program Files\Java\jdk-21\bin\vcruntime140_1.dll
0x00007ffe91c90000 - 0x00007ffe91d1e000 	C:\Program Files\Java\jdk-21\bin\msvcp140.dll
0x00007ffe63760000 - 0x00007ffe64473000 	C:\Program Files\Java\jdk-21\bin\server\jvm.dll
0x00007ffeb6620000 - 0x00007ffeb668b000 	C:\Windows\System32\WS2_32.dll
0x00007ffeb44d0000 - 0x00007ffeb451b000 	C:\Windows\SYSTEM32\POWRPROF.dll
0x00007ffea7580000 - 0x00007ffea75a7000 	C:\Windows\SYSTEM32\WINMM.dll
0x00007ffeb4390000 - 0x00007ffeb43a2000 	C:\Windows\SYSTEM32\UMPDC.dll
0x00007ffeb3800000 - 0x00007ffeb3812000 	C:\Windows\SYSTEM32\kernel.appcore.dll
0x00007ffeadc30000 - 0x00007ffeadc3a000 	C:\Program Files\Java\jdk-21\bin\jimage.dll
0x00007ffeb3490000 - 0x00007ffeb3691000 	C:\Windows\SYSTEM32\DBGHELP.DLL
0x00007ffeab3b0000 - 0x00007ffeab3e4000 	C:\Windows\SYSTEM32\dbgcore.DLL
0x00007ffeb5290000 - 0x00007ffeb5312000 	C:\Windows\System32\bcryptPrimitives.dll
0x00007ffe92b00000 - 0x00007ffe92b1f000 	C:\Program Files\Java\jdk-21\bin\java.dll
0x00007ffeb5a70000 - 0x00007ffeb61e0000 	C:\Windows\System32\SHELL32.dll
0x00007ffeb2ce0000 - 0x00007ffeb3485000 	C:\Windows\SYSTEM32\windows.storage.dll
0x00007ffeb61e0000 - 0x00007ffeb6533000 	C:\Windows\System32\combase.dll
0x00007ffeb49c0000 - 0x00007ffeb49eb000 	C:\Windows\SYSTEM32\Wldp.dll
0x00007ffeb6ee0000 - 0x00007ffeb6fad000 	C:\Windows\System32\OLEAUT32.dll
0x00007ffeb6e30000 - 0x00007ffeb6edd000 	C:\Windows\System32\SHCORE.dll
0x00007ffeb5980000 - 0x00007ffeb59db000 	C:\Windows\System32\shlwapi.dll
0x00007ffeb4ec0000 - 0x00007ffeb4ee4000 	C:\Windows\SYSTEM32\profapi.dll
0x00007ffe90350000 - 0x00007ffe90427000 	C:\Program Files\Java\jdk-21\bin\jsvml.dll
0x00007ffeadbd0000 - 0x00007ffeadbe0000 	C:\Program Files\Java\jdk-21\bin\net.dll
0x00007ffeabd50000 - 0x00007ffeabe5a000 	C:\Windows\SYSTEM32\WINHTTP.dll
0x00007ffeb4720000 - 0x00007ffeb478a000 	C:\Windows\system32\mswsock.dll
0x00007ffe92400000 - 0x00007ffe92416000 	C:\Program Files\Java\jdk-21\bin\nio.dll
0x00007ffe92370000 - 0x00007ffe92388000 	C:\Program Files\Java\jdk-21\bin\zip.dll
0x00007ffeb0a00000 - 0x00007ffeb0a0a000 	C:\Program Files\Java\jdk-21\bin\management.dll
0x00007ffeb09e0000 - 0x00007ffeb09eb000 	C:\Program Files\Java\jdk-21\bin\management_ext.dll
0x00007ffeb7800000 - 0x00007ffeb7808000 	C:\Windows\System32\PSAPI.DLL
0x00007ffe955b0000 - 0x00007ffe955c7000 	C:\Windows\system32\napinsp.dll
0x00007ffe95590000 - 0x00007ffe955ab000 	C:\Windows\system32\pnrpnsp.dll
0x00007ffeb1400000 - 0x00007ffeb141d000 	C:\Windows\system32\wshbth.dll
0x00007ffead9a0000 - 0x00007ffead9bd000 	C:\Windows\system32\NLAapi.dll
0x00007ffeb43b0000 - 0x00007ffeb43eb000 	C:\Windows\SYSTEM32\IPHLPAPI.DLL
0x00007ffeb4400000 - 0x00007ffeb44ca000 	C:\Windows\SYSTEM32\DNSAPI.dll
0x00007ffeb6b40000 - 0x00007ffeb6b48000 	C:\Windows\System32\NSI.dll
0x00007ffe95570000 - 0x00007ffe95582000 	C:\Windows\System32\winrnr.dll
0x00007ffeacaa0000 - 0x00007ffeacaaa000 	C:\Windows\System32\rasadhlp.dll
0x00007ffeaa790000 - 0x00007ffeaa810000 	C:\Windows\System32\fwpuclnt.dll
0x00007ffeb4920000 - 0x00007ffeb4938000 	C:\Windows\SYSTEM32\CRYPTSP.dll
0x00007ffeb3fd0000 - 0x00007ffeb4008000 	C:\Windows\system32\rsaenh.dll
0x00007ffeb4e40000 - 0x00007ffeb4e6e000 	C:\Windows\SYSTEM32\USERENV.dll
0x00007ffeb4910000 - 0x00007ffeb491c000 	C:\Windows\SYSTEM32\CRYPTBASE.dll
0x00007ffeab250000 - 0x00007ffeab259000 	C:\Program Files\Java\jdk-21\bin\extnet.dll
0x00007ffeb09f0000 - 0x00007ffeb09fe000 	C:\Program Files\Java\jdk-21\bin\sunmscapi.dll
0x00007ffeb5620000 - 0x00007ffeb577d000 	C:\Windows\System32\CRYPT32.dll
0x00007ffeb4a30000 - 0x00007ffeb4a57000 	C:\Windows\SYSTEM32\ncrypt.dll
0x00007ffeb49f0000 - 0x00007ffeb4a2b000 	C:\Windows\SYSTEM32\NTASN1.dll
0x00007ffeb1db0000 - 0x00007ffeb1db7000 	C:\Windows\system32\wshunix.dll

dbghelp: loaded successfully - version: 4.0.5 - missing functions: none
symbol engine: initialized successfully - sym options: 0x614 - pdb path: .;C:\Program Files\Java\jdk-21\bin;C:\Windows\SYSTEM32;C:\Windows\WinSxS\amd64_microsoft.windows.common-controls_6595b64144ccf1df_6.0.19041.6280_none_60bc30a171f2f3f3;C:\Program Files\Java\jdk-21\bin\server

VM Arguments:
jvm_args: -Dcom.sun.management.jmxremote -Dcom.sun.management.jmxremote.port=51007 -Dcom.sun.management.jmxremote.authenticate=false -Dcom.sun.management.jmxremote.ssl=false -Dspring.jmx.enabled=true -Djava.rmi.server.hostname=localhost -Dspring.application.admin.enabled=true -Dspring.boot.project.name=backend -XX:+ShowCodeDetailsInExceptionMessages 
java_command: com.example.backend.BackendApplication
java_class_path (initial): H:\Tamara\cetvrtaGodina\PIA\PROJEKAT\backend\backend_SpringBoot\target\classes;C:\Users\Tamara\.m2\repository\org\springframework\boot\spring-boot-starter-web\3.3.4\spring-boot-starter-web-3.3.4.jar;C:\Users\Tamara\.m2\repository\org\springframework\boot\spring-boot-starter\3.3.4\spring-boot-starter-3.3.4.jar;C:\Users\Tamara\.m2\repository\org\springframework\boot\spring-boot\3.3.4\spring-boot-3.3.4.jar;C:\Users\Tamara\.m2\repository\org\springframework\boot\spring-boot-autoconfigure\3.3.4\spring-boot-autoconfigure-3.3.4.jar;C:\Users\Tamara\.m2\repository\org\springframework\boot\spring-boot-starter-logging\3.3.4\spring-boot-starter-logging-3.3.4.jar;C:\Users\Tamara\.m2\repository\ch\qos\logback\logback-classic\1.5.8\logback-classic-1.5.8.jar;C:\Users\Tamara\.m2\repository\ch\qos\logback\logback-core\1.5.8\logback-core-1.5.8.jar;C:\Users\Tamara\.m2\repository\org\apache\logging\log4j\log4j-to-slf4j\2.23.1\log4j-to-slf4j-2.23.1.jar;C:\Users\Tamara\.m2\repository\org\apache\logging\log4j\log4j-api\2.23.1\log4j-api-2.23.1.jar;C:\Users\Tamara\.m2\repository\org\slf4j\jul-to-slf4j\2.0.16\jul-to-slf4j-2.0.16.jar;C:\Users\Tamara\.m2\repository\jakarta\annotation\jakarta.annotation-api\2.1.1\jakarta.annotation-api-2.1.1.jar;C:\Users\Tamara\.m2\repository\org\yaml\snakeyaml\2.2\snakeyaml-2.2.jar;C:\Users\Tamara\.m2\repository\org\springframework\boot\spring-boot-starter-json\3.3.4\spring-boot-starter-json-3.3.4.jar;C:\Users\Tamara\.m2\repository\com\fasterxml\jackson\core\jackson-databind\2.17.2\jackson-databind-2.17.2.jar;C:\Users\Tamara\.m2\repository\com\fasterxml\jackson\core\jackson-annotations\2.17.2\jackson-annotations-2.17.2.jar;C:\Users\Tamara\.m2\repository\com\fasterxml\jackson\core\jackson-core\2.17.2\jackson-core-2.17.2.jar;C:\Users\Tamara\.m2\repository\com\fasterxml\jackson\datatype\jackson-datatype-jdk8\2.17.2\jackson-datatype-jdk8-2.17.2.jar;C:\Users\Tamara\.m2\repository\com\fasterxml\jackson\datatype\jackson-datatype-jsr310\2.17.2\jackson-datatype-jsr310-2.17.2.jar;C:\Users\Tamara\.m2\repository\com\fasterxml\jackson\module\jackson-module-parameter-names\2.17.2\jackson-module-parameter-names-2.17.2.jar;C:\Users\Tamara\.m2\repository\org\springframework\boot\spring-boot-starter-tomcat\3.3.4\spring-boot-starter-tomcat-3.3.4.jar;C:\Users\Tamara\.m2\repository\org\apache\tomcat\embed\tomcat-embed-core\10.1.30\tomcat-embed-core-10.1.30.jar;C:\Users\Tamara\.m2\repository\org\apache\tomcat\embed\tomcat-embed-el\10.1.30\tomcat-embed-el-10.1.30.jar;C:\Users\Tamara\.m2\repository\org\apache\tomcat\embed\tomcat-embed-websocket\10.1.30\tomcat-embed-websocket-10.1.30.jar;C:\Users\Tamara\.m2\repository\org\springframework\spring-web\6.1.13\spring-web-6.1.13.jar;C:\Users\Tamara\.m2\repository\org\springframework\spring-beans\6.1.13\spring-beans-6.1.13.jar;C:\Users\Tamara\.m2\repository\io\micrometer\micrometer-observation\1.13.4\micrometer-observation-1.13.4.jar;C:\Users\Tamara\.m2\repository\io\micrometer\micrometer-commons\1.13.4\micrometer-commons-1.13.4.jar;C:\Users\Tamara\.m2\repository\org\springframework\spring-webmvc\6.1.13\spring-webmvc-6.1.13.jar;C:\Users\Tamara\.m2\repository\org\springframework\spring-aop\6.1.13\spring-aop-6.1.13.jar;C:\Users\Tamara\.m2\repository\org\springframework\spring-context\6.1.13\spring-context-6.1.13.jar;C:\Users\Tamara\.m2\repository\org\springframework\spring-expression\6.1.13\spring-expression-6.1.13.jar;C:\Users\Tamara\.m2\repository\org\slf4j\slf4j-api\2.0.16\slf4j-api-2.0.16.jar;C:\Users\Tamara\.m2\repository\org\springframework\spring-core\6.1.13\spring-core-6.1.13.jar;C:\Users\Tamara\.m2\repository\org\springframework\spring-jcl\6.1.13\spring-jcl-6.1.13.jar;C:\Users\Tamara\.m2\repository\com\mysql\mysql-connector-j\8.0.33\mysql-connector-j-8.0.33.jar;C:\Users\Tamara\.m2\repository\org\springframework\boot\spring-boot-starter-jdbc\3.3.4\spring-boot-starter-jdbc-3.3.4.jar;C:\Users\Tamara\.m2\repository\com\zaxxer\HikariCP\5.1.0\HikariCP-5.1.0.jar;C:\Users\Tamara\.m2\repository\org\springframework\spring-jdbc\6.1.13\spring-jdbc-6.1.13.jar;C:\Users\Tamara\.m2\repository\org\springframework\spring-tx\6.1.13\spring-tx-6.1.13.jar
Launcher Type: SUN_STANDARD

[Global flags]
     intx CICompilerCount                          = 3                                         {product} {ergonomic}
     uint ConcGCThreads                            = 1                                         {product} {ergonomic}
     uint G1ConcRefinementThreads                  = 4                                         {product} {ergonomic}
   size_t G1HeapRegionSize                         = 1048576                                   {product} {ergonomic}
    uintx GCDrainStackTargetSize                   = 64                                        {product} {ergonomic}
   size_t InitialHeapSize                          = 132120576                                 {product} {ergonomic}
     bool ManagementServer                         = true                                      {product} {command line}
   size_t MarkStackSize                            = 4194304                                   {product} {ergonomic}
   size_t MaxHeapSize                              = 2088763392                                {product} {ergonomic}
   size_t MaxNewSize                               = 1253048320                                {product} {ergonomic}
   size_t MinHeapDeltaBytes                        = 1048576                                   {product} {ergonomic}
   size_t MinHeapSize                              = 8388608                                   {product} {ergonomic}
    uintx NonNMethodCodeHeapSize                   = 5832780                                {pd product} {ergonomic}
    uintx NonProfiledCodeHeapSize                  = 122912730                              {pd product} {ergonomic}
    uintx ProfiledCodeHeapSize                     = 122912730                              {pd product} {ergonomic}
    uintx ReservedCodeCacheSize                    = 251658240                              {pd product} {ergonomic}
     bool SegmentedCodeCache                       = true                                      {product} {ergonomic}
     bool ShowCodeDetailsInExceptionMessages       = true                                   {manageable} {command line}
   size_t SoftMaxHeapSize                          = 2088763392                             {manageable} {ergonomic}
     bool UseCompressedOops                        = true                           {product lp64_product} {ergonomic}
     bool UseG1GC                                  = true                                      {product} {ergonomic}
     bool UseLargePagesIndividualAllocation        = false                                  {pd product} {ergonomic}

Logging:
Log output configuration:
 #0: stdout all=warning uptime,level,tags foldmultilines=false
 #1: stderr all=off uptime,level,tags foldmultilines=false

Environment Variables:
JAVA_HOME=C:\Program Files\Java\jdk-21
PATH=C:\Program Files\Common Files\Oracle\Java\javapath;C:\Program Files (x86)\Common Files\Oracle\Java\java8path;C:\Program Files (x86)\Common Files\Oracle\Java\javapath;C:\Program Files\OpenLogic\jdk-17.0.11.9-hotspot\bin;C:\Program Files (x86)\VMware\VMware Player\bin\;C:\Windows\system32;C:\Windows;C:\Windows\System32\Wbem;C:\Windows\System32\WindowsPowerShell\v1.0\;C:\Windows\System32\OpenSSH\;C:\Program Files\Git\cmd;C:\Program Files (x86)\Microsoft SQL Server\160\Tools\Binn\;C:\Program Files\Microsoft SQL Server\160\Tools\Binn\;C:\Program Files\Microsoft SQL Server\Client SDK\ODBC\170\Tools\Binn\;C:\Program Files\Microsoft SQL Server\160\DTS\Binn\;C:\Program Files (x86)\Microsoft SQL Server\160\DTS\Binn\;C:\ProgramData\chocolatey\bin;C:\Program Files\nodejs\;C:\Program Files (x86)\Microsoft SQL Server\110\Tools\Binn\;C:\Program Files (x86)\Microsoft SQL Server\110\DTS\Binn\;C:\Program Files\apache-ant-1.10.15\bin;C:\Users\Tamara\AppData\Local\Programs\Python\Python312\Lib\site-packages;C:\Users\Tamara\AppData\Local\Programs\Python\Python312\Scripts;C:\Users\Tamara\AppData\Local\Programs\Python\Python312;C:\Users\Tamara\AppData\Local\Microsoft\WindowsApps;C:\Users\Tamara\AppData\Local\Programs\Microsoft VS Code\bin;C:\Users\Tamara\AppData\Roaming\npm
USERNAME=Tamara
LANG=en_US.UTF-8
OS=Windows_NT
PROCESSOR_IDENTIFIER=Intel64 Family 6 Model 142 Stepping 9, GenuineIntel
TMP=C:\Users\Tamara\AppData\Local\Temp
TEMP=C:\Users\Tamara\AppData\Local\Temp




Periodic native trim disabled

---------------  S Y S T E M  ---------------

OS:
 Windows 10 , 64 bit Build 19041 (10.0.19041.5915)
OS uptime: 10 days 2:28 hours

CPU: total 4 (initial active 4) (2 cores per cpu, 2 threads per core) family 6 model 142 stepping 9 microcode 0xb4, cx8, cmov, fxsr, ht, mmx, 3dnowpref, sse, sse2, sse3, ssse3, sse4.1, sse4.2, popcnt, lzcnt, tsc, tscinvbit, avx, avx2, aes, erms, clmul, bmi1, bmi2, adx, fma, vzeroupper, clflush, clflushopt, rdtscp, f16c
Processor Information for processor 0
  Max Mhz: 2701, Current Mhz: 1500, Mhz Limit: 2701
Processor Information for processor 1
  Max Mhz: 2701, Current Mhz: 1500, Mhz Limit: 2701
Processor Information for processor 2
  Max Mhz: 2701, Current Mhz: 2701, Mhz Limit: 2701
Processor Information for processor 3
  Max Mhz: 2701, Current Mhz: 1500, Mhz Limit: 2701

Memory: 4k page, system-wide physical 7965M (597M free)
TotalPageFile size 32541M (AvailPageFile size 5M)
current process WorkingSet (physical memory assigned to process): 194M, peak: 200M
current process commit charge ("private bytes"): 224M, peak: 254M

vm_info: Java HotSpot(TM) 64-Bit Server VM (21.0.4+8-LTS-274) for windows-amd64 JRE (21.0.4+8-LTS-274), built on 2024-06-05T05:23:33Z by "mach5one" with MS VC++ 17.6 (VS2022)

END.
