#
# There is insufficient memory for the Java Runtime Environment to continue.
# Native memory allocation (malloc) failed to allocate 865056 bytes for Chunk::new
# Possible reasons:
#   The system is out of physical RAM or swap space
#   The process is running with CompressedOops enabled, and the Java Heap may be blocking the growth of the native heap
# Possible solutions:
#   Reduce memory load on the system
#   Increase physical memory or swap space
#   Check if swap backing store is full
#   Decrease Java heap size (-Xmx/-Xms)
#   Decrease number of Java threads
#   Decrease Java thread stack sizes (-Xss)
#   Set larger code cache with -XX:ReservedCodeCacheSize=
#   JVM is running with Unscaled Compressed Oops mode in which the Java heap is
#     placed in the first 4GB address space. The Java Heap base address is the
#     maximum limit for the native heap growth. Please use -XX:HeapBaseMinAddress
#     to set the Java Heap base and to place the Java Heap above 4GB virtual address.
# This output file may be truncated or incomplete.
#
#  Out of Memory Error (arena.cpp:168), pid=14260, tid=19364
#
# JRE version: Java(TM) SE Runtime Environment (21.0.4+8) (build 21.0.4+8-LTS-274)
# Java VM: Java HotSpot(TM) 64-Bit Server VM (21.0.4+8-LTS-274, mixed mode, sharing, tiered, compressed oops, compressed class ptrs, g1 gc, windows-amd64)
# No core dump will be written. Minidumps are not enabled by default on client versions of Windows
#

---------------  S U M M A R Y ------------

Command Line: -Dcom.sun.management.jmxremote -Dcom.sun.management.jmxremote.port=51007 -Dcom.sun.management.jmxremote.authenticate=false -Dcom.sun.management.jmxremote.ssl=false -Dspring.jmx.enabled=true -Djava.rmi.server.hostname=localhost -Dspring.application.admin.enabled=true -Dspring.boot.project.name=backend -XX:+ShowCodeDetailsInExceptionMessages com.example.backend.BackendApplication

Host: Intel(R) Core(TM) i5-7200U CPU @ 2.50GHz, 4 cores, 7G,  Windows 10 , 64 bit Build 19041 (10.0.19041.5915)
Time: Mon Sep 22 23:39:02 2025 Central Europe Daylight Time elapsed time: 25.557316 seconds (0d 0h 0m 25s)

---------------  T H R E A D  ---------------

Current thread (0x00000206560f6650):  JavaThread "C2 CompilerThread0" daemon [_thread_in_native, id=19364, stack(0x000000a691300000,0x000000a691400000) (1024K)]


Current CompileTask:
C2:  25557 9615       4       org.springframework.util.LinkedCaseInsensitiveMap::put (66 bytes)

Stack: [0x000000a691300000,0x000000a691400000]
Native frames: (J=compiled Java code, j=interpreted, Vv=VM code, C=native code)
V  [jvm.dll+0x6c8e59]
V  [jvm.dll+0x853181]
V  [jvm.dll+0x8556ae]
V  [jvm.dll+0x855d83]
V  [jvm.dll+0x27d526]
V  [jvm.dll+0xc4aad]
V  [jvm.dll+0xc4fe3]
V  [jvm.dll+0x3b400c]
V  [jvm.dll+0x3809a5]
V  [jvm.dll+0x37fe1a]
V  [jvm.dll+0x246280]
V  [jvm.dll+0x24585f]
V  [jvm.dll+0x1c69de]
V  [jvm.dll+0x254d49]
V  [jvm.dll+0x2532da]
V  [jvm.dll+0x3ed426]
V  [jvm.dll+0x7fd65b]
V  [jvm.dll+0x6c753d]
C  [ucrtbase.dll+0x21bb2]
C  [KERNEL32.DLL+0x17374]
C  [ntdll.dll+0x4cc91]


---------------  P R O C E S S  ---------------

Threads class SMR info:
_java_thread_list=0x000002069ee1f5f0, length=30, elements={
0x00000206560d3eb0, 0x00000206560d4bd0, 0x00000206560dbf20, 0x00000206560de410,
0x00000206560dd6f0, 0x00000206560dc9d0, 0x00000206560f6650, 0x00000206560f70f0,
0x00000206560ddd80, 0x00000206560deaa0, 0x00000206560dd060, 0x00000206560df130,
0x00000206560df7c0, 0x000002069cef64d0, 0x000002069cefcdd0, 0x000002069cefad00,
0x000002069cef6b60, 0x000002069cef7880, 0x000002069cef5e40, 0x000002069cefb390,
0x000002069cef85a0, 0x000002069cef8c30, 0x000002069cefba20, 0x000002069cef7f10,
0x000002069cefc0b0, 0x000002069cef71f0, 0x000002069cef92c0, 0x000002069cef9950,
0x000002069cefd460, 0x000002069cef9fe0
}

Java Threads: ( => current thread )
  0x00000206560d3eb0 JavaThread "Reference Handler"          daemon [_thread_blocked, id=11860, stack(0x000000a690d00000,0x000000a690e00000) (1024K)]
  0x00000206560d4bd0 JavaThread "Finalizer"                  daemon [_thread_blocked, id=13520, stack(0x000000a690e00000,0x000000a690f00000) (1024K)]
  0x00000206560dbf20 JavaThread "Signal Dispatcher"          daemon [_thread_blocked, id=10212, stack(0x000000a690f00000,0x000000a691000000) (1024K)]
  0x00000206560de410 JavaThread "Attach Listener"            daemon [_thread_blocked, id=14720, stack(0x000000a691000000,0x000000a691100000) (1024K)]
  0x00000206560dd6f0 JavaThread "Service Thread"             daemon [_thread_blocked, id=8932, stack(0x000000a691100000,0x000000a691200000) (1024K)]
  0x00000206560dc9d0 JavaThread "Monitor Deflation Thread"   daemon [_thread_blocked, id=18192, stack(0x000000a691200000,0x000000a691300000) (1024K)]
=>0x00000206560f6650 JavaThread "C2 CompilerThread0"         daemon [_thread_in_native, id=19364, stack(0x000000a691300000,0x000000a691400000) (1024K)]
  0x00000206560f70f0 JavaThread "C1 CompilerThread0"         daemon [_thread_blocked, id=20920, stack(0x000000a691400000,0x000000a691500000) (1024K)]
  0x00000206560ddd80 JavaThread "Common-Cleaner"             daemon [_thread_blocked, id=17196, stack(0x000000a691500000,0x000000a691600000) (1024K)]
  0x00000206560deaa0 JavaThread "Notification Thread"        daemon [_thread_blocked, id=16176, stack(0x000000a691600000,0x000000a691700000) (1024K)]
  0x00000206560dd060 JavaThread "RMI TCP Accept-0"           daemon [_thread_in_native, id=12140, stack(0x000000a691800000,0x000000a691900000) (1024K)]
  0x00000206560df130 JavaThread "RMI TCP Accept-51007"       daemon [_thread_in_native, id=20764, stack(0x000000a691900000,0x000000a691a00000) (1024K)]
  0x00000206560df7c0 JavaThread "RMI TCP Accept-0"           daemon [_thread_in_native, id=1444, stack(0x000000a691a00000,0x000000a691b00000) (1024K)]
  0x000002069cef64d0 JavaThread "Catalina-utility-1"                [_thread_blocked, id=20988, stack(0x000000a691e00000,0x000000a691f00000) (1024K)]
  0x000002069cefcdd0 JavaThread "Catalina-utility-2"                [_thread_blocked, id=15204, stack(0x000000a691f00000,0x000000a692000000) (1024K)]
  0x000002069cefad00 JavaThread "container-0"                       [_thread_blocked, id=21400, stack(0x000000a692000000,0x000000a692100000) (1024K)]
  0x000002069cef6b60 JavaThread "mysql-cj-abandoned-connection-cleanup" daemon [_thread_blocked, id=18528, stack(0x000000a692100000,0x000000a692200000) (1024K)]
  0x000002069cef7880 JavaThread "http-nio-8080-exec-1"       daemon [_thread_in_Java, id=18212, stack(0x000000a692200000,0x000000a692300000) (1024K)]
  0x000002069cef5e40 JavaThread "http-nio-8080-exec-2"       daemon [_thread_blocked, id=17340, stack(0x000000a692300000,0x000000a692400000) (1024K)]
  0x000002069cefb390 JavaThread "http-nio-8080-exec-3"       daemon [_thread_blocked, id=3324, stack(0x000000a692400000,0x000000a692500000) (1024K)]
  0x000002069cef85a0 JavaThread "http-nio-8080-exec-4"       daemon [_thread_in_Java, id=10260, stack(0x000000a692500000,0x000000a692600000) (1024K)]
  0x000002069cef8c30 JavaThread "http-nio-8080-exec-5"       daemon [_thread_blocked, id=14672, stack(0x000000a692600000,0x000000a692700000) (1024K)]
  0x000002069cefba20 JavaThread "http-nio-8080-exec-6"       daemon [_thread_blocked, id=14704, stack(0x000000a692700000,0x000000a692800000) (1024K)]
  0x000002069cef7f10 JavaThread "http-nio-8080-exec-7"       daemon [_thread_blocked, id=11640, stack(0x000000a692800000,0x000000a692900000) (1024K)]
  0x000002069cefc0b0 JavaThread "http-nio-8080-exec-8"       daemon [_thread_blocked, id=12668, stack(0x000000a692900000,0x000000a692a00000) (1024K)]
  0x000002069cef71f0 JavaThread "http-nio-8080-exec-9"       daemon [_thread_blocked, id=12360, stack(0x000000a692a00000,0x000000a692b00000) (1024K)]
  0x000002069cef92c0 JavaThread "http-nio-8080-exec-10"      daemon [_thread_in_native, id=15796, stack(0x000000a692b00000,0x000000a692c00000) (1024K)]
  0x000002069cef9950 JavaThread "http-nio-8080-Poller"       daemon [_thread_in_native, id=9792, stack(0x000000a692c00000,0x000000a692d00000) (1024K)]
  0x000002069cefd460 JavaThread "http-nio-8080-Acceptor"     daemon [_thread_in_native, id=12032, stack(0x000000a692d00000,0x000000a692e00000) (1024K)]
  0x000002069cef9fe0 JavaThread "DestroyJavaVM"                     [_thread_blocked, id=9964, stack(0x000000a690500000,0x000000a690600000) (1024K)]
Total: 30

Other Threads:
  0x00000206560b77b0 VMThread "VM Thread"                           [id=7600, stack(0x000000a690c00000,0x000000a690d00000) (1024K)]
  0x000002065609e3a0 WatcherThread "VM Periodic Task Thread"        [id=10548, stack(0x000000a690b00000,0x000000a690c00000) (1024K)]
  0x000002063a0ed090 WorkerThread "GC Thread#0"                     [id=12292, stack(0x000000a690600000,0x000000a690700000) (1024K)]
  0x0000020656a27d60 WorkerThread "GC Thread#1"                     [id=2628, stack(0x000000a691b00000,0x000000a691c00000) (1024K)]
  0x000002065695f790 WorkerThread "GC Thread#2"                     [id=13048, stack(0x000000a691c00000,0x000000a691d00000) (1024K)]
  0x0000020656ac8dc0 WorkerThread "GC Thread#3"                     [id=20560, stack(0x000000a691d00000,0x000000a691e00000) (1024K)]
  0x000002063a0fe1c0 ConcurrentGCThread "G1 Main Marker"            [id=10244, stack(0x000000a690700000,0x000000a690800000) (1024K)]
  0x000002063a0febc0 WorkerThread "G1 Conc#0"                       [id=1560, stack(0x000000a690800000,0x000000a690900000) (1024K)]
  0x0000020655f69500 ConcurrentGCThread "G1 Refine#0"               [id=10304, stack(0x000000a690900000,0x000000a690a00000) (1024K)]
  0x0000020655f69d70 ConcurrentGCThread "G1 Service"                [id=19256, stack(0x000000a690a00000,0x000000a690b00000) (1024K)]
Total: 10

Threads with active compile tasks:
C2 CompilerThread0    25627 9615       4       org.springframework.util.LinkedCaseInsensitiveMap::put (66 bytes)
Total: 1

VM state: not at safepoint (normal execution)

VM Mutex/Monitor currently owned by a thread: None

Heap address: 0x0000000083800000, size: 1992 MB, Compressed Oops mode: 32-bit

CDS archive(s) mapped at: [0x0000020657000000-0x0000020657c90000-0x0000020657c90000), size 13172736, SharedBaseAddress: 0x0000020657000000, ArchiveRelocationMode: 1.
Compressed class space mapped at: 0x0000020658000000-0x0000020698000000, reserved size: 1073741824
Narrow klass base: 0x0000020657000000, Narrow klass shift: 0, Narrow klass range: 0x100000000

GC Precious Log:
 CardTable entry size: 512
 Card Set container configuration: InlinePtr #cards 5 size 8 Array Of Cards #cards 12 size 40 Howl #buckets 4 coarsen threshold 1843 Howl Bitmap #cards 512 size 80 coarsen threshold 460 Card regions per heap region 1 cards per card region 2048
 CPUs: 4 total, 4 available
 Memory: 7965M
 Large Page Support: Disabled
 NUMA Support: Disabled
 Compressed Oops: Enabled (32-bit)
 Heap Region Size: 1M
 Heap Min Capacity: 8M
 Heap Initial Capacity: 126M
 Heap Max Capacity: 1992M
 Pre-touch: Disabled
 Parallel Workers: 4
 Concurrent Workers: 1
 Concurrent Refinement Workers: 4
 Periodic GC: Disabled

Heap:
 garbage-first heap   total 46080K, used 26497K [0x0000000083800000, 0x0000000100000000)
  region size 1024K, 6 young (6144K), 2 survivors (2048K)
 Metaspace       used 46212K, committed 46848K, reserved 1114112K
  class space    used 5277K, committed 5568K, reserved 1048576K

Heap Regions: E=young(eden), S=young(survivor), O=old, HS=humongous(starts), HC=humongous(continues), CS=collection set, F=free, TAMS=top-at-mark-start, PB=parsable bottom
|   0|0x0000000083800000, 0x0000000083900000, 0x0000000083900000|100%| O|  |TAMS 0x0000000083900000| PB 0x0000000083800000| Untracked 
|   1|0x0000000083900000, 0x0000000083a00000, 0x0000000083a00000|100%| O|  |TAMS 0x0000000083a00000| PB 0x0000000083900000| Untracked 
|   2|0x0000000083a00000, 0x0000000083b00000, 0x0000000083b00000|100%| O|  |TAMS 0x0000000083b00000| PB 0x0000000083a00000| Updating 
|   3|0x0000000083b00000, 0x0000000083c00000, 0x0000000083c00000|100%| O|  |TAMS 0x0000000083c00000| PB 0x0000000083b00000| Untracked 
|   4|0x0000000083c00000, 0x0000000083d00000, 0x0000000083d00000|100%| O|  |TAMS 0x0000000083d00000| PB 0x0000000083c00000| Untracked 
|   5|0x0000000083d00000, 0x0000000083e00000, 0x0000000083e00000|100%| O|  |TAMS 0x0000000083e00000| PB 0x0000000083d00000| Untracked 
|   6|0x0000000083e00000, 0x0000000083f00000, 0x0000000083f00000|100%| O|  |TAMS 0x0000000083f00000| PB 0x0000000083e00000| Updating 
|   7|0x0000000083f00000, 0x0000000084000000, 0x0000000084000000|100%| O|  |TAMS 0x0000000084000000| PB 0x0000000083f00000| Untracked 
|   8|0x0000000084000000, 0x0000000084100000, 0x0000000084100000|100%| O|  |TAMS 0x0000000084100000| PB 0x0000000084000000| Untracked 
|   9|0x0000000084100000, 0x0000000084200000, 0x0000000084200000|100%| O|  |TAMS 0x0000000084200000| PB 0x0000000084100000| Untracked 
|  10|0x0000000084200000, 0x0000000084300000, 0x0000000084300000|100%| O|  |TAMS 0x0000000084300000| PB 0x0000000084300000| Updating 
|  11|0x0000000084300000, 0x0000000084400000, 0x0000000084400000|100%| O|  |TAMS 0x0000000084400000| PB 0x0000000084400000| Untracked 
|  12|0x0000000084400000, 0x0000000084400000, 0x0000000084500000|  0%| F|  |TAMS 0x0000000084400000| PB 0x0000000084400000| Untracked 
|  13|0x0000000084500000, 0x0000000084600000, 0x0000000084600000|100%| O|  |TAMS 0x0000000084600000| PB 0x0000000084600000| Updating 
|  14|0x0000000084600000, 0x0000000084700000, 0x0000000084700000|100%| O|  |TAMS 0x0000000084700000| PB 0x0000000084700000| Updating 
|  15|0x0000000084700000, 0x0000000084800000, 0x0000000084800000|100%| O|  |TAMS 0x0000000084800000| PB 0x0000000084800000| Untracked 
|  16|0x0000000084800000, 0x0000000084800000, 0x0000000084900000|  0%| F|  |TAMS 0x0000000084800000| PB 0x0000000084800000| Untracked 
|  17|0x0000000084900000, 0x0000000084a00000, 0x0000000084a00000|100%| O|  |TAMS 0x0000000084a00000| PB 0x0000000084a00000| Untracked 
|  18|0x0000000084a00000, 0x0000000084b00000, 0x0000000084b00000|100%| O|  |TAMS 0x0000000084b00000| PB 0x0000000084b00000| Updating 
|  19|0x0000000084b00000, 0x0000000084c00000, 0x0000000084c00000|100%| O|  |TAMS 0x0000000084c00000| PB 0x0000000084c00000| Untracked 
|  20|0x0000000084c00000, 0x0000000084d00000, 0x0000000084d00000|100%| O|  |TAMS 0x0000000084d00000| PB 0x0000000084d00000| Updating 
|  21|0x0000000084d00000, 0x0000000084e00000, 0x0000000084e00000|100%| O|  |TAMS 0x0000000084e00000| PB 0x0000000084e00000| Updating 
|  22|0x0000000084e00000, 0x0000000084eedbf8, 0x0000000084f00000| 92%| O|  |TAMS 0x0000000084eb1e10| PB 0x0000000084eb1e10| Updating 
|  23|0x0000000084f00000, 0x0000000084f00000, 0x0000000085000000|  0%| F|  |TAMS 0x0000000084f00000| PB 0x0000000084f00000| Untracked 
|  24|0x0000000085000000, 0x00000000850f29d0, 0x0000000085100000| 94%| S|CS|TAMS 0x0000000085000000| PB 0x0000000085000000| Complete 
|  25|0x0000000085100000, 0x0000000085100000, 0x0000000085200000|  0%| F|  |TAMS 0x0000000085100000| PB 0x0000000085100000| Untracked 
|  26|0x0000000085200000, 0x0000000085200000, 0x0000000085300000|  0%| F|  |TAMS 0x0000000085200000| PB 0x0000000085200000| Untracked 
|  27|0x0000000085300000, 0x0000000085400000, 0x0000000085400000|100%| S|CS|TAMS 0x0000000085300000| PB 0x0000000085300000| Complete 
|  28|0x0000000085400000, 0x0000000085400000, 0x0000000085500000|  0%| F|  |TAMS 0x0000000085400000| PB 0x0000000085400000| Untracked 
|  29|0x0000000085500000, 0x0000000085500000, 0x0000000085600000|  0%| F|  |TAMS 0x0000000085500000| PB 0x0000000085500000| Untracked 
|  30|0x0000000085600000, 0x0000000085600000, 0x0000000085700000|  0%| F|  |TAMS 0x0000000085600000| PB 0x0000000085600000| Untracked 
|  31|0x0000000085700000, 0x0000000085700000, 0x0000000085800000|  0%| F|  |TAMS 0x0000000085700000| PB 0x0000000085700000| Untracked 
|  32|0x0000000085800000, 0x0000000085800000, 0x0000000085900000|  0%| F|  |TAMS 0x0000000085800000| PB 0x0000000085800000| Untracked 
|  33|0x0000000085900000, 0x0000000085900000, 0x0000000085a00000|  0%| F|  |TAMS 0x0000000085900000| PB 0x0000000085900000| Untracked 
|  34|0x0000000085a00000, 0x0000000085a00000, 0x0000000085b00000|  0%| F|  |TAMS 0x0000000085a00000| PB 0x0000000085a00000| Untracked 
|  35|0x0000000085b00000, 0x0000000085b00000, 0x0000000085c00000|  0%| F|  |TAMS 0x0000000085b00000| PB 0x0000000085b00000| Untracked 
|  36|0x0000000085c00000, 0x0000000085c00000, 0x0000000085d00000|  0%| F|  |TAMS 0x0000000085c00000| PB 0x0000000085c00000| Untracked 
|  71|0x0000000087f00000, 0x0000000087f00000, 0x0000000088000000|  0%| F|  |TAMS 0x0000000087f00000| PB 0x0000000087f00000| Untracked 
|  72|0x0000000088000000, 0x0000000088000000, 0x0000000088100000|  0%| F|  |TAMS 0x0000000088000000| PB 0x0000000088000000| Untracked 
|  73|0x0000000088100000, 0x0000000088100000, 0x0000000088200000|  0%| F|  |TAMS 0x0000000088100000| PB 0x0000000088100000| Untracked 
|  74|0x0000000088200000, 0x0000000088200000, 0x0000000088300000|  0%| F|  |TAMS 0x0000000088200000| PB 0x0000000088200000| Untracked 
|  75|0x0000000088300000, 0x00000000883224a0, 0x0000000088400000| 13%| E|  |TAMS 0x0000000088300000| PB 0x0000000088300000| Complete 
|  76|0x0000000088400000, 0x0000000088500000, 0x0000000088500000|100%| E|CS|TAMS 0x0000000088400000| PB 0x0000000088400000| Complete 
| 124|0x000000008b400000, 0x000000008b500000, 0x000000008b500000|100%| E|CS|TAMS 0x000000008b400000| PB 0x000000008b400000| Complete 
| 125|0x000000008b500000, 0x000000008b600000, 0x000000008b600000|100%| E|CS|TAMS 0x000000008b500000| PB 0x000000008b500000| Complete 

Card table byte_map: [0x0000020651900000,0x0000020651cf0000] _byte_map_base: 0x00000206514e4000

Marking Bits: (CMBitMap*) 0x000002063a0ed690
 Bits: [0x0000020651cf0000, 0x0000020653c10000)

Polling page: 0x0000020639860000

Metaspace:

Usage:
  Non-class:     39.97 MB used.
      Class:      5.15 MB used.
       Both:     45.13 MB used.

Virtual space:
  Non-class space:       64.00 MB reserved,      40.31 MB ( 63%) committed,  1 nodes.
      Class space:        1.00 GB reserved,       5.44 MB ( <1%) committed,  1 nodes.
             Both:        1.06 GB reserved,      45.75 MB (  4%) committed. 

Chunk freelists:
   Non-Class:  7.22 MB
       Class:  10.61 MB
        Both:  17.83 MB

MaxMetaspaceSize: unlimited
CompressedClassSpaceSize: 1.00 GB
Initial GC threshold: 21.00 MB
Current GC threshold: 76.19 MB
CDS: on
 - commit_granule_bytes: 65536.
 - commit_granule_words: 8192.
 - virtual_space_node_default_size: 8388608.
 - enlarge_chunks_in_place: 1.
 - use_allocation_guard: 0.


Internal statistics:

num_allocs_failed_limit: 6.
num_arena_births: 844.
num_arena_deaths: 30.
num_vsnodes_births: 2.
num_vsnodes_deaths: 0.
num_space_committed: 732.
num_space_uncommitted: 0.
num_chunks_returned_to_freelist: 49.
num_chunks_taken_from_freelist: 2302.
num_chunk_merges: 23.
num_chunk_splits: 1567.
num_chunks_enlarged: 1109.
num_inconsistent_stats: 0.

CodeHeap 'non-profiled nmethods': size=120000Kb used=5350Kb max_used=5356Kb free=114649Kb
 bounds [0x0000020649fe0000, 0x000002064a520000, 0x0000020651510000]
CodeHeap 'profiled nmethods': size=120000Kb used=17469Kb max_used=17995Kb free=102530Kb
 bounds [0x0000020642510000, 0x00000206436b0000, 0x0000020649a40000]
CodeHeap 'non-nmethods': size=5760Kb used=1617Kb max_used=1718Kb free=4143Kb
 bounds [0x0000020649a40000, 0x0000020649cb0000, 0x0000020649fe0000]
 total_blobs=8706 nmethods=8045 adapters=564
 compilation: enabled
              stopped_count=0, restarted_count=0
 full_count=0

Compilation events (20 events):
Event: 25.037 Thread 0x00000206560f70f0 nmethod 9605 0x000002064369e310 code [0x000002064369e680, 0x000002064369fd90]
Event: 25.037 Thread 0x00000206560f70f0 9604       3       java.net.Socket::setKeepAlive (31 bytes)
Event: 25.037 Thread 0x00000206560f70f0 nmethod 9604 0x00000206436a0590 code [0x00000206436a0780, 0x00000206436a0c28]
Event: 25.037 Thread 0x00000206560f70f0 9606       3       sun.security.ssl.SSLSessionContextImpl::get (39 bytes)
Event: 25.038 Thread 0x00000206560f70f0 nmethod 9606 0x00000206436a0d90 code [0x00000206436a1040, 0x00000206436a1ae8]
Event: 25.058 Thread 0x00000206560f70f0 9607       3       java.net.Socket::setTcpNoDelay (30 bytes)
Event: 25.058 Thread 0x00000206560f70f0 nmethod 9607 0x00000206436a1e90 code [0x00000206436a2080, 0x00000206436a2528]
Event: 25.058 Thread 0x00000206560f70f0 9608       3       sun.nio.ch.Net::connect (41 bytes)
Event: 25.058 Thread 0x00000206560f70f0 nmethod 9608 0x00000206436a2690 code [0x00000206436a2860, 0x00000206436a2bb0]
Event: 25.066 Thread 0x00000206560f6650 9610   !   4       sun.security.ssl.HandshakeHash$CloneableHash::digest (19 bytes)
Event: 25.075 Thread 0x00000206560f70f0 9611       3       sun.security.ssl.SessionTicketExtension$T12CHSessionTicketProducer::produce (149 bytes)
Event: 25.075 Thread 0x00000206560f70f0 nmethod 9611 0x00000206436a2d10 code [0x00000206436a2f00, 0x00000206436a3568]
Event: 25.083 Thread 0x00000206560f6650 nmethod 9610 0x000002064a519310 code [0x000002064a519520, 0x000002064a519db0]
Event: 25.090 Thread 0x00000206560f6650 9612       4       sun.security.ssl.SSLExtensions::consumeOnTrade (220 bytes)
Event: 25.094 Thread 0x00000206560f70f0 9614       3       java.util.Locale::hashCode (41 bytes)
Event: 25.095 Thread 0x00000206560f70f0 nmethod 9614 0x00000206436a3710 code [0x00000206436a38c0, 0x00000206436a3ad0]
Event: 25.102 Thread 0x00000206560f6650 nmethod 9612 0x000002064a51a390 code [0x000002064a51a560, 0x000002064a51aa40]
Event: 25.102 Thread 0x00000206560f6650 9613       4       java.io.BufferedOutputStream::implWrite (40 bytes)
Event: 25.103 Thread 0x00000206560f6650 nmethod 9613 0x000002064a51af10 code [0x000002064a51b0a0, 0x000002064a51b200]
Event: 25.104 Thread 0x00000206560f6650 9615       4       org.springframework.util.LinkedCaseInsensitiveMap::put (66 bytes)

GC Heap History (20 events):
Event: 20.134 GC heap before
{Heap before GC invocations=22 (full 0):
 garbage-first heap   total 45056K, used 38644K [0x0000000083800000, 0x0000000100000000)
  region size 1024K, 17 young (17408K), 2 survivors (2048K)
 Metaspace       used 45281K, committed 45952K, reserved 1114112K
  class space    used 5275K, committed 5568K, reserved 1048576K
}
Event: 20.142 GC heap after
{Heap after GC invocations=23 (full 0):
 garbage-first heap   total 45056K, used 23079K [0x0000000083800000, 0x0000000100000000)
  region size 1024K, 2 young (2048K), 2 survivors (2048K)
 Metaspace       used 45281K, committed 45952K, reserved 1114112K
  class space    used 5275K, committed 5568K, reserved 1048576K
}
Event: 20.981 GC heap before
{Heap before GC invocations=23 (full 0):
 garbage-first heap   total 45056K, used 38439K [0x0000000083800000, 0x0000000100000000)
  region size 1024K, 18 young (18432K), 2 survivors (2048K)
 Metaspace       used 45304K, committed 45952K, reserved 1114112K
  class space    used 5275K, committed 5568K, reserved 1048576K
}
Event: 20.986 GC heap after
{Heap after GC invocations=24 (full 0):
 garbage-first heap   total 45056K, used 23458K [0x0000000083800000, 0x0000000100000000)
  region size 1024K, 2 young (2048K), 2 survivors (2048K)
 Metaspace       used 45304K, committed 45952K, reserved 1114112K
  class space    used 5275K, committed 5568K, reserved 1048576K
}
Event: 21.535 GC heap before
{Heap before GC invocations=25 (full 0):
 garbage-first heap   total 45056K, used 38818K [0x0000000083800000, 0x0000000100000000)
  region size 1024K, 18 young (18432K), 2 survivors (2048K)
 Metaspace       used 45334K, committed 45952K, reserved 1114112K
  class space    used 5275K, committed 5568K, reserved 1048576K
}
Event: 21.537 GC heap after
{Heap after GC invocations=26 (full 0):
 garbage-first heap   total 45056K, used 23494K [0x0000000083800000, 0x0000000100000000)
  region size 1024K, 2 young (2048K), 2 survivors (2048K)
 Metaspace       used 45334K, committed 45952K, reserved 1114112K
  class space    used 5275K, committed 5568K, reserved 1048576K
}
Event: 22.078 GC heap before
{Heap before GC invocations=26 (full 0):
 garbage-first heap   total 45056K, used 37830K [0x0000000083800000, 0x0000000100000000)
  region size 1024K, 17 young (17408K), 2 survivors (2048K)
 Metaspace       used 46018K, committed 46656K, reserved 1114112K
  class space    used 5276K, committed 5568K, reserved 1048576K
}
Event: 22.080 GC heap after
{Heap after GC invocations=27 (full 0):
 garbage-first heap   total 45056K, used 23151K [0x0000000083800000, 0x0000000100000000)
  region size 1024K, 2 young (2048K), 2 survivors (2048K)
 Metaspace       used 46018K, committed 46656K, reserved 1114112K
  class space    used 5276K, committed 5568K, reserved 1048576K
}
Event: 22.686 GC heap before
{Heap before GC invocations=27 (full 0):
 garbage-first heap   total 45056K, used 38511K [0x0000000083800000, 0x0000000100000000)
  region size 1024K, 18 young (18432K), 2 survivors (2048K)
 Metaspace       used 46021K, committed 46656K, reserved 1114112K
  class space    used 5276K, committed 5568K, reserved 1048576K
}
Event: 22.691 GC heap after
{Heap after GC invocations=28 (full 0):
 garbage-first heap   total 45056K, used 23380K [0x0000000083800000, 0x0000000100000000)
  region size 1024K, 2 young (2048K), 2 survivors (2048K)
 Metaspace       used 46021K, committed 46656K, reserved 1114112K
  class space    used 5276K, committed 5568K, reserved 1048576K
}
Event: 23.299 GC heap before
{Heap before GC invocations=28 (full 0):
 garbage-first heap   total 45056K, used 39764K [0x0000000083800000, 0x0000000100000000)
  region size 1024K, 18 young (18432K), 2 survivors (2048K)
 Metaspace       used 46037K, committed 46656K, reserved 1114112K
  class space    used 5276K, committed 5568K, reserved 1048576K
}
Event: 23.301 GC heap after
{Heap after GC invocations=29 (full 0):
 garbage-first heap   total 45056K, used 23363K [0x0000000083800000, 0x0000000100000000)
  region size 1024K, 2 young (2048K), 2 survivors (2048K)
 Metaspace       used 46037K, committed 46656K, reserved 1114112K
  class space    used 5276K, committed 5568K, reserved 1048576K
}
Event: 23.704 GC heap before
{Heap before GC invocations=29 (full 0):
 garbage-first heap   total 45056K, used 37699K [0x0000000083800000, 0x0000000100000000)
  region size 1024K, 17 young (17408K), 2 survivors (2048K)
 Metaspace       used 46126K, committed 46784K, reserved 1114112K
  class space    used 5277K, committed 5568K, reserved 1048576K
}
Event: 23.706 GC heap after
{Heap after GC invocations=30 (full 0):
 garbage-first heap   total 45056K, used 23535K [0x0000000083800000, 0x0000000100000000)
  region size 1024K, 2 young (2048K), 2 survivors (2048K)
 Metaspace       used 46126K, committed 46784K, reserved 1114112K
  class space    used 5277K, committed 5568K, reserved 1048576K
}
Event: 24.087 GC heap before
{Heap before GC invocations=31 (full 0):
 garbage-first heap   total 46080K, used 37871K [0x0000000083800000, 0x0000000100000000)
  region size 1024K, 17 young (17408K), 2 survivors (2048K)
 Metaspace       used 46126K, committed 46784K, reserved 1114112K
  class space    used 5277K, committed 5568K, reserved 1048576K
}
Event: 24.089 GC heap after
{Heap after GC invocations=32 (full 0):
 garbage-first heap   total 46080K, used 23555K [0x0000000083800000, 0x0000000100000000)
  region size 1024K, 2 young (2048K), 2 survivors (2048K)
 Metaspace       used 46126K, committed 46784K, reserved 1114112K
  class space    used 5277K, committed 5568K, reserved 1048576K
}
Event: 24.398 GC heap before
{Heap before GC invocations=32 (full 0):
 garbage-first heap   total 46080K, used 38915K [0x0000000083800000, 0x0000000100000000)
  region size 1024K, 18 young (18432K), 2 survivors (2048K)
 Metaspace       used 46126K, committed 46784K, reserved 1114112K
  class space    used 5277K, committed 5568K, reserved 1048576K
}
Event: 24.402 GC heap after
{Heap after GC invocations=33 (full 0):
 garbage-first heap   total 46080K, used 22562K [0x0000000083800000, 0x0000000100000000)
  region size 1024K, 2 young (2048K), 2 survivors (2048K)
 Metaspace       used 46126K, committed 46784K, reserved 1114112K
  class space    used 5277K, committed 5568K, reserved 1048576K
}
Event: 24.989 GC heap before
{Heap before GC invocations=33 (full 0):
 garbage-first heap   total 46080K, used 38946K [0x0000000083800000, 0x0000000100000000)
  region size 1024K, 19 young (19456K), 2 survivors (2048K)
 Metaspace       used 46184K, committed 46848K, reserved 1114112K
  class space    used 5277K, committed 5568K, reserved 1048576K
}
Event: 24.991 GC heap after
{Heap after GC invocations=34 (full 0):
 garbage-first heap   total 46080K, used 22824K [0x0000000083800000, 0x0000000100000000)
  region size 1024K, 2 young (2048K), 2 survivors (2048K)
 Metaspace       used 46184K, committed 46848K, reserved 1114112K
  class space    used 5277K, committed 5568K, reserved 1048576K
}

Dll operation events (10 events):
Event: 0.018 Loaded shared library C:\Program Files\Java\jdk-21\bin\java.dll
Event: 0.115 Loaded shared library C:\Program Files\Java\jdk-21\bin\jsvml.dll
Event: 0.289 Loaded shared library C:\Program Files\Java\jdk-21\bin\jimage.dll
Event: 0.306 Loaded shared library C:\Program Files\Java\jdk-21\bin\net.dll
Event: 0.309 Loaded shared library C:\Program Files\Java\jdk-21\bin\nio.dll
Event: 0.316 Loaded shared library C:\Program Files\Java\jdk-21\bin\zip.dll
Event: 0.438 Loaded shared library C:\Program Files\Java\jdk-21\bin\management.dll
Event: 0.465 Loaded shared library C:\Program Files\Java\jdk-21\bin\management_ext.dll
Event: 1.255 Loaded shared library C:\Program Files\Java\jdk-21\bin\extnet.dll
Event: 4.356 Loaded shared library C:\Program Files\Java\jdk-21\bin\sunmscapi.dll

Deoptimization events (20 events):
Event: 22.967 Thread 0x000002069cef9950 Uncommon trap: trap_request=0xffffffde fr.pc=0x000002064a463520 relative=0x00000000000005c0
Event: 22.967 Thread 0x000002069cef9950 Uncommon trap: reason=class_check action=maybe_recompile pc=0x000002064a463520 method=java.util.HashMap.removeNode(ILjava/lang/Object;Ljava/lang/Object;ZZ)Ljava/util/HashMap$Node; @ 68 c2
Event: 22.967 Thread 0x000002069cef9950 DEOPT PACKING pc=0x000002064a463520 sp=0x000000a692cfef30
Event: 22.967 Thread 0x000002069cef9950 DEOPT UNPACKING pc=0x0000020649a946a2 sp=0x000000a692cfee68 mode 2
Event: 23.045 Thread 0x000002069cef9950 Uncommon trap: trap_request=0xffffffde fr.pc=0x000002064a463520 relative=0x00000000000005c0
Event: 23.045 Thread 0x000002069cef9950 Uncommon trap: reason=class_check action=maybe_recompile pc=0x000002064a463520 method=java.util.HashMap.removeNode(ILjava/lang/Object;Ljava/lang/Object;ZZ)Ljava/util/HashMap$Node; @ 68 c2
Event: 23.045 Thread 0x000002069cef9950 DEOPT PACKING pc=0x000002064a463520 sp=0x000000a692cfef30
Event: 23.045 Thread 0x000002069cef9950 DEOPT UNPACKING pc=0x0000020649a946a2 sp=0x000000a692cfee68 mode 2
Event: 23.045 Thread 0x000002069cef9950 Uncommon trap: trap_request=0xffffffde fr.pc=0x000002064a3e61c4 relative=0x00000000000005e4
Event: 23.045 Thread 0x000002069cef9950 Uncommon trap: reason=class_check action=maybe_recompile pc=0x000002064a3e61c4 method=java.util.HashMap.removeNode(ILjava/lang/Object;Ljava/lang/Object;ZZ)Ljava/util/HashMap$Node; @ 68 c2
Event: 23.045 Thread 0x000002069cef9950 DEOPT PACKING pc=0x000002064a3e61c4 sp=0x000000a692cfeea0
Event: 23.045 Thread 0x000002069cef9950 DEOPT UNPACKING pc=0x0000020649a946a2 sp=0x000000a692cfee68 mode 2
Event: 24.257 Thread 0x000002069cef7880 DEOPT PACKING pc=0x00000206434b8481 sp=0x000000a6922fafb0
Event: 24.257 Thread 0x000002069cef7880 DEOPT UNPACKING pc=0x0000020649a94e42 sp=0x000000a6922fa400 mode 0
Event: 24.690 Thread 0x000002069cefba20 Uncommon trap: trap_request=0xffffffde fr.pc=0x000002064a3f1a54 relative=0x0000000000005a94
Event: 24.690 Thread 0x000002069cefba20 Uncommon trap: reason=class_check action=maybe_recompile pc=0x000002064a3f1a54 method=org.springframework.util.ConcurrentLruCache.processRead(Lorg/springframework/util/ConcurrentLruCache$Node;)V @ 16 c2
Event: 24.690 Thread 0x000002069cefba20 DEOPT PACKING pc=0x000002064a3f1a54 sp=0x000000a6927fcae0
Event: 24.690 Thread 0x000002069cefba20 DEOPT UNPACKING pc=0x0000020649a946a2 sp=0x000000a6927fc8b0 mode 2
Event: 25.157 Thread 0x000002069cef71f0 DEOPT PACKING pc=0x0000020642b3ff23 sp=0x000000a692afb6b0
Event: 25.157 Thread 0x000002069cef71f0 DEOPT UNPACKING pc=0x0000020649a94e42 sp=0x000000a692afaba8 mode 0

Classes loaded (20 events):
Event: 11.550 Loading class sun/security/ssl/PostHandshakeContext
Event: 11.550 Loading class sun/security/ssl/PostHandshakeContext done
Event: 11.552 Loading class sun/security/ssl/NewSessionTicket$T13NewSessionTicketMessage
Event: 11.553 Loading class sun/security/ssl/NewSessionTicket$NewSessionTicketMessage
Event: 11.553 Loading class sun/security/ssl/NewSessionTicket$NewSessionTicketMessage done
Event: 11.553 Loading class sun/security/ssl/NewSessionTicket$T13NewSessionTicketMessage done
Event: 11.633 Loading class java/util/TimerTask
Event: 11.634 Loading class java/util/TimerTask done
Event: 11.674 Loading class sun/security/ssl/Alert
Event: 11.674 Loading class sun/security/ssl/Alert done
Event: 11.675 Loading class sun/security/ssl/Alert$AlertConsumer
Event: 11.675 Loading class sun/security/ssl/Alert$AlertConsumer done
Event: 11.676 Loading class sun/security/ssl/Alert$Level
Event: 11.676 Loading class sun/security/ssl/Alert$Level done
Event: 11.694 Loading class java/util/stream/LongStream
Event: 11.695 Loading class java/util/stream/LongStream done
Event: 11.695 Loading class java/util/stream/DoubleStream
Event: 11.697 Loading class java/util/stream/DoubleStream done
Event: 11.699 Loading class java/util/AbstractMap$SimpleEntry
Event: 11.700 Loading class java/util/AbstractMap$SimpleEntry done

Classes unloaded (15 events):
Event: 14.060 Thread 0x00000206560b77b0 Unloading class 0x0000020658490000 'java/lang/invoke/LambdaForm$MH+0x0000020658490000'
Event: 14.060 Thread 0x00000206560b77b0 Unloading class 0x000002065848fc00 'java/lang/invoke/LambdaForm$MH+0x000002065848fc00'
Event: 14.060 Thread 0x00000206560b77b0 Unloading class 0x000002065848f800 'java/lang/invoke/LambdaForm$MH+0x000002065848f800'
Event: 14.060 Thread 0x00000206560b77b0 Unloading class 0x000002065848f000 'java/lang/invoke/LambdaForm$MH+0x000002065848f000'
Event: 14.060 Thread 0x00000206560b77b0 Unloading class 0x000002065848f400 'java/lang/invoke/LambdaForm$MH+0x000002065848f400'
Event: 14.060 Thread 0x00000206560b77b0 Unloading class 0x000002065848e800 'java/lang/invoke/LambdaForm$MH+0x000002065848e800'
Event: 14.060 Thread 0x00000206560b77b0 Unloading class 0x000002065848e400 'java/lang/invoke/LambdaForm$MH+0x000002065848e400'
Event: 14.060 Thread 0x00000206560b77b0 Unloading class 0x000002065848e000 'java/lang/invoke/LambdaForm$MH+0x000002065848e000'
Event: 14.060 Thread 0x00000206560b77b0 Unloading class 0x000002065848dc00 'java/lang/invoke/LambdaForm$MH+0x000002065848dc00'
Event: 14.060 Thread 0x00000206560b77b0 Unloading class 0x000002065848d800 'java/lang/invoke/LambdaForm$MH+0x000002065848d800'
Event: 14.060 Thread 0x00000206560b77b0 Unloading class 0x000002065848d000 'java/lang/invoke/LambdaForm$MH+0x000002065848d000'
Event: 14.060 Thread 0x00000206560b77b0 Unloading class 0x000002065848cc00 'java/lang/invoke/LambdaForm$MH+0x000002065848cc00'
Event: 14.060 Thread 0x00000206560b77b0 Unloading class 0x000002065848c800 'java/lang/invoke/LambdaForm$MH+0x000002065848c800'
Event: 14.060 Thread 0x00000206560b77b0 Unloading class 0x000002065848c400 'java/lang/invoke/LambdaForm$MH+0x000002065848c400'
Event: 14.060 Thread 0x00000206560b77b0 Unloading class 0x000002065848c000 'java/lang/invoke/LambdaForm$MH+0x000002065848c000'

Classes redefined (0 events):
No events

Internal exceptions (20 events):
Event: 23.289 Thread 0x000002069cef8c30 Exception <a 'java/io/IOException'{0x00000000854e6690}> (0x00000000854e6690) 
thrown [s\open\src\hotspot\share\prims\jni.cpp, line 520]
Event: 23.607 Thread 0x000002069cef7880 Exception <a 'java/io/IOException'{0x000000008597c510}> (0x000000008597c510) 
thrown [s\open\src\hotspot\share\prims\jni.cpp, line 520]
Event: 23.668 Thread 0x000002069cefc0b0 Exception <a 'java/io/IOException'{0x0000000085748620}> (0x0000000085748620) 
thrown [s\open\src\hotspot\share\prims\jni.cpp, line 520]
Event: 23.724 Thread 0x000002069cef7880 Exception <a 'java/net/SocketException'{0x000000008b5e1588}: Connection reset by peer: shutdown> (0x000000008b5e1588) 
thrown [s\open\src\hotspot\share\prims\jni.cpp, line 539]
Event: 23.726 Thread 0x000002069cef8c30 Exception <a 'java/net/SocketException'{0x000000008b5f8630}: Connection reset by peer: shutdown> (0x000000008b5f8630) 
thrown [s\open\src\hotspot\share\prims\jni.cpp, line 539]
Event: 23.798 Thread 0x000002069cef5e40 Exception <a 'java/net/SocketException'{0x00000000883081f8}: Connection reset by peer: shutdown> (0x00000000883081f8) 
thrown [s\open\src\hotspot\share\prims\jni.cpp, line 539]
Event: 23.804 Thread 0x000002069cefba20 Exception <a 'java/io/IOException'{0x000000008b4bc1e8}> (0x000000008b4bc1e8) 
thrown [s\open\src\hotspot\share\prims\jni.cpp, line 520]
Event: 23.865 Thread 0x000002069cefc0b0 Exception <a 'java/io/IOException'{0x00000000882a90d0}> (0x00000000882a90d0) 
thrown [s\open\src\hotspot\share\prims\jni.cpp, line 520]
Event: 23.926 Thread 0x000002069cef7880 Exception <a 'java/io/IOException'{0x0000000087f55710}> (0x0000000087f55710) 
thrown [s\open\src\hotspot\share\prims\jni.cpp, line 520]
Event: 23.974 Thread 0x000002069cefba20 Exception <a 'java/io/IOException'{0x0000000085abbd90}> (0x0000000085abbd90) 
thrown [s\open\src\hotspot\share\prims\jni.cpp, line 520]
Event: 24.143 Thread 0x000002069cef7880 Exception <a 'java/net/SocketException'{0x00000000883d1930}: Connection reset by peer: shutdown> (0x00000000883d1930) 
thrown [s\open\src\hotspot\share\prims\jni.cpp, line 539]
Event: 24.467 Thread 0x000002069cef5e40 Exception <a 'java/io/IOException'{0x000000008b484118}> (0x000000008b484118) 
thrown [s\open\src\hotspot\share\prims\jni.cpp, line 520]
Event: 24.479 Thread 0x000002069cefb390 Exception <a 'java/io/IOException'{0x000000008b5e64c0}> (0x000000008b5e64c0) 
thrown [s\open\src\hotspot\share\prims\jni.cpp, line 520]
Event: 24.511 Thread 0x000002069cef7f10 Exception <a 'java/io/IOException'{0x000000008b455d70}> (0x000000008b455d70) 
thrown [s\open\src\hotspot\share\prims\jni.cpp, line 520]
Event: 24.577 Thread 0x000002069cefc0b0 Exception <a 'java/net/SocketException'{0x0000000088473f20}: Connection reset by peer: shutdown> (0x0000000088473f20) 
thrown [s\open\src\hotspot\share\prims\jni.cpp, line 539]
Event: 24.661 Thread 0x000002069cef92c0 Exception <a 'java/net/SocketException'{0x00000000880193e8}: Connection reset by peer: shutdown> (0x00000000880193e8) 
thrown [s\open\src\hotspot\share\prims\jni.cpp, line 539]
Event: 24.672 Thread 0x000002069cef7880 Exception <a 'java/io/IOException'{0x0000000088009a88}> (0x0000000088009a88) 
thrown [s\open\src\hotspot\share\prims\jni.cpp, line 520]
Event: 24.832 Thread 0x000002069cef92c0 Exception <a 'java/net/SocketException'{0x00000000859c7828}: Connection reset by peer: shutdown> (0x00000000859c7828) 
thrown [s\open\src\hotspot\share\prims\jni.cpp, line 539]
Event: 24.913 Thread 0x000002069cef7880 Exception <a 'java/io/IOException'{0x0000000085774be8}> (0x0000000085774be8) 
thrown [s\open\src\hotspot\share\prims\jni.cpp, line 520]
Event: 24.924 Thread 0x000002069cef5e40 Exception <a 'java/io/IOException'{0x00000000856e16f8}> (0x00000000856e16f8) 
thrown [s\open\src\hotspot\share\prims\jni.cpp, line 520]

ZGC Phase Switch (0 events):
No events

VM Operations (20 events):
Event: 21.535 Executing VM operation: G1CollectForAllocation (G1 Evacuation Pause)
Event: 21.539 Executing VM operation: G1CollectForAllocation (G1 Evacuation Pause) done
Event: 22.078 Executing VM operation: G1CollectForAllocation (G1 Evacuation Pause)
Event: 22.081 Executing VM operation: G1CollectForAllocation (G1 Evacuation Pause) done
Event: 22.686 Executing VM operation: G1CollectForAllocation (G1 Evacuation Pause)
Event: 22.691 Executing VM operation: G1CollectForAllocation (G1 Evacuation Pause) done
Event: 23.299 Executing VM operation: G1CollectForAllocation (G1 Evacuation Pause)
Event: 23.302 Executing VM operation: G1CollectForAllocation (G1 Evacuation Pause) done
Event: 23.704 Executing VM operation: G1CollectForAllocation (G1 Evacuation Pause)
Event: 23.706 Executing VM operation: G1CollectForAllocation (G1 Evacuation Pause) done
Event: 23.770 Executing VM operation: G1PauseRemark
Event: 23.779 Executing VM operation: G1PauseRemark done
Event: 23.810 Executing VM operation: G1PauseCleanup
Event: 23.810 Executing VM operation: G1PauseCleanup done
Event: 24.087 Executing VM operation: G1CollectForAllocation (G1 Evacuation Pause)
Event: 24.089 Executing VM operation: G1CollectForAllocation (G1 Evacuation Pause) done
Event: 24.398 Executing VM operation: G1CollectForAllocation (G1 Evacuation Pause)
Event: 24.402 Executing VM operation: G1CollectForAllocation (G1 Evacuation Pause) done
Event: 24.989 Executing VM operation: G1CollectForAllocation (G1 Evacuation Pause)
Event: 24.991 Executing VM operation: G1CollectForAllocation (G1 Evacuation Pause) done

Events (20 events):
Event: 23.778 Thread 0x00000206560b77b0 flushing nmethod 0x0000020642ee2910
Event: 23.778 Thread 0x00000206560b77b0 flushing nmethod 0x0000020642f0e990
Event: 23.778 Thread 0x00000206560b77b0 flushing nmethod 0x0000020642f0f710
Event: 23.778 Thread 0x00000206560b77b0 flushing nmethod 0x0000020642f11110
Event: 23.778 Thread 0x00000206560b77b0 flushing nmethod 0x0000020642f13290
Event: 23.778 Thread 0x00000206560b77b0 flushing nmethod 0x0000020642f13b90
Event: 23.778 Thread 0x00000206560b77b0 flushing nmethod 0x0000020642f14410
Event: 23.778 Thread 0x00000206560b77b0 flushing nmethod 0x0000020642f15810
Event: 23.778 Thread 0x00000206560b77b0 flushing nmethod 0x0000020642f3c310
Event: 23.778 Thread 0x00000206560b77b0 flushing nmethod 0x0000020642f3d390
Event: 23.778 Thread 0x00000206560b77b0 flushing nmethod 0x0000020642f43310
Event: 23.778 Thread 0x00000206560b77b0 flushing nmethod 0x0000020642f6bd90
Event: 23.778 Thread 0x00000206560b77b0 flushing nmethod 0x0000020642f74710
Event: 23.778 Thread 0x00000206560b77b0 flushing nmethod 0x0000020642f95510
Event: 23.778 Thread 0x00000206560b77b0 flushing nmethod 0x0000020642f96010
Event: 23.778 Thread 0x00000206560b77b0 flushing nmethod 0x000002064302e610
Event: 23.778 Thread 0x00000206560b77b0 flushing nmethod 0x0000020643088990
Event: 23.778 Thread 0x00000206560b77b0 flushing nmethod 0x000002064311c390
Event: 24.886 Thread 0x000002065688d460 Thread added: 0x000002065688d460
Event: 25.016 Thread 0x000002065688d460 Thread exited: 0x000002065688d460


Dynamic libraries:
0x00007ff6efaf0000 - 0x00007ff6efb00000 	C:\Program Files\Java\jdk-21\bin\java.exe
0x00007ffeb78f0000 - 0x00007ffeb7ae8000 	C:\Windows\SYSTEM32\ntdll.dll
0x00007ffeb6a70000 - 0x00007ffeb6b32000 	C:\Windows\System32\KERNEL32.DLL
0x00007ffeb5320000 - 0x00007ffeb5616000 	C:\Windows\System32\KERNELBASE.dll
0x00007ffeb5190000 - 0x00007ffeb5290000 	C:\Windows\System32\ucrtbase.dll
0x00007ffeb09c0000 - 0x00007ffeb09d9000 	C:\Program Files\Java\jdk-21\bin\jli.dll
0x00007ffe92ca0000 - 0x00007ffe92cbb000 	C:\Program Files\Java\jdk-21\bin\VCRUNTIME140.dll
0x00007ffeb7540000 - 0x00007ffeb75f1000 	C:\Windows\System32\ADVAPI32.dll
0x00007ffeb7810000 - 0x00007ffeb78ae000 	C:\Windows\System32\msvcrt.dll
0x00007ffeb7700000 - 0x00007ffeb779f000 	C:\Windows\System32\sechost.dll
0x00007ffeb6d10000 - 0x00007ffeb6e30000 	C:\Windows\System32\RPCRT4.dll
0x00007ffeb58f0000 - 0x00007ffeb5917000 	C:\Windows\System32\bcrypt.dll
0x00007ffeb66c0000 - 0x00007ffeb685d000 	C:\Windows\System32\USER32.dll
0x00007ffeb5160000 - 0x00007ffeb5182000 	C:\Windows\System32\win32u.dll
0x00007ffeb6860000 - 0x00007ffeb688b000 	C:\Windows\System32\GDI32.dll
0x00007ffea96e0000 - 0x00007ffea997b000 	C:\Windows\WinSxS\amd64_microsoft.windows.common-controls_6595b64144ccf1df_6.0.19041.6280_none_60bc30a171f2f3f3\COMCTL32.dll
0x00007ffeb4f90000 - 0x00007ffeb50a9000 	C:\Windows\System32\gdi32full.dll
0x00007ffeb5850000 - 0x00007ffeb58ed000 	C:\Windows\System32\msvcp_win.dll
0x00007ffeaf310000 - 0x00007ffeaf31a000 	C:\Windows\SYSTEM32\VERSION.dll
0x00007ffeb6690000 - 0x00007ffeb66bf000 	C:\Windows\System32\IMM32.DLL
0x00007ffeaf270000 - 0x00007ffeaf27c000 	C:\Program Files\Java\jdk-21\bin\vcruntime140_1.dll
0x00007ffe91c90000 - 0x00007ffe91d1e000 	C:\Program Files\Java\jdk-21\bin\msvcp140.dll
0x00007ffe63760000 - 0x00007ffe64473000 	C:\Program Files\Java\jdk-21\bin\server\jvm.dll
0x00007ffeb6620000 - 0x00007ffeb668b000 	C:\Windows\System32\WS2_32.dll
0x00007ffeb44d0000 - 0x00007ffeb451b000 	C:\Windows\SYSTEM32\POWRPROF.dll
0x00007ffea7580000 - 0x00007ffea75a7000 	C:\Windows\SYSTEM32\WINMM.dll
0x00007ffeb4390000 - 0x00007ffeb43a2000 	C:\Windows\SYSTEM32\UMPDC.dll
0x00007ffeb3800000 - 0x00007ffeb3812000 	C:\Windows\SYSTEM32\kernel.appcore.dll
0x00007ffeadc30000 - 0x00007ffeadc3a000 	C:\Program Files\Java\jdk-21\bin\jimage.dll
0x00007ffeb3490000 - 0x00007ffeb3691000 	C:\Windows\SYSTEM32\DBGHELP.DLL
0x00007ffeab3b0000 - 0x00007ffeab3e4000 	C:\Windows\SYSTEM32\dbgcore.DLL
0x00007ffeb5290000 - 0x00007ffeb5312000 	C:\Windows\System32\bcryptPrimitives.dll
0x00007ffe92b00000 - 0x00007ffe92b1f000 	C:\Program Files\Java\jdk-21\bin\java.dll
0x00007ffeb5a70000 - 0x00007ffeb61e0000 	C:\Windows\System32\SHELL32.dll
0x00007ffeb2ce0000 - 0x00007ffeb3485000 	C:\Windows\SYSTEM32\windows.storage.dll
0x00007ffeb61e0000 - 0x00007ffeb6533000 	C:\Windows\System32\combase.dll
0x00007ffeb49c0000 - 0x00007ffeb49eb000 	C:\Windows\SYSTEM32\Wldp.dll
0x00007ffeb6ee0000 - 0x00007ffeb6fad000 	C:\Windows\System32\OLEAUT32.dll
0x00007ffeb6e30000 - 0x00007ffeb6edd000 	C:\Windows\System32\SHCORE.dll
0x00007ffeb5980000 - 0x00007ffeb59db000 	C:\Windows\System32\shlwapi.dll
0x00007ffeb4ec0000 - 0x00007ffeb4ee4000 	C:\Windows\SYSTEM32\profapi.dll
0x00007ffe90350000 - 0x00007ffe90427000 	C:\Program Files\Java\jdk-21\bin\jsvml.dll
0x00007ffeadbd0000 - 0x00007ffeadbe0000 	C:\Program Files\Java\jdk-21\bin\net.dll
0x00007ffeabd50000 - 0x00007ffeabe5a000 	C:\Windows\SYSTEM32\WINHTTP.dll
0x00007ffeb4720000 - 0x00007ffeb478a000 	C:\Windows\system32\mswsock.dll
0x00007ffe92400000 - 0x00007ffe92416000 	C:\Program Files\Java\jdk-21\bin\nio.dll
0x00007ffe92370000 - 0x00007ffe92388000 	C:\Program Files\Java\jdk-21\bin\zip.dll
0x00007ffeb0a00000 - 0x00007ffeb0a0a000 	C:\Program Files\Java\jdk-21\bin\management.dll
0x00007ffeb09e0000 - 0x00007ffeb09eb000 	C:\Program Files\Java\jdk-21\bin\management_ext.dll
0x00007ffeb7800000 - 0x00007ffeb7808000 	C:\Windows\System32\PSAPI.DLL
0x00007ffe955b0000 - 0x00007ffe955c7000 	C:\Windows\system32\napinsp.dll
0x00007ffe95590000 - 0x00007ffe955ab000 	C:\Windows\system32\pnrpnsp.dll
0x00007ffeb1400000 - 0x00007ffeb141d000 	C:\Windows\system32\wshbth.dll
0x00007ffead9a0000 - 0x00007ffead9bd000 	C:\Windows\system32\NLAapi.dll
0x00007ffeb43b0000 - 0x00007ffeb43eb000 	C:\Windows\SYSTEM32\IPHLPAPI.DLL
0x00007ffeb4400000 - 0x00007ffeb44ca000 	C:\Windows\SYSTEM32\DNSAPI.dll
0x00007ffeb6b40000 - 0x00007ffeb6b48000 	C:\Windows\System32\NSI.dll
0x00007ffe95570000 - 0x00007ffe95582000 	C:\Windows\System32\winrnr.dll
0x00007ffeacaa0000 - 0x00007ffeacaaa000 	C:\Windows\System32\rasadhlp.dll
0x00007ffeaa790000 - 0x00007ffeaa810000 	C:\Windows\System32\fwpuclnt.dll
0x00007ffeb4920000 - 0x00007ffeb4938000 	C:\Windows\SYSTEM32\CRYPTSP.dll
0x00007ffeb3fd0000 - 0x00007ffeb4008000 	C:\Windows\system32\rsaenh.dll
0x00007ffeb4e40000 - 0x00007ffeb4e6e000 	C:\Windows\SYSTEM32\USERENV.dll
0x00007ffeb4910000 - 0x00007ffeb491c000 	C:\Windows\SYSTEM32\CRYPTBASE.dll
0x00007ffeab250000 - 0x00007ffeab259000 	C:\Program Files\Java\jdk-21\bin\extnet.dll
0x00007ffeb1db0000 - 0x00007ffeb1dbe000 	C:\Program Files\Java\jdk-21\bin\sunmscapi.dll
0x00007ffeb5620000 - 0x00007ffeb577d000 	C:\Windows\System32\CRYPT32.dll
0x00007ffeb4a30000 - 0x00007ffeb4a57000 	C:\Windows\SYSTEM32\ncrypt.dll
0x00007ffeb49f0000 - 0x00007ffeb4a2b000 	C:\Windows\SYSTEM32\NTASN1.dll
0x00007ffeb09f0000 - 0x00007ffeb09f7000 	C:\Windows\system32\wshunix.dll

dbghelp: loaded successfully - version: 4.0.5 - missing functions: none
symbol engine: initialized successfully - sym options: 0x614 - pdb path: .;C:\Program Files\Java\jdk-21\bin;C:\Windows\SYSTEM32;C:\Windows\WinSxS\amd64_microsoft.windows.common-controls_6595b64144ccf1df_6.0.19041.6280_none_60bc30a171f2f3f3;C:\Program Files\Java\jdk-21\bin\server

VM Arguments:
jvm_args: -Dcom.sun.management.jmxremote -Dcom.sun.management.jmxremote.port=51007 -Dcom.sun.management.jmxremote.authenticate=false -Dcom.sun.management.jmxremote.ssl=false -Dspring.jmx.enabled=true -Djava.rmi.server.hostname=localhost -Dspring.application.admin.enabled=true -Dspring.boot.project.name=backend -XX:+ShowCodeDetailsInExceptionMessages 
java_command: com.example.backend.BackendApplication
java_class_path (initial): H:\Tamara\cetvrtaGodina\PIA\PROJEKAT\backend\backend_SpringBoot\target\classes;C:\Users\Tamara\.m2\repository\org\springframework\boot\spring-boot-starter-web\3.3.4\spring-boot-starter-web-3.3.4.jar;C:\Users\Tamara\.m2\repository\org\springframework\boot\spring-boot-starter\3.3.4\spring-boot-starter-3.3.4.jar;C:\Users\Tamara\.m2\repository\org\springframework\boot\spring-boot\3.3.4\spring-boot-3.3.4.jar;C:\Users\Tamara\.m2\repository\org\springframework\boot\spring-boot-autoconfigure\3.3.4\spring-boot-autoconfigure-3.3.4.jar;C:\Users\Tamara\.m2\repository\org\springframework\boot\spring-boot-starter-logging\3.3.4\spring-boot-starter-logging-3.3.4.jar;C:\Users\Tamara\.m2\repository\ch\qos\logback\logback-classic\1.5.8\logback-classic-1.5.8.jar;C:\Users\Tamara\.m2\repository\ch\qos\logback\logback-core\1.5.8\logback-core-1.5.8.jar;C:\Users\Tamara\.m2\repository\org\apache\logging\log4j\log4j-to-slf4j\2.23.1\log4j-to-slf4j-2.23.1.jar;C:\Users\Tamara\.m2\repository\org\apache\logging\log4j\log4j-api\2.23.1\log4j-api-2.23.1.jar;C:\Users\Tamara\.m2\repository\org\slf4j\jul-to-slf4j\2.0.16\jul-to-slf4j-2.0.16.jar;C:\Users\Tamara\.m2\repository\jakarta\annotation\jakarta.annotation-api\2.1.1\jakarta.annotation-api-2.1.1.jar;C:\Users\Tamara\.m2\repository\org\yaml\snakeyaml\2.2\snakeyaml-2.2.jar;C:\Users\Tamara\.m2\repository\org\springframework\boot\spring-boot-starter-json\3.3.4\spring-boot-starter-json-3.3.4.jar;C:\Users\Tamara\.m2\repository\com\fasterxml\jackson\core\jackson-databind\2.17.2\jackson-databind-2.17.2.jar;C:\Users\Tamara\.m2\repository\com\fasterxml\jackson\core\jackson-annotations\2.17.2\jackson-annotations-2.17.2.jar;C:\Users\Tamara\.m2\repository\com\fasterxml\jackson\core\jackson-core\2.17.2\jackson-core-2.17.2.jar;C:\Users\Tamara\.m2\repository\com\fasterxml\jackson\datatype\jackson-datatype-jdk8\2.17.2\jackson-datatype-jdk8-2.17.2.jar;C:\Users\Tamara\.m2\repository\com\fasterxml\jackson\datatype\jackson-datatype-jsr310\2.17.2\jackson-datatype-jsr310-2.17.2.jar;C:\Users\Tamara\.m2\repository\com\fasterxml\jackson\module\jackson-module-parameter-names\2.17.2\jackson-module-parameter-names-2.17.2.jar;C:\Users\Tamara\.m2\repository\org\springframework\boot\spring-boot-starter-tomcat\3.3.4\spring-boot-starter-tomcat-3.3.4.jar;C:\Users\Tamara\.m2\repository\org\apache\tomcat\embed\tomcat-embed-core\10.1.30\tomcat-embed-core-10.1.30.jar;C:\Users\Tamara\.m2\repository\org\apache\tomcat\embed\tomcat-embed-el\10.1.30\tomcat-embed-el-10.1.30.jar;C:\Users\Tamara\.m2\repository\org\apache\tomcat\embed\tomcat-embed-websocket\10.1.30\tomcat-embed-websocket-10.1.30.jar;C:\Users\Tamara\.m2\repository\org\springframework\spring-web\6.1.13\spring-web-6.1.13.jar;C:\Users\Tamara\.m2\repository\org\springframework\spring-beans\6.1.13\spring-beans-6.1.13.jar;C:\Users\Tamara\.m2\repository\io\micrometer\micrometer-observation\1.13.4\micrometer-observation-1.13.4.jar;C:\Users\Tamara\.m2\repository\io\micrometer\micrometer-commons\1.13.4\micrometer-commons-1.13.4.jar;C:\Users\Tamara\.m2\repository\org\springframework\spring-webmvc\6.1.13\spring-webmvc-6.1.13.jar;C:\Users\Tamara\.m2\repository\org\springframework\spring-aop\6.1.13\spring-aop-6.1.13.jar;C:\Users\Tamara\.m2\repository\org\springframework\spring-context\6.1.13\spring-context-6.1.13.jar;C:\Users\Tamara\.m2\repository\org\springframework\spring-expression\6.1.13\spring-expression-6.1.13.jar;C:\Users\Tamara\.m2\repository\org\slf4j\slf4j-api\2.0.16\slf4j-api-2.0.16.jar;C:\Users\Tamara\.m2\repository\org\springframework\spring-core\6.1.13\spring-core-6.1.13.jar;C:\Users\Tamara\.m2\repository\org\springframework\spring-jcl\6.1.13\spring-jcl-6.1.13.jar;C:\Users\Tamara\.m2\repository\com\mysql\mysql-connector-j\8.0.33\mysql-connector-j-8.0.33.jar;C:\Users\Tamara\.m2\repository\org\springframework\boot\spring-boot-starter-jdbc\3.3.4\spring-boot-starter-jdbc-3.3.4.jar;C:\Users\Tamara\.m2\repository\com\zaxxer\HikariCP\5.1.0\HikariCP-5.1.0.jar;C:\Users\Tamara\.m2\repository\org\springframework\spring-jdbc\6.1.13\spring-jdbc-6.1.13.jar;C:\Users\Tamara\.m2\repository\org\springframework\spring-tx\6.1.13\spring-tx-6.1.13.jar
Launcher Type: SUN_STANDARD

[Global flags]
     intx CICompilerCount                          = 3                                         {product} {ergonomic}
     uint ConcGCThreads                            = 1                                         {product} {ergonomic}
     uint G1ConcRefinementThreads                  = 4                                         {product} {ergonomic}
   size_t G1HeapRegionSize                         = 1048576                                   {product} {ergonomic}
    uintx GCDrainStackTargetSize                   = 64                                        {product} {ergonomic}
   size_t InitialHeapSize                          = 132120576                                 {product} {ergonomic}
     bool ManagementServer                         = true                                      {product} {command line}
   size_t MarkStackSize                            = 4194304                                   {product} {ergonomic}
   size_t MaxHeapSize                              = 2088763392                                {product} {ergonomic}
   size_t MaxNewSize                               = 1253048320                                {product} {ergonomic}
   size_t MinHeapDeltaBytes                        = 1048576                                   {product} {ergonomic}
   size_t MinHeapSize                              = 8388608                                   {product} {ergonomic}
    uintx NonNMethodCodeHeapSize                   = 5832780                                {pd product} {ergonomic}
    uintx NonProfiledCodeHeapSize                  = 122912730                              {pd product} {ergonomic}
    uintx ProfiledCodeHeapSize                     = 122912730                              {pd product} {ergonomic}
    uintx ReservedCodeCacheSize                    = 251658240                              {pd product} {ergonomic}
     bool SegmentedCodeCache                       = true                                      {product} {ergonomic}
     bool ShowCodeDetailsInExceptionMessages       = true                                   {manageable} {command line}
   size_t SoftMaxHeapSize                          = 2088763392                             {manageable} {ergonomic}
     bool UseCompressedOops                        = true                           {product lp64_product} {ergonomic}
     bool UseG1GC                                  = true                                      {product} {ergonomic}
     bool UseLargePagesIndividualAllocation        = false                                  {pd product} {ergonomic}

Logging:
Log output configuration:
 #0: stdout all=warning uptime,level,tags foldmultilines=false
 #1: stderr all=off uptime,level,tags foldmultilines=false

Environment Variables:
JAVA_HOME=C:\Program Files\Java\jdk-21
PATH=C:\Program Files\Common Files\Oracle\Java\javapath;C:\Program Files (x86)\Common Files\Oracle\Java\java8path;C:\Program Files (x86)\Common Files\Oracle\Java\javapath;C:\Program Files\OpenLogic\jdk-17.0.11.9-hotspot\bin;C:\Program Files (x86)\VMware\VMware Player\bin\;C:\Windows\system32;C:\Windows;C:\Windows\System32\Wbem;C:\Windows\System32\WindowsPowerShell\v1.0\;C:\Windows\System32\OpenSSH\;C:\Program Files\Git\cmd;C:\Program Files (x86)\Microsoft SQL Server\160\Tools\Binn\;C:\Program Files\Microsoft SQL Server\160\Tools\Binn\;C:\Program Files\Microsoft SQL Server\Client SDK\ODBC\170\Tools\Binn\;C:\Program Files\Microsoft SQL Server\160\DTS\Binn\;C:\Program Files (x86)\Microsoft SQL Server\160\DTS\Binn\;C:\ProgramData\chocolatey\bin;C:\Program Files\nodejs\;C:\Program Files (x86)\Microsoft SQL Server\110\Tools\Binn\;C:\Program Files (x86)\Microsoft SQL Server\110\DTS\Binn\;C:\Program Files\apache-ant-1.10.15\bin;C:\Users\Tamara\AppData\Local\Programs\Python\Python312\Lib\site-packages;C:\Users\Tamara\AppData\Local\Programs\Python\Python312\Scripts;C:\Users\Tamara\AppData\Local\Programs\Python\Python312;C:\Users\Tamara\AppData\Local\Microsoft\WindowsApps;C:\Users\Tamara\AppData\Local\Programs\Microsoft VS Code\bin;C:\Users\Tamara\AppData\Roaming\npm
USERNAME=Tamara
LANG=en_US.UTF-8
OS=Windows_NT
PROCESSOR_IDENTIFIER=Intel64 Family 6 Model 142 Stepping 9, GenuineIntel
TMP=C:\Users\Tamara\AppData\Local\Temp
TEMP=C:\Users\Tamara\AppData\Local\Temp




Periodic native trim disabled

---------------  S Y S T E M  ---------------

OS:
 Windows 10 , 64 bit Build 19041 (10.0.19041.5915)
OS uptime: 10 days 2:27 hours

CPU: total 4 (initial active 4) (2 cores per cpu, 2 threads per core) family 6 model 142 stepping 9 microcode 0xb4, cx8, cmov, fxsr, ht, mmx, 3dnowpref, sse, sse2, sse3, ssse3, sse4.1, sse4.2, popcnt, lzcnt, tsc, tscinvbit, avx, avx2, aes, erms, clmul, bmi1, bmi2, adx, fma, vzeroupper, clflush, clflushopt, rdtscp, f16c
Processor Information for processor 0
  Max Mhz: 2701, Current Mhz: 1500, Mhz Limit: 2701
Processor Information for processor 1
  Max Mhz: 2701, Current Mhz: 2701, Mhz Limit: 2701
Processor Information for processor 2
  Max Mhz: 2701, Current Mhz: 2701, Mhz Limit: 2701
Processor Information for processor 3
  Max Mhz: 2701, Current Mhz: 2701, Mhz Limit: 2701

Memory: 4k page, system-wide physical 7965M (589M free)
TotalPageFile size 32541M (AvailPageFile size 6M)
current process WorkingSet (physical memory assigned to process): 204M, peak: 217M
current process commit charge ("private bytes"): 233M, peak: 252M

vm_info: Java HotSpot(TM) 64-Bit Server VM (21.0.4+8-LTS-274) for windows-amd64 JRE (21.0.4+8-LTS-274), built on 2024-06-05T05:23:33Z by "mach5one" with MS VC++ 17.6 (VS2022)

END.
